Drill report for /home/suku/Documents/grid-hardware/Electrical/Design/EF44/EF44/EF44.kicad_pcb
Created on 2021. okt. 27., szerda, 13:30:14 CEST

Copper Layer Stackup:
    =============================================================
    L1 :  F.Cu                      front
    L2 :  In1.Cu                    in1
    L3 :  In2.Cu                    in2
    L4 :  B.Cu                      back


Drill file 'EF44.drl' contains
    plated through holes:
    =============================================================
    T1  0,30mm  0,012"  (181 holes)
    T2  0,50mm  0,020"  (72 holes)  (with 68 slots)
    T3  0,60mm  0,024"  (16 holes)  (with 16 slots)
    T4  0,65mm  0,026"  (10 holes)
    T5  0,75mm  0,030"  (2 holes)
    T6  1,00mm  0,039"  (36 holes)
    T7  1,30mm  0,051"  (12 holes)
    T8  2,20mm  0,087"  (8 holes)

    Total plated holes count 337


Not plated through holes are merged with plated holes
    unplated through holes:
    =============================================================
    T9  0,65mm  0,026"  (2 holes)

    Total unplated holes count 2
