WARNING:(W144) Using filters from the `filters` preflight, move them to `erc` (kibot.pre_erc - pre_erc.py:38)
WARNING:(W142) 17 ERC warnings detected (kibot.pre_erc - pre_erc.py:146)
WARNING:(W142) (lib_symbol_mismatch) Symbol 'GND' doesn't match copy in library 'power'
    @(0.508 mm, 0.8128 mm): Symbol #PWR0501 [GND]
    Sheet: / (kibot.pre_erc - pre_erc.py:146)
WARNING:(W142) (lib_symbol_mismatch) Symbol 'GND' doesn't match copy in library 'power'
    @(0.762 mm, 0.8128 mm): Symbol #PWR0502 [GND]
    Sheet: / (kibot.pre_erc - pre_erc.py:146)
WARNING:(W142) (lib_symbol_mismatch) Symbol 'GND' doesn't match copy in library 'power'
    @(1.016 mm, 0.8128 mm): Symbol #PWR0503 [GND]
    Sheet: / (kibot.pre_erc - pre_erc.py:146)
WARNING:(W142) (lib_symbol_mismatch) Symbol 'GND' doesn't match copy in library 'power'
    @(0.508 mm, 1.3208 mm): Symbol #PWR0505 [GND]
    Sheet: / (kibot.pre_erc - pre_erc.py:146)
WARNING:(W142) (lib_symbol_mismatch) Symbol 'GND' doesn't match copy in library 'power'
    @(1.27 mm, 0.8128 mm): Symbol #PWR0504 [GND]
    Sheet: / (kibot.pre_erc - pre_erc.py:146)
WARNING:(W142) (lib_symbol_mismatch) Symbol 'GND' doesn't match copy in library 'power'
    @(0.762 mm, 1.3208 mm): Symbol #PWR0506 [GND]
    Sheet: / (kibot.pre_erc - pre_erc.py:146)
WARNING:(W142) (lib_symbol_mismatch) Symbol 'GND' doesn't match copy in library 'power'
    @(1.016 mm, 1.3208 mm): Symbol #PWR0507 [GND]
    Sheet: / (kibot.pre_erc - pre_erc.py:146)
WARNING:(W142) (lib_symbol_mismatch) Symbol 'GND' doesn't match copy in library 'power'
    @(1.27 mm, 1.3208 mm): Symbol #PWR0508 [GND]
    Sheet: / (kibot.pre_erc - pre_erc.py:146)
WARNING:(W142) (lib_symbol_mismatch) Symbol 'GND' doesn't match copy in library 'power'
    @(0.508 mm, 1.8288 mm): Symbol #PWR0509 [GND]
    Sheet: / (kibot.pre_erc - pre_erc.py:146)
WARNING:(W142) (lib_symbol_mismatch) Symbol 'GND' doesn't match copy in library 'power'
    @(0.762 mm, 1.8288 mm): Symbol #PWR0510 [GND]
    Sheet: / (kibot.pre_erc - pre_erc.py:146)
WARNING:(W142) (lib_symbol_mismatch) Symbol 'GND' doesn't match copy in library 'power'
    @(1.016 mm, 1.8288 mm): Symbol #PWR0511 [GND]
    Sheet: / (kibot.pre_erc - pre_erc.py:146)
WARNING:(W142) (lib_symbol_mismatch) Symbol 'GND' doesn't match copy in library 'power'
    @(1.27 mm, 1.8288 mm): Symbol #PWR0512 [GND]
    Sheet: / (kibot.pre_erc - pre_erc.py:146)
WARNING:(W142) (lib_symbol_mismatch) Symbol 'GND' doesn't match copy in library 'power'
    @(0.508 mm, 2.3368 mm): Symbol #PWR0513 [GND]
    Sheet: / (kibot.pre_erc - pre_erc.py:146)
WARNING:(W142) (lib_symbol_mismatch) Symbol 'GND' doesn't match copy in library 'power'
    @(0.762 mm, 2.3368 mm): Symbol #PWR0514 [GND]
    Sheet: / (kibot.pre_erc - pre_erc.py:146)
WARNING:(W142) (lib_symbol_mismatch) Symbol 'GND' doesn't match copy in library 'power'
    @(1.016 mm, 2.3368 mm): Symbol #PWR0515 [GND]
    Sheet: / (kibot.pre_erc - pre_erc.py:146)
WARNING:(W142) (lib_symbol_mismatch) Symbol 'GND' doesn't match copy in library 'power'
    @(1.27 mm, 2.3368 mm): Symbol #PWR0516 [GND]
    Sheet: / (kibot.pre_erc - pre_erc.py:146)
WARNING:(W142) (lib_symbol_mismatch) Symbol 'GND' doesn't match copy in library 'power'
    @(1.778 mm, 2.3114 mm): Symbol #PWR0517 [GND]
    Sheet: / (kibot.pre_erc - pre_erc.py:146)
WARNING:(W144) Using filters from the `filters` preflight, move them to `drc` (kibot.pre_drc - pre_drc.py:41)
WARNING:(W143) The `pdf_pcb_print` and `svg_pcb_print` outputs are deprecated, use `pcb_print` instead (kibot - out_any_pcb_print.py:72)
WARNING:(W143) The `pdf_pcb_print` and `svg_pcb_print` outputs are deprecated, use `pcb_print` instead (kibot - out_any_pcb_print.py:72)
WARNING:(W049) Layer "Inner layer 1" (In1_Cu) isn't used (kibot - out_any_layer.py:195)
WARNING:(W049) Layer "Inner layer 2" (In2_Cu) isn't used (kibot - out_any_layer.py:195)
WARNING:(W049) Layer "Inner layer 3" (In3_Cu) isn't used (kibot - out_any_layer.py:195)
WARNING:(W049) Layer "Inner layer 4" (In4_Cu) isn't used (kibot - out_any_layer.py:195)
WARNING:(W049) Layer "Inner layer 5" (In5_Cu) isn't used (kibot - out_any_layer.py:195)
WARNING:(W049) Layer "Inner layer 6" (In6_Cu) isn't used (kibot - out_any_layer.py:195)
WARNING:(W143) This output depends on KiCad version, use `blender_export` instead (kibot - out_render_3d.py:307)
WARNING:(W143) This output depends on KiCad version, use `blender_export` instead (kibot - out_render_3d.py:307)
WARNING:(W143) For KiCad 9 use the `export_3d` output instead of `step` (kibot - out_step.py:55)
