WARNING:(W144) Using filters from the `filters` preflight, move them to `erc` (kibot.pre_erc - pre_erc.py:38)
WARNING:(W142) 2 ERC warnings detected (kibot.pre_erc - pre_erc.py:146)
WARNING:(W142) (footprint_link_issues) The current configuration does not include the footprint library 'suku_basics'.
    @(0.889 mm, 0.635 mm): Symbol H1 [MountingHole_Pad]
    Sheet: / (kibot.pre_erc - pre_erc.py:146)
WARNING:(W142) (footprint_link_issues) The current configuration does not include the footprint library 'suku_basics'.
    @(1.2446 mm, 0.7112 mm): Symbol H524 [MountingHole]
    Sheet: / (kibot.pre_erc - pre_erc.py:146)
WARNING:(W144) Using filters from the `filters` preflight, move them to `drc` (kibot.pre_drc - pre_drc.py:41)
WARNING:(W145) 2 DRC warnings detected (kibot.pre_drc - pre_drc.py:150)
WARNING:(W145) (lib_footprint_issues) The current configuration does not include the footprint library 'suku_basics'.
    @(100.0 mm, 100.0 mm): Footprint H1
    Check: Violations (kibot.pre_drc - pre_drc.py:150)
WARNING:(W145) (lib_footprint_issues) The current configuration does not include the footprint library 'suku_basics'.
    @(105.5 mm, 149.0 mm): Footprint H524
    Check: Violations (kibot.pre_drc - pre_drc.py:150)
WARNING:(W143) The `pdf_pcb_print` and `svg_pcb_print` outputs are deprecated, use `pcb_print` instead (kibot - out_any_pcb_print.py:72)
WARNING:(W143) The `pdf_pcb_print` and `svg_pcb_print` outputs are deprecated, use `pcb_print` instead (kibot - out_any_pcb_print.py:72)
WARNING:(W049) Layer "Inner layer 3" (In3_Cu) isn't used (kibot - out_any_layer.py:197)
WARNING:(W049) Layer "Inner layer 4" (In4_Cu) isn't used (kibot - out_any_layer.py:197)
WARNING:(W049) Layer "Inner layer 5" (In5_Cu) isn't used (kibot - out_any_layer.py:197)
WARNING:(W049) Layer "Inner layer 6" (In6_Cu) isn't used (kibot - out_any_layer.py:197)
WARNING:(W143) This output depends on KiCad version, use `blender_export` instead (kibot - out_render_3d.py:307)
WARNING:(W143) This output depends on KiCad version, use `blender_export` instead (kibot - out_render_3d.py:307)
WARNING:(W143) For KiCad 9 use the `export_3d` output instead of `step` (kibot - out_step.py:55)
