WARNING:(W144) Using filters from the `filters` preflight, move them to `erc` (kibot.pre_erc - pre_erc.py:38)
WARNING:(W142) 82 ERC warnings detected (kibot.pre_erc - pre_erc.py:146)
WARNING:(W142) (lib_symbol_issues) Symbol '+5V' has been modified in library 'power'
    @(1.6002 mm, 0.8636 mm): Symbol #PWR029 [+5V]
    Sheet: / (kibot.pre_erc - pre_erc.py:146)
WARNING:(W142) (lib_symbol_issues) Symbol '+5V' has been modified in library 'power'
    @(1.7018 mm, 0.7112 mm): Symbol #PWR023 [+5V]
    Sheet: / (kibot.pre_erc - pre_erc.py:146)
WARNING:(W142) (lib_symbol_issues) Symbol 'GND' has been modified in library 'power'
    @(1.6002 mm, 1.1176 mm): Symbol #PWR037 [GND]
    Sheet: / (kibot.pre_erc - pre_erc.py:146)
WARNING:(W142) (lib_symbol_issues) The current configuration does not include the library 'suku_basics'
    @(1.7526 mm, 0.9906 mm): Symbol R7 [RES]
    Sheet: / (kibot.pre_erc - pre_erc.py:146)
WARNING:(W142) (lib_symbol_issues) The current configuration does not include the library 'suku_basics'
    @(1.8034 mm, 1.0414 mm): Symbol R8 [RES]
    Sheet: / (kibot.pre_erc - pre_erc.py:146)
WARNING:(W142) (lib_symbol_issues) Symbol 'GND' has been modified in library 'power'
    @(1.8034 mm, 1.0922 mm): Symbol #PWR035 [GND]
    Sheet: / (kibot.pre_erc - pre_erc.py:146)
WARNING:(W142) (lib_symbol_issues) Symbol 'GND' has been modified in library 'power'
    @(1.8796 mm, 1.0922 mm): Symbol #PWR036 [GND]
    Sheet: / (kibot.pre_erc - pre_erc.py:146)
WARNING:(W142) (lib_symbol_issues) The current configuration does not include the library 'suku_basics'
    @(1.8796 mm, 1.0414 mm): Symbol C3 [CAP]
    Sheet: / (kibot.pre_erc - pre_erc.py:146)
WARNING:(W142) (lib_symbol_issues) Symbol 'GND' has been modified in library 'power'
    @(1.8034 mm, 0.8382 mm): Symbol #PWR026 [GND]
    Sheet: / (kibot.pre_erc - pre_erc.py:146)
WARNING:(W142) (lib_symbol_issues) The current configuration does not include the library 'suku_basics'
    @(1.8034 mm, 0.7874 mm): Symbol R4 [RES]
    Sheet: / (kibot.pre_erc - pre_erc.py:146)
WARNING:(W142) (lib_symbol_issues) The current configuration does not include the library 'suku_basics'
    @(1.7526 mm, 0.7366 mm): Symbol R3 [RES]
    Sheet: / (kibot.pre_erc - pre_erc.py:146)
WARNING:(W142) (lib_symbol_issues) Symbol 'GND' has been modified in library 'power'
    @(2.1336 mm, 0.9652 mm): Symbol #PWR033 [GND]
    Sheet: / (kibot.pre_erc - pre_erc.py:146)
WARNING:(W142) (lib_symbol_issues) Symbol 'GND' has been modified in library 'power'
    @(2.3622 mm, 0.9398 mm): Symbol #PWR052 [GND]
    Sheet: / (kibot.pre_erc - pre_erc.py:146)
WARNING:(W142) (lib_symbol_issues) Symbol '2N7002' has been modified in library 'Transistor_FET'
    @(2.3368 mm, 0.8636 mm): Symbol Q3 [2N7002]
    Sheet: / (kibot.pre_erc - pre_erc.py:146)
WARNING:(W142) (lib_symbol_issues) The current configuration does not include the library 'suku_basics'
    @(2.3622 mm, 0.7366 mm): Symbol R9 [RES]
    Sheet: / (kibot.pre_erc - pre_erc.py:146)
WARNING:(W142) (lib_symbol_issues) Symbol '+5V' has been modified in library 'power'
    @(2.1336 mm, 0.762 mm): Symbol #PWR024 [+5V]
    Sheet: / (kibot.pre_erc - pre_erc.py:146)
WARNING:(W142) (lib_symbol_issues) The current configuration does not include the library 'suku_basics'
    @(1.016 mm, 0.762 mm): Symbol U2 [U_ESD_4ch]
    Sheet: / (kibot.pre_erc - pre_erc.py:146)
WARNING:(W142) (lib_symbol_issues) Symbol '+5P' has been modified in library 'power'
    @(1.0922 mm, 0.7366 mm): Symbol #PWR012 [+5P]
    Sheet: / (kibot.pre_erc - pre_erc.py:146)
WARNING:(W142) (lib_symbol_issues) Symbol '+5P' has been modified in library 'power'
    @(1.0922 mm, 1.1176 mm): Symbol #PWR028 [+5P]
    Sheet: / (kibot.pre_erc - pre_erc.py:146)
WARNING:(W142) (lib_symbol_issues) The current configuration does not include the library 'suku_basics'
    @(1.016 mm, 1.143 mm): Symbol U6 [U_ESD_4ch]
    Sheet: / (kibot.pre_erc - pre_erc.py:146)
WARNING:(W142) (lib_symbol_issues) Symbol 'GND' has been modified in library 'power'
    @(1.3208 mm, 0.3048 mm): Symbol #PWR06 [GND]
    Sheet: / (kibot.pre_erc - pre_erc.py:146)
WARNING:(W142) (lib_symbol_issues) Symbol '+5P' has been modified in library 'power'
    @(1.1684 mm, 0.2286 mm): Symbol #PWR04 [+5P]
    Sheet: / (kibot.pre_erc - pre_erc.py:146)
WARNING:(W142) (lib_symbol_issues) Symbol '+5V' has been modified in library 'power'
    @(2.3622 mm, 0.6858 mm): Symbol #PWR053 [+5V]
    Sheet: / (kibot.pre_erc - pre_erc.py:146)
WARNING:(W142) (lib_symbol_issues) Symbol '+5P' has been modified in library 'power'
    @(2.1336 mm, 0.2794 mm): Symbol #PWR09 [+5P]
    Sheet: / (kibot.pre_erc - pre_erc.py:146)
WARNING:(W142) (lib_symbol_issues) The current configuration does not include the library 'suku_basics'
    @(2.2098 mm, 0.4318 mm): Symbol C1 [CAP]
    Sheet: / (kibot.pre_erc - pre_erc.py:146)
WARNING:(W142) (lib_symbol_issues) Symbol '+5F' has been modified in library 'power'
    @(2.1336 mm, 0.4826 mm): Symbol #PWR019 [+5F]
    Sheet: / (kibot.pre_erc - pre_erc.py:146)
WARNING:(W142) (lib_symbol_issues) Symbol 'GND' has been modified in library 'power'
    @(2.2098 mm, 0.4826 mm): Symbol #PWR020 [GND]
    Sheet: / (kibot.pre_erc - pre_erc.py:146)
WARNING:(W142) (lib_symbol_issues) Symbol '+5V' has been modified in library 'power'
    @(2.286 mm, 0.3556 mm): Symbol #PWR011 [+5V]
    Sheet: / (kibot.pre_erc - pre_erc.py:146)
WARNING:(W142) (lib_symbol_issues) Symbol '+5V' has been modified in library 'power'
    @(1.8796 mm, 0.635 mm): Symbol #PWR054 [+5V]
    Sheet: / (kibot.pre_erc - pre_erc.py:146)
WARNING:(W142) (lib_symbol_issues) Symbol 'PWR_FLAG' has been modified in library 'power'
    @(1.8796 mm, 0.4318 mm): Symbol #FLG03 [PWR_FLAG]
    Sheet: / (kibot.pre_erc - pre_erc.py:146)
WARNING:(W142) (lib_symbol_issues) Symbol '+5F' has been modified in library 'power'
    @(1.8796 mm, 0.4572 mm): Symbol #PWR016 [+5F]
    Sheet: / (kibot.pre_erc - pre_erc.py:146)
WARNING:(W142) (lib_symbol_issues) Symbol 'GND' has been modified in library 'power'
    @(1.7526 mm, 0.4572 mm): Symbol #PWR015 [GND]
    Sheet: / (kibot.pre_erc - pre_erc.py:146)
WARNING:(W142) (lib_symbol_issues) Symbol '+5P' has been modified in library 'power'
    @(1.6256 mm, 0.4572 mm): Symbol #PWR014 [+5P]
    Sheet: / (kibot.pre_erc - pre_erc.py:146)
WARNING:(W142) (lib_symbol_issues) Symbol 'PWR_FLAG' has been modified in library 'power'
    @(2.0066 mm, 0.4318 mm): Symbol #FLG04 [PWR_FLAG]
    Sheet: / (kibot.pre_erc - pre_erc.py:146)
WARNING:(W142) (lib_symbol_issues) Symbol '+5V' has been modified in library 'power'
    @(2.0066 mm, 0.4572 mm): Symbol #PWR017 [+5V]
    Sheet: / (kibot.pre_erc - pre_erc.py:146)
WARNING:(W142) (lib_symbol_issues) Symbol 'PWR_FLAG' has been modified in library 'power'
    @(1.7526 mm, 0.4318 mm): Symbol #FLG02 [PWR_FLAG]
    Sheet: / (kibot.pre_erc - pre_erc.py:146)
WARNING:(W142) (lib_symbol_issues) Symbol 'PWR_FLAG' has been modified in library 'power'
    @(1.6256 mm, 0.4318 mm): Symbol #FLG01 [PWR_FLAG]
    Sheet: / (kibot.pre_erc - pre_erc.py:146)
WARNING:(W142) (lib_symbol_issues) The current configuration does not include the library 'suku_basics'
    @(1.8796 mm, 0.6858 mm): Symbol C2 [CAP]
    Sheet: / (kibot.pre_erc - pre_erc.py:146)
WARNING:(W142) (lib_symbol_issues) Symbol 'GND' has been modified in library 'power'
    @(0.9398 mm, 0.7874 mm): Symbol #PWR018 [GND]
    Sheet: / (kibot.pre_erc - pre_erc.py:146)
WARNING:(W142) (lib_symbol_issues) The current configuration does not include the library 'suku_basics'
    @(0.9144 mm, 0.8382 mm): Symbol R2 [RES]
    Sheet: / (kibot.pre_erc - pre_erc.py:146)
WARNING:(W142) (lib_symbol_issues) Symbol 'GND' has been modified in library 'power'
    @(0.8382 mm, 0.9144 mm): Symbol #PWR022 [GND]
    Sheet: / (kibot.pre_erc - pre_erc.py:146)
WARNING:(W142) (lib_symbol_issues) The current configuration does not include the library 'suku_basics'
    @(0.7366 mm, 0.8636 mm): Symbol U3 [BL1551B]
    Sheet: / (kibot.pre_erc - pre_erc.py:146)
WARNING:(W142) (lib_symbol_issues) Symbol '+5V' has been modified in library 'power'
    @(0.635 mm, 0.8128 mm): Symbol #PWR021 [+5V]
    Sheet: / (kibot.pre_erc - pre_erc.py:146)
WARNING:(W142) (lib_symbol_issues) Symbol 'GND' has been modified in library 'power'
    @(0.8382 mm, 0.762 mm): Symbol #PWR013 [GND]
    Sheet: / (kibot.pre_erc - pre_erc.py:146)
WARNING:(W142) (lib_symbol_issues) The current configuration does not include the library 'suku_basics'
    @(0.9144 mm, 0.6858 mm): Symbol R1 [RES]
    Sheet: / (kibot.pre_erc - pre_erc.py:146)
WARNING:(W142) (lib_symbol_issues) Symbol '+5V' has been modified in library 'power'
    @(0.635 mm, 0.6604 mm): Symbol #PWR010 [+5V]
    Sheet: / (kibot.pre_erc - pre_erc.py:146)
WARNING:(W142) (lib_symbol_issues) The current configuration does not include the library 'suku_basics'
    @(0.7366 mm, 0.7112 mm): Symbol U1 [BL1551B]
    Sheet: / (kibot.pre_erc - pre_erc.py:146)
WARNING:(W142) (lib_symbol_issues) Symbol '+5F' has been modified in library 'power'
    @(0.5842 mm, 1.4478 mm): Symbol #PWR038 [+5F]
    Sheet: / (kibot.pre_erc - pre_erc.py:146)
WARNING:(W142) (lib_symbol_issues) The current configuration does not include the library 'suku_basics'
    @(0.7366 mm, 1.0922 mm): Symbol U4 [BL1551B]
    Sheet: / (kibot.pre_erc - pre_erc.py:146)
WARNING:(W142) (lib_symbol_issues) Symbol '+5V' has been modified in library 'power'
    @(0.635 mm, 1.0414 mm): Symbol #PWR025 [+5V]
    Sheet: / (kibot.pre_erc - pre_erc.py:146)
WARNING:(W142) (lib_symbol_issues) The current configuration does not include the library 'suku_basics'
    @(0.7366 mm, 1.2446 mm): Symbol U7 [BL1551B]
    Sheet: / (kibot.pre_erc - pre_erc.py:146)
WARNING:(W142) (lib_symbol_issues) Symbol '+5V' has been modified in library 'power'
    @(0.635 mm, 1.1938 mm): Symbol #PWR032 [+5V]
    Sheet: / (kibot.pre_erc - pre_erc.py:146)
WARNING:(W142) (lib_symbol_issues) Symbol '+5F' has been modified in library 'power'
    @(1.1938 mm, 1.4478 mm): Symbol #PWR039 [+5F]
    Sheet: / (kibot.pre_erc - pre_erc.py:146)
WARNING:(W142) (lib_symbol_issues) Symbol 'GND' has been modified in library 'power'
    @(0.8382 mm, 1.143 mm): Symbol #PWR030 [GND]
    Sheet: / (kibot.pre_erc - pre_erc.py:146)
WARNING:(W142) (lib_symbol_issues) Symbol 'GND' has been modified in library 'power'
    @(0.8382 mm, 1.2954 mm): Symbol #PWR034 [GND]
    Sheet: / (kibot.pre_erc - pre_erc.py:146)
WARNING:(W142) (lib_symbol_issues) The current configuration does not include the library 'suku_basics'
    @(0.9144 mm, 1.2192 mm): Symbol R6 [RES]
    Sheet: / (kibot.pre_erc - pre_erc.py:146)
WARNING:(W142) (lib_symbol_issues) Symbol 'GND' has been modified in library 'power'
    @(0.9398 mm, 1.1684 mm): Symbol #PWR031 [GND]
    Sheet: / (kibot.pre_erc - pre_erc.py:146)
WARNING:(W142) (lib_symbol_issues) The current configuration does not include the library 'suku_basics'
    @(0.9144 mm, 1.0668 mm): Symbol R5 [RES]
    Sheet: / (kibot.pre_erc - pre_erc.py:146)
WARNING:(W142) (lib_symbol_issues) Symbol 'IRLML5203' has been modified in library 'Transistor_FET'
    @(0.8636 mm, 0.4064 mm): Symbol Q5 [IRLML5203]
    Sheet: / (kibot.pre_erc - pre_erc.py:146)
WARNING:(W142) (lib_symbol_issues) Symbol '+5F' has been modified in library 'power'
    @(0.889 mm, 0.4826 mm): Symbol #PWR08 [+5F]
    Sheet: / (kibot.pre_erc - pre_erc.py:146)
WARNING:(W142) (lib_symbol_issues) Symbol 'GND' has been modified in library 'power'
    @(0.3302 mm, 1.8034 mm): Symbol #PWR044 [GND]
    Sheet: / (kibot.pre_erc - pre_erc.py:146)
WARNING:(W142) (lib_symbol_issues) The current configuration does not include the library 'suku_basics'
    @(0.5842 mm, 1.524 mm): Symbol C4 [CAP]
    Sheet: / (kibot.pre_erc - pre_erc.py:146)
WARNING:(W142) (lib_symbol_issues) Symbol 'GND' has been modified in library 'power'
    @(0.5842 mm, 1.5748 mm): Symbol #PWR041 [GND]
    Sheet: / (kibot.pre_erc - pre_erc.py:146)
WARNING:(W142) (lib_symbol_issues) Symbol '+5F' has been modified in library 'power'
    @(0.4826 mm, 1.8034 mm): Symbol #PWR045 [+5F]
    Sheet: / (kibot.pre_erc - pre_erc.py:146)
WARNING:(W142) (lib_symbol_issues) Symbol '+5F' has been modified in library 'power'
    @(0.8128 mm, 1.8034 mm): Symbol #PWR047 [+5F]
    Sheet: / (kibot.pre_erc - pre_erc.py:146)
WARNING:(W142) (lib_symbol_issues) Symbol 'GND' has been modified in library 'power'
    @(0.3048 mm, 1.5748 mm): Symbol #PWR040 [GND]
    Sheet: / (kibot.pre_erc - pre_erc.py:146)
WARNING:(W142) (lib_symbol_issues) Symbol 'GND' has been modified in library 'power'
    @(0.6604 mm, 1.8034 mm): Symbol #PWR046 [GND]
    Sheet: / (kibot.pre_erc - pre_erc.py:146)
WARNING:(W142) (lib_symbol_issues) Symbol 'GND' has been modified in library 'power'
    @(1.1938 mm, 1.8034 mm): Symbol #PWR049 [GND]
    Sheet: / (kibot.pre_erc - pre_erc.py:146)
WARNING:(W142) (lib_symbol_issues) Symbol 'GND' has been modified in library 'power'
    @(1.4732 mm, 1.5748 mm): Symbol #PWR043 [GND]
    Sheet: / (kibot.pre_erc - pre_erc.py:146)
WARNING:(W142) (lib_symbol_issues) Symbol '+5F' has been modified in library 'power'
    @(1.0414 mm, 1.8034 mm): Symbol #PWR048 [+5F]
    Sheet: / (kibot.pre_erc - pre_erc.py:146)
WARNING:(W142) (lib_symbol_issues) The current configuration does not include the library 'suku_basics'
    @(1.1938 mm, 1.524 mm): Symbol C5 [CAP]
    Sheet: / (kibot.pre_erc - pre_erc.py:146)
WARNING:(W142) (lib_symbol_issues) Symbol 'GND' has been modified in library 'power'
    @(1.1938 mm, 1.5748 mm): Symbol #PWR042 [GND]
    Sheet: / (kibot.pre_erc - pre_erc.py:146)
WARNING:(W142) (lib_symbol_issues) Symbol '+5F' has been modified in library 'power'
    @(1.3208 mm, 1.8034 mm): Symbol #PWR050 [+5F]
    Sheet: / (kibot.pre_erc - pre_erc.py:146)
WARNING:(W142) (lib_symbol_issues) Symbol 'GND' has been modified in library 'power'
    @(1.4732 mm, 1.8034 mm): Symbol #PWR051 [GND]
    Sheet: / (kibot.pre_erc - pre_erc.py:146)
WARNING:(W142) (lib_symbol_issues) Symbol 'IRLML5203' has been modified in library 'Transistor_FET'
    @(0.8636 mm, 0.2794 mm): Symbol Q4 [IRLML5203]
    Sheet: / (kibot.pre_erc - pre_erc.py:146)
WARNING:(W142) (lib_symbol_issues) Symbol '+5P' has been modified in library 'power'
    @(0.889 mm, 0.2032 mm): Symbol #PWR02 [+5P]
    Sheet: / (kibot.pre_erc - pre_erc.py:146)
WARNING:(W142) (lib_symbol_issues) Symbol 'IRLML5203' has been modified in library 'Transistor_FET'
    @(0.7112 mm, 0.2794 mm): Symbol Q7 [IRLML5203]
    Sheet: / (kibot.pre_erc - pre_erc.py:146)
WARNING:(W142) (lib_symbol_issues) Symbol '+5P' has been modified in library 'power'
    @(0.6858 mm, 0.2032 mm): Symbol #PWR01 [+5P]
    Sheet: / (kibot.pre_erc - pre_erc.py:146)
WARNING:(W142) (lib_symbol_issues) Symbol '+5P' has been modified in library 'power'
    @(0.4064 mm, 0.2286 mm): Symbol #PWR03 [+5P]
    Sheet: / (kibot.pre_erc - pre_erc.py:146)
WARNING:(W142) (lib_symbol_issues) Symbol 'IRLML5203' has been modified in library 'Transistor_FET'
    @(0.7112 mm, 0.4064 mm): Symbol Q6 [IRLML5203]
    Sheet: / (kibot.pre_erc - pre_erc.py:146)
WARNING:(W142) (lib_symbol_issues) Symbol '+5F' has been modified in library 'power'
    @(0.6858 mm, 0.4826 mm): Symbol #PWR07 [+5F]
    Sheet: / (kibot.pre_erc - pre_erc.py:146)
WARNING:(W142) (lib_symbol_issues) Symbol 'GND' has been modified in library 'power'
    @(0.254 mm, 0.3048 mm): Symbol #PWR05 [GND]
    Sheet: / (kibot.pre_erc - pre_erc.py:146)
WARNING:(W135) Part field mismatch for `U2` (SCH: `U_ESD_4ch` PCB: `C294963`) (kibot - kiplot.py:384)
WARNING:(W135) Part field mismatch for `U6` (SCH: `U_ESD_4ch` PCB: `C294963`) (kibot - kiplot.py:384)
WARNING:(W135) Part field mismatch for `D1` (SCH: `D_Schottky_Dual_CommonCathode_AAK` PCB: `C375703`) (kibot - kiplot.py:384)
WARNING:(W135) Part field mismatch for `U8` (SCH: `A1301KLHLT-T` PCB: `C85573`) (kibot - kiplot.py:384)
WARNING:(W135) Part field mismatch for `U5` (SCH: `LM321` PCB: `C90297`) (kibot - kiplot.py:384)
WARNING:(W135) Part field mismatch for `J2` (SCH: `Conn_01x04` PCB: `LBC1130B`) (kibot - kiplot.py:384)
WARNING:(W135) Part field mismatch for `J1` (SCH: `Conn_01x04` PCB: `LBC1130B`) (kibot - kiplot.py:384)
WARNING:(W144) Using filters from the `filters` preflight, move them to `drc` (kibot.pre_drc - pre_drc.py:41)
WARNING:(W145) 4 DRC warnings detected (kibot.pre_drc - pre_drc.py:150)
WARNING:(W145) (silk_edge_clearance) Silkscreen clipped by board edge
    @(139.005 mm, 113.0 mm): Segment on Edge.Cuts
    @(130.782 mm, 113.028 mm): Circle on F.Silkscreen
    Check: Violations (kibot.pre_drc - pre_drc.py:150)
WARNING:(W145) (footprint_type_mismatch) Footprint component type doesn't match footprint pads (expected 'Through hole'; actual 'SMD')
    @(126.67 mm, 106.0 mm): Footprint J2
    Check: Violations (kibot.pre_drc - pre_drc.py:150)
WARNING:(W145) (footprint_type_mismatch) Footprint component type doesn't match footprint pads (expected 'Through hole'; actual 'SMD')
    @(73.33 mm, 106.0 mm): Footprint J1
    Check: Violations (kibot.pre_drc - pre_drc.py:150)
WARNING:(W145) (text_height) Text height out of range (board setup constraints silk text height min height 0.8000 mm; actual 0.6350 mm)
    @(100.0 mm, 101.75 mm): PCB Text 'INTERFACE ${HASH} EE: SUKU ${DATE}' on F.Silkscreen
    Check: Violations (kibot.pre_drc - pre_drc.py:150)
WARNING:(W143) The `pdf_pcb_print` and `svg_pcb_print` outputs are deprecated, use `pcb_print` instead (kibot - out_any_pcb_print.py:72)
WARNING:(W143) The `pdf_pcb_print` and `svg_pcb_print` outputs are deprecated, use `pcb_print` instead (kibot - out_any_pcb_print.py:72)
WARNING:(W135) Part field mismatch for `U2` (SCH: `U_ESD_4ch` PCB: `C294963`) (kibot - kiplot.py:384)
WARNING:(W135) Part field mismatch for `U6` (SCH: `U_ESD_4ch` PCB: `C294963`) (kibot - kiplot.py:384)
WARNING:(W135) Part field mismatch for `D1` (SCH: `D_Schottky_Dual_CommonCathode_AAK` PCB: `C375703`) (kibot - kiplot.py:384)
WARNING:(W135) Part field mismatch for `U8` (SCH: `A1301KLHLT-T` PCB: `C85573`) (kibot - kiplot.py:384)
WARNING:(W135) Part field mismatch for `U5` (SCH: `LM321` PCB: `C90297`) (kibot - kiplot.py:384)
WARNING:(W135) Part field mismatch for `J2` (SCH: `Conn_01x04` PCB: `LBC1130B`) (kibot - kiplot.py:384)
WARNING:(W135) Part field mismatch for `J1` (SCH: `Conn_01x04` PCB: `LBC1130B`) (kibot - kiplot.py:384)
WARNING:(W049) Layer "Inner layer 1" (In1_Cu) isn't used (kibot - out_any_layer.py:195)
WARNING:(W049) Layer "Inner layer 2" (In2_Cu) isn't used (kibot - out_any_layer.py:195)
WARNING:(W049) Layer "Inner layer 3" (In3_Cu) isn't used (kibot - out_any_layer.py:195)
WARNING:(W049) Layer "Inner layer 4" (In4_Cu) isn't used (kibot - out_any_layer.py:195)
WARNING:(W049) Layer "Inner layer 5" (In5_Cu) isn't used (kibot - out_any_layer.py:195)
WARNING:(W049) Layer "Inner layer 6" (In6_Cu) isn't used (kibot - out_any_layer.py:195)
WARNING:(W135) Part field mismatch for `U2` (SCH: `U_ESD_4ch` PCB: `C294963`) (kibot - kiplot.py:384)
WARNING:(W135) Part field mismatch for `U6` (SCH: `U_ESD_4ch` PCB: `C294963`) (kibot - kiplot.py:384)
WARNING:(W135) Part field mismatch for `D1` (SCH: `D_Schottky_Dual_CommonCathode_AAK` PCB: `C375703`) (kibot - kiplot.py:384)
WARNING:(W135) Part field mismatch for `U8` (SCH: `A1301KLHLT-T` PCB: `C85573`) (kibot - kiplot.py:384)
WARNING:(W135) Part field mismatch for `U5` (SCH: `LM321` PCB: `C90297`) (kibot - kiplot.py:384)
WARNING:(W135) Part field mismatch for `J2` (SCH: `Conn_01x04` PCB: `LBC1130B`) (kibot - kiplot.py:384)
WARNING:(W135) Part field mismatch for `J1` (SCH: `Conn_01x04` PCB: `LBC1130B`) (kibot - kiplot.py:384)
WARNING:(W143) This output depends on KiCad version, use `blender_export` instead (kibot - out_render_3d.py:307)
ERROR:Unable to expand `INTECH_3D` in `${INTECH_3D}/battery_conn.step` (kibot - config.py:130)
WARNING:(W047) Missing 3D model for J3: `${INTECH_3D}/battery_conn.step` (kibot - out_base_3d.py:529)
WARNING:(W047) Missing 3D model for J4: `${INTECH_3D}/battery_conn.step` (kibot - out_base_3d.py:529)
WARNING:(W047) Missing 3D model for J2: `${INTECH_3D}/IS_POGO_Rev2_THT.step` (kibot - out_base_3d.py:529)
WARNING:(W047) Missing 3D model for J1: `${INTECH_3D}/IS_POGO_Rev2_THT.step` (kibot - out_base_3d.py:529)
WARNING:(W098)  7 3D models downloaded or cached (kibot - out_base_3d.py:542)
WARNING:(W143) This output depends on KiCad version, use `blender_export` instead (kibot - out_render_3d.py:307)
ERROR:Unable to expand `INTECH_3D` in `${INTECH_3D}/battery_conn.step` (kibot - config.py:130)
WARNING:(W047) Missing 3D model for J3: `${INTECH_3D}/battery_conn.step` (kibot - out_base_3d.py:529)
WARNING:(W047) Missing 3D model for J4: `${INTECH_3D}/battery_conn.step` (kibot - out_base_3d.py:529)
WARNING:(W047) Missing 3D model for J2: `${INTECH_3D}/IS_POGO_Rev2_THT.step` (kibot - out_base_3d.py:529)
WARNING:(W047) Missing 3D model for J1: `${INTECH_3D}/IS_POGO_Rev2_THT.step` (kibot - out_base_3d.py:529)
WARNING:(W098)  7 3D models downloaded or cached (kibot - out_base_3d.py:542)
ERROR:Unable to expand `INTECH_3D` in `${INTECH_3D}/battery_conn.step` (kibot - config.py:130)
WARNING:(W047) Missing 3D model for J3: `${INTECH_3D}/battery_conn.step` (kibot - out_base_3d.py:529)
WARNING:(W047) Missing 3D model for J4: `${INTECH_3D}/battery_conn.step` (kibot - out_base_3d.py:529)
WARNING:(W047) Missing 3D model for J2: `${INTECH_3D}/IS_POGO_Rev2_THT.step` (kibot - out_base_3d.py:529)
WARNING:(W047) Missing 3D model for J1: `${INTECH_3D}/IS_POGO_Rev2_THT.step` (kibot - out_base_3d.py:529)
WARNING:(W098)  7 3D models downloaded or cached (kibot - out_base_3d.py:542)
ERROR:Unable to expand `INTECH_3D` in `${INTECH_3D}/battery_conn.step` (kibot - config.py:130)
WARNING:(W047) Missing 3D model for J3: `${INTECH_3D}/battery_conn.step` (kibot - out_base_3d.py:529)
WARNING:(W047) Missing 3D model for J4: `${INTECH_3D}/battery_conn.step` (kibot - out_base_3d.py:529)
WARNING:(W047) Missing 3D model for J2: `${INTECH_3D}/IS_POGO_Rev2_THT.step` (kibot - out_base_3d.py:529)
WARNING:(W047) Missing 3D model for J1: `${INTECH_3D}/IS_POGO_Rev2_THT.step` (kibot - out_base_3d.py:529)
WARNING:(W098)  7 3D models downloaded or cached (kibot - out_base_3d.py:542)
