WARNING:(W144) Using filters from the `filters` preflight, move them to `erc` (kibot.pre_erc - pre_erc.py:38)
WARNING:(W142) 88 ERC warnings detected (kibot.pre_erc - pre_erc.py:146)
WARNING:(W142) (footprint_link_issues) The current configuration does not include the footprint library 'suku_basics'.
    @(0.2286 mm, 0.6858 mm): Symbol J1003 [SMD_NUT]
    Sheet: / (kibot.pre_erc - pre_erc.py:146)
WARNING:(W142) (lib_symbol_issues) The current configuration does not include the symbol library 'suku_basics'
    @(0.2286 mm, 0.6858 mm): Symbol J1003 [SMD_NUT]
    Sheet: / (kibot.pre_erc - pre_erc.py:146)
WARNING:(W142) (lib_symbol_mismatch) Symbol 'GND' doesn't match copy in library 'power'
    @(0.2286 mm, 0.7366 mm): Symbol #PWR01010 [GND]
    Sheet: / (kibot.pre_erc - pre_erc.py:146)
WARNING:(W142) (footprint_link_issues) The current configuration does not include the footprint library 'suku_basics'.
    @(0.2286 mm, 0.9398 mm): Symbol J1009 [SMD_NUT]
    Sheet: / (kibot.pre_erc - pre_erc.py:146)
WARNING:(W142) (lib_symbol_issues) The current configuration does not include the symbol library 'suku_basics'
    @(0.2286 mm, 0.9398 mm): Symbol J1009 [SMD_NUT]
    Sheet: / (kibot.pre_erc - pre_erc.py:146)
WARNING:(W142) (lib_symbol_mismatch) Symbol 'GND' doesn't match copy in library 'power'
    @(0.2286 mm, 0.9906 mm): Symbol #PWR01022 [GND]
    Sheet: / (kibot.pre_erc - pre_erc.py:146)
WARNING:(W142) (lib_symbol_mismatch) Symbol '+3V3' doesn't match copy in library 'power'
    @(0.6604 mm, 0.8382 mm): Symbol #PWR01014 [+3V3]
    Sheet: / (kibot.pre_erc - pre_erc.py:146)
WARNING:(W142) (footprint_link_issues) The current configuration does not include the footprint library 'suku_basics'.
    @(0.6604 mm, 0.889 mm): Symbol C1001 [CAP]
    Sheet: / (kibot.pre_erc - pre_erc.py:146)
WARNING:(W142) (lib_symbol_issues) The current configuration does not include the symbol library 'suku_basics'
    @(0.6604 mm, 0.889 mm): Symbol C1001 [CAP]
    Sheet: / (kibot.pre_erc - pre_erc.py:146)
WARNING:(W142) (lib_symbol_mismatch) Symbol 'GND' doesn't match copy in library 'power'
    @(0.6604 mm, 0.9398 mm): Symbol #PWR01018 [GND]
    Sheet: / (kibot.pre_erc - pre_erc.py:146)
WARNING:(W142) (lib_symbol_mismatch) Symbol '+3V3' doesn't match copy in library 'power'
    @(0.7874 mm, 0.8382 mm): Symbol #PWR01015 [+3V3]
    Sheet: / (kibot.pre_erc - pre_erc.py:146)
WARNING:(W142) (footprint_link_issues) The current configuration does not include the footprint library 'suku_basics'.
    @(0.7874 mm, 0.889 mm): Symbol C1002 [CAP]
    Sheet: / (kibot.pre_erc - pre_erc.py:146)
WARNING:(W142) (lib_symbol_issues) The current configuration does not include the symbol library 'suku_basics'
    @(0.7874 mm, 0.889 mm): Symbol C1002 [CAP]
    Sheet: / (kibot.pre_erc - pre_erc.py:146)
WARNING:(W142) (lib_symbol_mismatch) Symbol 'GND' doesn't match copy in library 'power'
    @(0.7874 mm, 0.9398 mm): Symbol #PWR01019 [GND]
    Sheet: / (kibot.pre_erc - pre_erc.py:146)
WARNING:(W142) (footprint_link_issues) The current configuration does not include the footprint library 'suku_basics'.
    @(1.0414 mm, 0.8636 mm): Symbol U1001 [DISPLAY_TEK1]
    Sheet: / (kibot.pre_erc - pre_erc.py:146)
WARNING:(W142) (lib_symbol_issues) The current configuration does not include the symbol library 'suku_basics'
    @(1.0414 mm, 0.8636 mm): Symbol U1001 [DISPLAY_TEK1]
    Sheet: / (kibot.pre_erc - pre_erc.py:146)
WARNING:(W142) (lib_symbol_mismatch) Symbol '+3V3' doesn't match copy in library 'power'
    @(1.3208 mm, 0.7112 mm): Symbol #PWR01009 [+3V3]
    Sheet: / (kibot.pre_erc - pre_erc.py:146)
WARNING:(W142) (lib_symbol_mismatch) Symbol '+3V3' doesn't match copy in library 'power'
    @(1.397 mm, 0.635 mm): Symbol #PWR01006 [+3V3]
    Sheet: / (kibot.pre_erc - pre_erc.py:146)
WARNING:(W142) (footprint_link_issues) The current configuration does not include the footprint library 'suku_basics'.
    @(1.397 mm, 0.6858 mm): Symbol R1002 [RES]
    Sheet: / (kibot.pre_erc - pre_erc.py:146)
WARNING:(W142) (lib_symbol_issues) The current configuration does not include the symbol library 'suku_basics'
    @(1.397 mm, 0.6858 mm): Symbol R1002 [RES]
    Sheet: / (kibot.pre_erc - pre_erc.py:146)
WARNING:(W142) (lib_symbol_mismatch) Symbol 'GND' doesn't match copy in library 'power'
    @(1.27 mm, 1.0414 mm): Symbol #PWR01024 [GND]
    Sheet: / (kibot.pre_erc - pre_erc.py:146)
WARNING:(W142) (footprint_link_issues) The current configuration does not include the footprint library 'suku_basics'.
    @(1.8288 mm, 0.3556 mm): Symbol R1001 [RES]
    Sheet: / (kibot.pre_erc - pre_erc.py:146)
WARNING:(W142) (lib_symbol_issues) The current configuration does not include the symbol library 'suku_basics'
    @(1.8288 mm, 0.3556 mm): Symbol R1001 [RES]
    Sheet: / (kibot.pre_erc - pre_erc.py:146)
WARNING:(W142) (lib_symbol_mismatch) Symbol 'GND' doesn't match copy in library 'power'
    @(1.8288 mm, 0.4064 mm): Symbol #PWR01004 [GND]
    Sheet: / (kibot.pre_erc - pre_erc.py:146)
WARNING:(W142) (lib_symbol_mismatch) Symbol '+3V3' doesn't match copy in library 'power'
    @(1.8288 mm, 0.6096 mm): Symbol #PWR01005 [+3V3]
    Sheet: / (kibot.pre_erc - pre_erc.py:146)
WARNING:(W142) (footprint_link_issues) The current configuration does not include the footprint library 'suku_basics'.
    @(1.9812 mm, 0.3048 mm): Symbol Q1001 [2N7002]
    Sheet: / (kibot.pre_erc - pre_erc.py:146)
WARNING:(W142) (lib_symbol_mismatch) Symbol '2N7002' doesn't match copy in library 'Transistor_FET'
    @(1.9812 mm, 0.3048 mm): Symbol Q1001 [2N7002]
    Sheet: / (kibot.pre_erc - pre_erc.py:146)
WARNING:(W142) (footprint_link_issues) The current configuration does not include the footprint library 'suku_basics'.
    @(1.9304 mm, 0.635 mm): Symbol J1001 [Conn_01x04]
    Sheet: / (kibot.pre_erc - pre_erc.py:146)
WARNING:(W142) (lib_symbol_mismatch) Symbol 'GND' doesn't match copy in library 'power'
    @(2.0066 mm, 0.381 mm): Symbol #PWR01001 [GND]
    Sheet: / (kibot.pre_erc - pre_erc.py:146)
WARNING:(W142) (lib_symbol_mismatch) Symbol 'GND' doesn't match copy in library 'power'
    @(2.032 mm, 0.762 mm): Symbol #PWR01012 [GND]
    Sheet: / (kibot.pre_erc - pre_erc.py:146)
WARNING:(W142) (lib_symbol_mismatch) Symbol '+3V3' doesn't match copy in library 'power'
    @(1.778 mm, 1.27 mm): Symbol #PWR01027 [+3V3]
    Sheet: / (kibot.pre_erc - pre_erc.py:146)
WARNING:(W142) (footprint_link_issues) The current configuration does not include the footprint library 'suku_basics'.
    @(1.778 mm, 1.3208 mm): Symbol R1004 [RES]
    Sheet: / (kibot.pre_erc - pre_erc.py:146)
WARNING:(W142) (lib_symbol_issues) The current configuration does not include the symbol library 'suku_basics'
    @(1.778 mm, 1.3208 mm): Symbol R1004 [RES]
    Sheet: / (kibot.pre_erc - pre_erc.py:146)
WARNING:(W142) (footprint_link_issues) The current configuration does not include the footprint library 'suku_basics'.
    @(1.9558 mm, 1.0414 mm): Symbol J1007 [Conn_01x04]
    Sheet: / (kibot.pre_erc - pre_erc.py:146)
WARNING:(W142) (footprint_link_issues) The current configuration does not include the footprint library 'suku_basics'.
    @(2.1336 mm, 0.635 mm): Symbol J1002 [Conn_01x04]
    Sheet: / (kibot.pre_erc - pre_erc.py:146)
WARNING:(W142) (lib_symbol_mismatch) Symbol '+3V3' doesn't match copy in library 'power'
    @(1.8796 mm, 1.27 mm): Symbol #PWR01028 [+3V3]
    Sheet: / (kibot.pre_erc - pre_erc.py:146)
WARNING:(W142) (lib_symbol_mismatch) Symbol 'GND' doesn't match copy in library 'power'
    @(2.032 mm, 1.016 mm): Symbol #PWR01023 [GND]
    Sheet: / (kibot.pre_erc - pre_erc.py:146)
WARNING:(W142) (footprint_link_issues) The current configuration does not include the footprint library 'suku_basics'.
    @(1.8796 mm, 1.3208 mm): Symbol R1005 [RES]
    Sheet: / (kibot.pre_erc - pre_erc.py:146)
WARNING:(W142) (lib_symbol_issues) The current configuration does not include the symbol library 'suku_basics'
    @(1.8796 mm, 1.3208 mm): Symbol R1005 [RES]
    Sheet: / (kibot.pre_erc - pre_erc.py:146)
WARNING:(W142) (lib_symbol_mismatch) Symbol '+3V3' doesn't match copy in library 'power'
    @(2.2606 mm, 0.635 mm): Symbol #PWR01007 [+3V3]
    Sheet: / (kibot.pre_erc - pre_erc.py:146)
WARNING:(W142) (lib_symbol_mismatch) Symbol '+3V3' doesn't match copy in library 'power'
    @(1.9812 mm, 1.27 mm): Symbol #PWR01029 [+3V3]
    Sheet: / (kibot.pre_erc - pre_erc.py:146)
WARNING:(W142) (footprint_link_issues) The current configuration does not include the footprint library 'suku_basics'.
    @(1.9812 mm, 1.3208 mm): Symbol R1006 [RES]
    Sheet: / (kibot.pre_erc - pre_erc.py:146)
WARNING:(W142) (lib_symbol_issues) The current configuration does not include the symbol library 'suku_basics'
    @(1.9812 mm, 1.3208 mm): Symbol R1006 [RES]
    Sheet: / (kibot.pre_erc - pre_erc.py:146)
WARNING:(W142) (footprint_link_issues) The current configuration does not include the footprint library 'suku_basics'.
    @(2.159 mm, 1.0414 mm): Symbol J1008 [Conn_01x04]
    Sheet: / (kibot.pre_erc - pre_erc.py:146)
WARNING:(W142) (lib_symbol_mismatch) Symbol 'GND' doesn't match copy in library 'power'
    @(2.0828 mm, 1.27 mm): Symbol #PWR01030 [GND]
    Sheet: / (kibot.pre_erc - pre_erc.py:146)
WARNING:(W142) (footprint_link_issues) The current configuration does not include the footprint library 'suku_basics'.
    @(2.0828 mm, 1.3208 mm): Symbol R1007 [RES]
    Sheet: / (kibot.pre_erc - pre_erc.py:146)
WARNING:(W142) (lib_symbol_issues) The current configuration does not include the symbol library 'suku_basics'
    @(2.0828 mm, 1.3208 mm): Symbol R1007 [RES]
    Sheet: / (kibot.pre_erc - pre_erc.py:146)
WARNING:(W142) (footprint_link_issues) The current configuration does not include the footprint library 'suku_basics'.
    @(1.778 mm, 1.7907 mm): Symbol J1005 [SMD_NUT]
    Sheet: / (kibot.pre_erc - pre_erc.py:146)
WARNING:(W142) (lib_symbol_issues) The current configuration does not include the symbol library 'suku_basics'
    @(1.778 mm, 1.7907 mm): Symbol J1005 [SMD_NUT]
    Sheet: / (kibot.pre_erc - pre_erc.py:146)
WARNING:(W142) (lib_symbol_mismatch) Symbol '+3V3' doesn't match copy in library 'power'
    @(2.1844 mm, 1.27 mm): Symbol #PWR01031 [+3V3]
    Sheet: / (kibot.pre_erc - pre_erc.py:146)
WARNING:(W142) (footprint_link_issues) The current configuration does not include the footprint library 'suku_basics'.
    @(2.1844 mm, 1.3208 mm): Symbol R1008 [RES]
    Sheet: / (kibot.pre_erc - pre_erc.py:146)
WARNING:(W142) (lib_symbol_issues) The current configuration does not include the symbol library 'suku_basics'
    @(2.1844 mm, 1.3208 mm): Symbol R1008 [RES]
    Sheet: / (kibot.pre_erc - pre_erc.py:146)
WARNING:(W142) (lib_symbol_mismatch) Symbol 'GND' doesn't match copy in library 'power'
    @(1.778 mm, 1.8415 mm): Symbol #PWR01033 [GND]
    Sheet: / (kibot.pre_erc - pre_erc.py:146)
WARNING:(W142) (lib_symbol_mismatch) Symbol '+3V3' doesn't match copy in library 'power'
    @(2.4892 mm, 0.6604 mm): Symbol #PWR01008 [+3V3]
    Sheet: / (kibot.pre_erc - pre_erc.py:146)
WARNING:(W142) (footprint_link_issues) The current configuration does not include the footprint library 'suku_basics'.
    @(2.4892 mm, 0.7112 mm): Symbol R1003 [RES]
    Sheet: / (kibot.pre_erc - pre_erc.py:146)
WARNING:(W142) (lib_symbol_issues) The current configuration does not include the symbol library 'suku_basics'
    @(2.4892 mm, 0.7112 mm): Symbol R1003 [RES]
    Sheet: / (kibot.pre_erc - pre_erc.py:146)
WARNING:(W142) (lib_symbol_mismatch) Symbol '+3V3' doesn't match copy in library 'power'
    @(2.286 mm, 1.27 mm): Symbol #PWR01032 [+3V3]
    Sheet: / (kibot.pre_erc - pre_erc.py:146)
WARNING:(W142) (footprint_link_issues) The current configuration does not include the footprint library 'suku_basics'.
    @(2.286 mm, 1.3208 mm): Symbol R1009 [RES]
    Sheet: / (kibot.pre_erc - pre_erc.py:146)
WARNING:(W142) (lib_symbol_issues) The current configuration does not include the symbol library 'suku_basics'
    @(2.286 mm, 1.3208 mm): Symbol R1009 [RES]
    Sheet: / (kibot.pre_erc - pre_erc.py:146)
WARNING:(W142) (footprint_link_issues) The current configuration does not include the footprint library 'suku_basics'.
    @(2.032 mm, 1.7907 mm): Symbol J1011 [SMD_NUT]
    Sheet: / (kibot.pre_erc - pre_erc.py:146)
WARNING:(W142) (lib_symbol_issues) The current configuration does not include the symbol library 'suku_basics'
    @(2.032 mm, 1.7907 mm): Symbol J1011 [SMD_NUT]
    Sheet: / (kibot.pre_erc - pre_erc.py:146)
WARNING:(W142) (footprint_link_issues) The current configuration does not include the footprint library 'suku_basics'.
    @(1.778 mm, 2.0447 mm): Symbol J1010 [SMD_NUT]
    Sheet: / (kibot.pre_erc - pre_erc.py:146)
WARNING:(W142) (lib_symbol_issues) The current configuration does not include the symbol library 'suku_basics'
    @(1.778 mm, 2.0447 mm): Symbol J1010 [SMD_NUT]
    Sheet: / (kibot.pre_erc - pre_erc.py:146)
WARNING:(W142) (lib_symbol_mismatch) Symbol 'GND' doesn't match copy in library 'power'
    @(2.6924 mm, 0.381 mm): Symbol #PWR01002 [GND]
    Sheet: / (kibot.pre_erc - pre_erc.py:146)
WARNING:(W142) (lib_symbol_mismatch) Symbol 'GND' doesn't match copy in library 'power'
    @(2.032 mm, 1.8415 mm): Symbol #PWR01035 [GND]
    Sheet: / (kibot.pre_erc - pre_erc.py:146)
WARNING:(W142) (lib_symbol_mismatch) Symbol 'GND' doesn't match copy in library 'power'
    @(1.778 mm, 2.0955 mm): Symbol #PWR01034 [GND]
    Sheet: / (kibot.pre_erc - pre_erc.py:146)
WARNING:(W142) (lib_symbol_mismatch) Symbol '+3V3' doesn't match copy in library 'power'
    @(2.6543 mm, 0.7366 mm): Symbol #PWR01011 [+3V3]
    Sheet: / (kibot.pre_erc - pre_erc.py:146)
WARNING:(W142) (lib_symbol_mismatch) Symbol '+3V3' doesn't match copy in library 'power'
    @(2.8448 mm, 0.381 mm): Symbol #PWR01003 [+3V3]
    Sheet: / (kibot.pre_erc - pre_erc.py:146)
WARNING:(W142) (footprint_link_issues) The current configuration does not include the footprint library 'suku_basics'.
    @(2.032 mm, 2.0447 mm): Symbol J1012 [SMD_NUT]
    Sheet: / (kibot.pre_erc - pre_erc.py:146)
WARNING:(W142) (lib_symbol_issues) The current configuration does not include the symbol library 'suku_basics'
    @(2.032 mm, 2.0447 mm): Symbol J1012 [SMD_NUT]
    Sheet: / (kibot.pre_erc - pre_erc.py:146)
WARNING:(W142) (lib_symbol_mismatch) Symbol 'GND' doesn't match copy in library 'power'
    @(2.032 mm, 2.0955 mm): Symbol #PWR01036 [GND]
    Sheet: / (kibot.pre_erc - pre_erc.py:146)
WARNING:(W142) (lib_symbol_mismatch) Symbol 'GND' doesn't match copy in library 'power'
    @(2.7178 mm, 1.0668 mm): Symbol #PWR01026 [GND]
    Sheet: / (kibot.pre_erc - pre_erc.py:146)
WARNING:(W142) (footprint_link_issues) The current configuration does not include the footprint library 'suku_basics'.
    @(2.9464 mm, 0.889 mm): Symbol U1002 [DISPLAY_TEK1]
    Sheet: / (kibot.pre_erc - pre_erc.py:146)
WARNING:(W142) (lib_symbol_issues) The current configuration does not include the symbol library 'suku_basics'
    @(2.9464 mm, 0.889 mm): Symbol U1002 [DISPLAY_TEK1]
    Sheet: / (kibot.pre_erc - pre_erc.py:146)
WARNING:(W142) (lib_symbol_mismatch) Symbol '+3V3' doesn't match copy in library 'power'
    @(3.2512 mm, 0.8382 mm): Symbol #PWR01016 [+3V3]
    Sheet: / (kibot.pre_erc - pre_erc.py:146)
WARNING:(W142) (footprint_link_issues) The current configuration does not include the footprint library 'suku_basics'.
    @(3.2512 mm, 0.889 mm): Symbol C1003 [CAP]
    Sheet: / (kibot.pre_erc - pre_erc.py:146)
WARNING:(W142) (lib_symbol_issues) The current configuration does not include the symbol library 'suku_basics'
    @(3.2512 mm, 0.889 mm): Symbol C1003 [CAP]
    Sheet: / (kibot.pre_erc - pre_erc.py:146)
WARNING:(W142) (lib_symbol_mismatch) Symbol 'GND' doesn't match copy in library 'power'
    @(3.2512 mm, 0.9398 mm): Symbol #PWR01020 [GND]
    Sheet: / (kibot.pre_erc - pre_erc.py:146)
WARNING:(W142) (lib_symbol_mismatch) Symbol '+3V3' doesn't match copy in library 'power'
    @(3.3782 mm, 0.8382 mm): Symbol #PWR01017 [+3V3]
    Sheet: / (kibot.pre_erc - pre_erc.py:146)
WARNING:(W142) (footprint_link_issues) The current configuration does not include the footprint library 'suku_basics'.
    @(3.3782 mm, 0.889 mm): Symbol C1004 [CAP]
    Sheet: / (kibot.pre_erc - pre_erc.py:146)
WARNING:(W142) (lib_symbol_issues) The current configuration does not include the symbol library 'suku_basics'
    @(3.3782 mm, 0.889 mm): Symbol C1004 [CAP]
    Sheet: / (kibot.pre_erc - pre_erc.py:146)
WARNING:(W142) (lib_symbol_mismatch) Symbol 'GND' doesn't match copy in library 'power'
    @(3.3782 mm, 0.9398 mm): Symbol #PWR01021 [GND]
    Sheet: / (kibot.pre_erc - pre_erc.py:146)
WARNING:(W142) (footprint_link_issues) The current configuration does not include the footprint library 'suku_basics'.
    @(3.7592 mm, 0.7366 mm): Symbol J1004 [SMD_NUT]
    Sheet: / (kibot.pre_erc - pre_erc.py:146)
WARNING:(W142) (lib_symbol_issues) The current configuration does not include the symbol library 'suku_basics'
    @(3.7592 mm, 0.7366 mm): Symbol J1004 [SMD_NUT]
    Sheet: / (kibot.pre_erc - pre_erc.py:146)
WARNING:(W142) (lib_symbol_mismatch) Symbol 'GND' doesn't match copy in library 'power'
    @(3.7592 mm, 0.7874 mm): Symbol #PWR01013 [GND]
    Sheet: / (kibot.pre_erc - pre_erc.py:146)
WARNING:(W142) (footprint_link_issues) The current configuration does not include the footprint library 'suku_basics'.
    @(3.7592 mm, 0.9906 mm): Symbol J1006 [SMD_NUT]
    Sheet: / (kibot.pre_erc - pre_erc.py:146)
WARNING:(W142) (lib_symbol_issues) The current configuration does not include the symbol library 'suku_basics'
    @(3.7592 mm, 0.9906 mm): Symbol J1006 [SMD_NUT]
    Sheet: / (kibot.pre_erc - pre_erc.py:146)
WARNING:(W142) (lib_symbol_mismatch) Symbol 'GND' doesn't match copy in library 'power'
    @(3.7592 mm, 1.0414 mm): Symbol #PWR01025 [GND]
    Sheet: / (kibot.pre_erc - pre_erc.py:146)
WARNING:(W144) Using filters from the `filters` preflight, move them to `drc` (kibot.pre_drc - pre_drc.py:41)
WARNING:(W145) 62 DRC warnings detected (kibot.pre_drc - pre_drc.py:150)
WARNING:(W145) (track_dangling) Track has unconnected end
    @(86.92 mm, 67.83 mm): Track [/LEDK] on B.Cu, length 6.0900 mm
    Check: Violations (kibot.pre_drc - pre_drc.py:150)
WARNING:(W145) (isolated_copper) Isolated copper fill
    @(45.0 mm, 45.0 mm): Zone [GND] on B.Cu
    Check: Violations (kibot.pre_drc - pre_drc.py:150)
WARNING:(W145) (silk_edge_clearance) Silkscreen clipped by board edge
    @(113.477742 mm, 54.489503 mm): Circle on Edge.Cuts
    @(114.67 mm, 55.53 mm): Segment on F.Silkscreen
    Check: Violations (kibot.pre_drc - pre_drc.py:150)
WARNING:(W145) (silk_edge_clearance) Silkscreen clipped by board edge
    @(113.477742 mm, 54.489503 mm): Circle on Edge.Cuts
    @(115.17 mm, 54.53 mm): Arc on F.Silkscreen
    Check: Violations (kibot.pre_drc - pre_drc.py:150)
WARNING:(W145) (silk_edge_clearance) Silkscreen clipped by board edge
    @(63.60978 mm, 52.48492 mm): Arc on Edge.Cuts
    @(61.83 mm, 54.03 mm): Segment on F.Silkscreen
    Check: Violations (kibot.pre_drc - pre_drc.py:150)
WARNING:(W145) (silk_edge_clearance) Silkscreen clipped by board edge
    @(60.137742 mm, 54.489503 mm): Circle on Edge.Cuts
    @(61.83 mm, 55.53 mm): Arc on F.Silkscreen
    Check: Violations (kibot.pre_drc - pre_drc.py:150)
WARNING:(W145) (silk_edge_clearance) Silkscreen clipped by board edge
    @(116.9498 mm, 52.4849 mm): Arc on Edge.Cuts
    @(115.17 mm, 54.03 mm): Segment on F.Silkscreen
    Check: Violations (kibot.pre_drc - pre_drc.py:150)
WARNING:(W145) (silk_edge_clearance) Silkscreen clipped by board edge
    @(60.137742 mm, 54.489503 mm): Circle on Edge.Cuts
    @(61.33 mm, 55.53 mm): Segment on F.Silkscreen
    Check: Violations (kibot.pre_drc - pre_drc.py:150)
WARNING:(W145) (silk_edge_clearance) Silkscreen clipped by board edge
    @(60.137742 mm, 54.489503 mm): Circle on Edge.Cuts
    @(61.83 mm, 54.53 mm): Arc on F.Silkscreen
    Check: Violations (kibot.pre_drc - pre_drc.py:150)
WARNING:(W145) (silk_edge_clearance) Silkscreen clipped by board edge
    @(113.477742 mm, 54.489503 mm): Circle on Edge.Cuts
    @(115.17 mm, 55.53 mm): Arc on F.Silkscreen
    Check: Violations (kibot.pre_drc - pre_drc.py:150)
WARNING:(W145) (silk_edge_clearance) Silkscreen clipped by board edge
    @(50.0 mm, 56.33 mm): Segment on Edge.Cuts
    @(50.93 mm, 56.03 mm): Rectangle of U1001 on F.Silkscreen
    Check: Violations (kibot.pre_drc - pre_drc.py:150)
WARNING:(W145) (silk_edge_clearance) Silkscreen clipped by board edge
    @(54.489503 mm, 60.137742 mm): Circle on Edge.Cuts
    @(52.93 mm, 58.03 mm): Rectangle of U1001 on F.Silkscreen
    Check: Violations (kibot.pre_drc - pre_drc.py:150)
WARNING:(W145) (silk_edge_clearance) Silkscreen clipped by board edge
    @(147.5 mm, 69.33 mm): Arc on Edge.Cuts
    @(147.07 mm, 88.63 mm): Rectangle of U1002 on F.Silkscreen
    Check: Violations (kibot.pre_drc - pre_drc.py:150)
WARNING:(W145) (silk_edge_clearance) Silkscreen clipped by board edge
    @(150.0 mm, 56.33 mm): Segment on Edge.Cuts
    @(149.07 mm, 90.63 mm): Rectangle of U1002 on F.Silkscreen
    Check: Violations (kibot.pre_drc - pre_drc.py:150)
WARNING:(W145) (silk_edge_clearance) Silkscreen clipped by board edge
    @(134.925 mm, 84.76 mm): Segment on Edge.Cuts
    @(122.67 mm, 83.33 mm): Segment of J1008 on B.Silkscreen
    Check: Violations (kibot.pre_drc - pre_drc.py:150)
WARNING:(W145) (silk_edge_clearance) Silkscreen clipped by board edge
    @(134.925 mm, 84.76 mm): Segment on Edge.Cuts
    @(130.67 mm, 89.33 mm): Segment of J1008 on B.Silkscreen
    Check: Violations (kibot.pre_drc - pre_drc.py:150)
WARNING:(W145) (silk_edge_clearance) Silkscreen clipped by board edge
    @(66.345 mm, 83.49 mm): Segment on Edge.Cuts
    @(69.33 mm, 83.33 mm): Segment of J1007 on B.Silkscreen
    Check: Violations (kibot.pre_drc - pre_drc.py:150)
WARNING:(W145) (silk_edge_clearance) Silkscreen clipped by board edge
    @(66.345 mm, 83.49 mm): Segment on Edge.Cuts
    @(77.33 mm, 89.33 mm): Segment of J1007 on B.Silkscreen
    Check: Violations (kibot.pre_drc - pre_drc.py:150)
WARNING:(W145) (silk_edge_clearance) Silkscreen clipped by board edge
    @(133.655 mm, 63.17 mm): Segment on Edge.Cuts
    @(122.67 mm, 57.33 mm): Segment of J1002 on B.Silkscreen
    Check: Violations (kibot.pre_drc - pre_drc.py:150)
WARNING:(W145) (silk_edge_clearance) Silkscreen clipped by board edge
    @(133.655 mm, 63.17 mm): Segment on Edge.Cuts
    @(130.67 mm, 63.33 mm): Segment of J1002 on B.Silkscreen
    Check: Violations (kibot.pre_drc - pre_drc.py:150)
WARNING:(W145) (silk_edge_clearance) Silkscreen clipped by board edge
    @(86.665 mm, 63.17 mm): Segment on Edge.Cuts
    @(69.33 mm, 57.33 mm): Segment of J1001 on B.Silkscreen
    Check: Violations (kibot.pre_drc - pre_drc.py:150)
WARNING:(W145) (silk_edge_clearance) Silkscreen clipped by board edge
    @(86.665 mm, 63.17 mm): Segment on Edge.Cuts
    @(77.33 mm, 63.33 mm): Segment of J1001 on B.Silkscreen
    Check: Violations (kibot.pre_drc - pre_drc.py:150)
WARNING:(W145) (footprint_type_mismatch) Footprint component type doesn't match footprint pads (expected 'Through hole'; actual 'SMD')
    @(74.12375 mm, 112.938125 mm): Footprint J1005
    Check: Violations (kibot.pre_drc - pre_drc.py:150)
WARNING:(W145) (footprint_type_mismatch) Footprint component type doesn't match footprint pads (expected 'Through hole'; actual 'SMD')
    @(125.87625 mm, 138.814375 mm): Footprint J1012
    Check: Violations (kibot.pre_drc - pre_drc.py:150)
WARNING:(W145) (footprint_type_mismatch) Footprint component type doesn't match footprint pads (expected 'Through hole'; actual 'SMD')
    @(74.12375 mm, 138.814375 mm): Footprint J1011
    Check: Violations (kibot.pre_drc - pre_drc.py:150)
WARNING:(W145) (footprint_type_mismatch) Footprint component type doesn't match footprint pads (expected 'Through hole'; actual 'SMD')
    @(138.17 mm, 63.33 mm): Footprint J1004
    Check: Violations (kibot.pre_drc - pre_drc.py:150)
WARNING:(W145) (footprint_type_mismatch) Footprint component type doesn't match footprint pads (expected 'Through hole'; actual 'SMD')
    @(125.87625 mm, 112.938125 mm): Footprint J1010
    Check: Violations (kibot.pre_drc - pre_drc.py:150)
WARNING:(W145) (footprint_type_mismatch) Footprint component type doesn't match footprint pads (expected 'Through hole'; actual 'SMD')
    @(61.83 mm, 83.33 mm): Footprint J1009
    Check: Violations (kibot.pre_drc - pre_drc.py:150)
WARNING:(W145) (footprint_type_mismatch) Footprint component type doesn't match footprint pads (expected 'Through hole'; actual 'SMD')
    @(61.83 mm, 63.33 mm): Footprint J1003
    Check: Violations (kibot.pre_drc - pre_drc.py:150)
WARNING:(W145) (footprint_type_mismatch) Footprint component type doesn't match footprint pads (expected 'Through hole'; actual 'SMD')
    @(138.17 mm, 83.33 mm): Footprint J1006
    Check: Violations (kibot.pre_drc - pre_drc.py:150)
WARNING:(W145) (lib_footprint_issues) The current configuration does not include the footprint library 'suku_basics'.
    @(73.33 mm, 73.33 mm): Footprint U1001
    Check: Violations (kibot.pre_drc - pre_drc.py:150)
WARNING:(W145) (lib_footprint_issues) The current configuration does not include the footprint library 'suku_basics'.
    @(126.67 mm, 73.33 mm): Footprint U1002
    Check: Violations (kibot.pre_drc - pre_drc.py:150)
WARNING:(W145) (lib_footprint_issues) The current configuration does not include the footprint library 'suku_basics'.
    @(87.0 mm, 125.5 mm): Footprint LOGO701
    Check: Violations (kibot.pre_drc - pre_drc.py:150)
WARNING:(W145) (lib_footprint_issues) The current configuration does not include the footprint library 'suku_basics'.
    @(110.0 mm, 86.0 mm): Footprint R1009
    Check: Violations (kibot.pre_drc - pre_drc.py:150)
WARNING:(W145) (lib_footprint_issues) The current configuration does not include the footprint library 'suku_basics'.
    @(74.12375 mm, 112.938125 mm): Footprint J1005
    Check: Violations (kibot.pre_drc - pre_drc.py:150)
WARNING:(W145) (lib_footprint_issues) The current configuration does not include the footprint library 'suku_basics'.
    @(76.25 mm, 69.08 mm): Footprint R1002
    Check: Violations (kibot.pre_drc - pre_drc.py:150)
WARNING:(W145) (lib_footprint_issues) The current configuration does not include the footprint library 'suku_basics'.
    @(126.67 mm, 88.33 mm): Footprint J1008
    Check: Violations (kibot.pre_drc - pre_drc.py:150)
WARNING:(W145) (lib_footprint_issues) The current configuration does not include the footprint library 'suku_basics'.
    @(73.33 mm, 88.33 mm): Footprint J1007
    Check: Violations (kibot.pre_drc - pre_drc.py:150)
WARNING:(W145) (lib_footprint_issues) The current configuration does not include the footprint library 'suku_basics'.
    @(125.87625 mm, 138.814375 mm): Footprint J1012
    Check: Violations (kibot.pre_drc - pre_drc.py:150)
WARNING:(W145) (lib_footprint_issues) The current configuration does not include the footprint library 'suku_basics'.
    @(124.0 mm, 77.58 mm): Footprint R1003
    Check: Violations (kibot.pre_drc - pre_drc.py:150)
WARNING:(W145) (lib_footprint_issues) The current configuration does not include the footprint library 'suku_basics'.
    @(93.0 mm, 86.0 mm): Footprint R1006
    Check: Violations (kibot.pre_drc - pre_drc.py:150)
WARNING:(W145) (lib_footprint_issues) The current configuration does not include the footprint library 'suku_basics'.
    @(74.12375 mm, 138.814375 mm): Footprint J1011
    Check: Violations (kibot.pre_drc - pre_drc.py:150)
WARNING:(W145) (lib_footprint_issues) The current configuration does not include the footprint library 'suku_basics'.
    @(124.02 mm, 75.58 mm): Footprint C1004
    Check: Violations (kibot.pre_drc - pre_drc.py:150)
WARNING:(W145) (lib_footprint_issues) The current configuration does not include the footprint library 'suku_basics'.
    @(76.25 mm, 71.08 mm): Footprint C1002
    Check: Violations (kibot.pre_drc - pre_drc.py:150)
WARNING:(W145) (lib_footprint_issues) The current configuration does not include the footprint library 'suku_basics'.
    @(126.67 mm, 58.33 mm): Footprint J1002
    Check: Violations (kibot.pre_drc - pre_drc.py:150)
WARNING:(W145) (lib_footprint_issues) The current configuration does not include the footprint library 'suku_basics'.
    @(92.45 mm, 59.5 mm): Footprint Q1001
    Check: Violations (kibot.pre_drc - pre_drc.py:150)
WARNING:(W145) (lib_footprint_issues) The current configuration does not include the footprint library 'suku_basics'.
    @(73.33 mm, 58.33 mm): Footprint J1001
    Check: Violations (kibot.pre_drc - pre_drc.py:150)
WARNING:(W145) (lib_footprint_issues) The current configuration does not include the footprint library 'suku_basics'.
    @(138.17 mm, 63.33 mm): Footprint J1004
    Check: Violations (kibot.pre_drc - pre_drc.py:150)
WARNING:(W145) (lib_footprint_issues) The current configuration does not include the footprint library 'suku_basics'.
    @(125.87625 mm, 112.938125 mm): Footprint J1010
    Check: Violations (kibot.pre_drc - pre_drc.py:150)
WARNING:(W145) (lib_footprint_issues) The current configuration does not include the footprint library 'suku_basics'.
    @(75.25 mm, 71.08 mm): Footprint C1001
    Check: Violations (kibot.pre_drc - pre_drc.py:150)
WARNING:(W145) (lib_footprint_issues) The current configuration does not include the footprint library 'suku_basics'.
    @(61.83 mm, 83.33 mm): Footprint J1009
    Check: Violations (kibot.pre_drc - pre_drc.py:150)
WARNING:(W145) (lib_footprint_issues) The current configuration does not include the footprint library 'suku_basics'.
    @(91.5 mm, 86.0 mm): Footprint R1005
    Check: Violations (kibot.pre_drc - pre_drc.py:150)
WARNING:(W145) (lib_footprint_issues) The current configuration does not include the footprint library 'suku_basics'.
    @(61.83 mm, 63.33 mm): Footprint J1003
    Check: Violations (kibot.pre_drc - pre_drc.py:150)
WARNING:(W145) (lib_footprint_issues) The current configuration does not include the footprint library 'suku_basics'.
    @(138.17 mm, 83.33 mm): Footprint J1006
    Check: Violations (kibot.pre_drc - pre_drc.py:150)
WARNING:(W145) (lib_footprint_issues) The current configuration does not include the footprint library 'suku_basics'.
    @(125.0 mm, 75.58 mm): Footprint C1003
    Check: Violations (kibot.pre_drc - pre_drc.py:150)
WARNING:(W145) (lib_footprint_issues) The current configuration does not include the footprint library 'suku_basics'.
    @(90.0 mm, 86.0 mm): Footprint R1004
    Check: Violations (kibot.pre_drc - pre_drc.py:150)
WARNING:(W145) (lib_footprint_issues) The current configuration does not include the footprint library 'suku_basics'.
    @(107.0 mm, 86.0 mm): Footprint R1008
    Check: Violations (kibot.pre_drc - pre_drc.py:150)
WARNING:(W145) (lib_footprint_issues) The current configuration does not include the footprint library 'suku_basics'.
    @(108.5 mm, 86.0 mm): Footprint R1007
    Check: Violations (kibot.pre_drc - pre_drc.py:150)
WARNING:(W145) (lib_footprint_issues) The current configuration does not include the footprint library 'suku_basics'.
    @(89.5 mm, 58.5 mm): Footprint R1001
    Check: Violations (kibot.pre_drc - pre_drc.py:150)
WARNING:(W145) (text_height) Text height out of range (board setup constraints silk text height min height 0.8000 mm; actual 0.7000 mm)
    @(113.0 mm, 126.0 mm): PCB text 'Intech Studio
PCBA-VSNX-LCDMOUNT
c9e5bb1
2025-06-27
EE: Suku
LAYER 3' on F.Silkscreen
    Check: Violations (kibot.pre_drc - pre_drc.py:150)
WARNING:(W143) The `pdf_pcb_print` and `svg_pcb_print` outputs are deprecated, use `pcb_print` instead (kibot - out_any_pcb_print.py:72)
WARNING:(W143) The `pdf_pcb_print` and `svg_pcb_print` outputs are deprecated, use `pcb_print` instead (kibot - out_any_pcb_print.py:72)
WARNING:(W049) Layer "Inner layer 1" (In1_Cu) isn't used (kibot - out_any_layer.py:195)
WARNING:(W049) Layer "Inner layer 2" (In2_Cu) isn't used (kibot - out_any_layer.py:195)
WARNING:(W049) Layer "Inner layer 3" (In3_Cu) isn't used (kibot - out_any_layer.py:195)
WARNING:(W049) Layer "Inner layer 4" (In4_Cu) isn't used (kibot - out_any_layer.py:195)
WARNING:(W049) Layer "Inner layer 5" (In5_Cu) isn't used (kibot - out_any_layer.py:195)
WARNING:(W049) Layer "Inner layer 6" (In6_Cu) isn't used (kibot - out_any_layer.py:195)
WARNING:(W143) This output depends on KiCad version, use `blender_export` instead (kibot - out_render_3d.py:307)
ERROR:Unable to expand `INTECH_3D` in `${INTECH_3D}/battery_conn.step` (kibot - config.py:130)
WARNING:(W047) Missing 3D model for J1008: `${INTECH_3D}/battery_conn.step` (kibot - out_base_3d.py:529)
WARNING:(W047) Missing 3D model for J1007: `${INTECH_3D}/battery_conn.step` (kibot - out_base_3d.py:529)
WARNING:(W047) Missing 3D model for J1002: `${INTECH_3D}/battery_conn.step` (kibot - out_base_3d.py:529)
WARNING:(W047) Missing 3D model for J1001: `${INTECH_3D}/battery_conn.step` (kibot - out_base_3d.py:529)
WARNING:(W098)  3 3D models downloaded or cached (kibot - out_base_3d.py:542)
WARNING:(W143) This output depends on KiCad version, use `blender_export` instead (kibot - out_render_3d.py:307)
ERROR:Unable to expand `INTECH_3D` in `${INTECH_3D}/battery_conn.step` (kibot - config.py:130)
WARNING:(W047) Missing 3D model for J1008: `${INTECH_3D}/battery_conn.step` (kibot - out_base_3d.py:529)
WARNING:(W047) Missing 3D model for J1007: `${INTECH_3D}/battery_conn.step` (kibot - out_base_3d.py:529)
WARNING:(W047) Missing 3D model for J1002: `${INTECH_3D}/battery_conn.step` (kibot - out_base_3d.py:529)
WARNING:(W047) Missing 3D model for J1001: `${INTECH_3D}/battery_conn.step` (kibot - out_base_3d.py:529)
WARNING:(W098)  3 3D models downloaded or cached (kibot - out_base_3d.py:542)
WARNING:(W143) For KiCad 9 use the `export_3d` output instead of `step` (kibot - out_step.py:55)
ERROR:Unable to expand `INTECH_3D` in `${INTECH_3D}/battery_conn.step` (kibot - config.py:130)
WARNING:(W047) Missing 3D model for J1008: `${INTECH_3D}/battery_conn.step` (kibot - out_base_3d.py:529)
WARNING:(W047) Missing 3D model for J1007: `${INTECH_3D}/battery_conn.step` (kibot - out_base_3d.py:529)
WARNING:(W047) Missing 3D model for J1002: `${INTECH_3D}/battery_conn.step` (kibot - out_base_3d.py:529)
WARNING:(W047) Missing 3D model for J1001: `${INTECH_3D}/battery_conn.step` (kibot - out_base_3d.py:529)
WARNING:(W098)  3 3D models downloaded or cached (kibot - out_base_3d.py:542)
ERROR:Unable to expand `INTECH_3D` in `${INTECH_3D}/battery_conn.step` (kibot - config.py:130)
WARNING:(W047) Missing 3D model for J1008: `${INTECH_3D}/battery_conn.step` (kibot - out_base_3d.py:529)
WARNING:(W047) Missing 3D model for J1007: `${INTECH_3D}/battery_conn.step` (kibot - out_base_3d.py:529)
WARNING:(W047) Missing 3D model for J1002: `${INTECH_3D}/battery_conn.step` (kibot - out_base_3d.py:529)
WARNING:(W047) Missing 3D model for J1001: `${INTECH_3D}/battery_conn.step` (kibot - out_base_3d.py:529)
WARNING:(W098)  3 3D models downloaded or cached (kibot - out_base_3d.py:542)
