WARNING:(W144) Using filters from the `filters` preflight, move them to `erc` (kibot.pre_erc - pre_erc.py:38)
WARNING:(W144) Using filters from the `filters` preflight, move them to `drc` (kibot.pre_drc - pre_drc.py:41)
WARNING:(W145) 19 DRC warnings detected (kibot.pre_drc - pre_drc.py:150)
WARNING:(W145) (silk_edge_clearance) Silkscreen clipped by board edge
    @(106.2501 mm, 119.7499 mm): Arc on Edge.Cuts
    @(107.0 mm, 119.7499 mm): Rectangle on F.Silkscreen
    Check: Violations (kibot.pre_drc - pre_drc.py:150)
WARNING:(W145) (silk_edge_clearance) Silkscreen clipped by board edge
    @(113.87 mm, 117.25 mm): Arc on Edge.Cuts
    @(114.62 mm, 104.75 mm): Rectangle on F.Silkscreen
    Check: Violations (kibot.pre_drc - pre_drc.py:150)
WARNING:(W145) (silk_edge_clearance) Silkscreen clipped by board edge
    @(131.85 mm, 104.75 mm): Arc on Edge.Cuts
    @(129.86 mm, 104.75 mm): Rectangle on F.Silkscreen
    Check: Violations (kibot.pre_drc - pre_drc.py:150)
WARNING:(W145) (silk_edge_clearance) Silkscreen clipped by board edge
    @(68.1501 mm, 104.7499 mm): Arc on Edge.Cuts
    @(68.9 mm, 104.75 mm): Rectangle on F.Silkscreen
    Check: Violations (kibot.pre_drc - pre_drc.py:150)
WARNING:(W145) (silk_edge_clearance) Silkscreen clipped by board edge
    @(86.13 mm, 104.75 mm): Arc on Edge.Cuts
    @(84.14 mm, 104.75 mm): Rectangle on F.Silkscreen
    Check: Violations (kibot.pre_drc - pre_drc.py:150)
WARNING:(W145) (silk_edge_clearance) Silkscreen clipped by board edge
    @(91.0101 mm, 119.7499 mm): Arc on Edge.Cuts
    @(91.76 mm, 119.75 mm): Rectangle on F.Silkscreen
    Check: Violations (kibot.pre_drc - pre_drc.py:150)
WARNING:(W145) (silk_edge_clearance) Silkscreen clipped by board edge
    @(101.37 mm, 104.75 mm): Arc on Edge.Cuts
    @(99.38 mm, 104.75 mm): Rectangle on F.Silkscreen
    Check: Violations (kibot.pre_drc - pre_drc.py:150)
WARNING:(W145) (silk_edge_clearance) Silkscreen clipped by board edge
    @(75.7701 mm, 119.7499 mm): Arc on Edge.Cuts
    @(76.52 mm, 119.7499 mm): Rectangle on F.Silkscreen
    Check: Violations (kibot.pre_drc - pre_drc.py:150)
WARNING:(W145) (silk_edge_clearance) Silkscreen clipped by board edge
    @(124.23 mm, 119.75 mm): Arc on Edge.Cuts
    @(122.24 mm, 119.75 mm): Rectangle on F.Silkscreen
    Check: Violations (kibot.pre_drc - pre_drc.py:150)
WARNING:(W145) (silk_edge_clearance) Silkscreen clipped by board edge
    @(113.87 mm, 117.25 mm): Arc on Edge.Cuts
    @(114.62 mm, 104.75 mm): Rectangle on B.Silkscreen
    Check: Violations (kibot.pre_drc - pre_drc.py:150)
WARNING:(W145) (silk_edge_clearance) Silkscreen clipped by board edge
    @(75.7701 mm, 119.7499 mm): Arc on Edge.Cuts
    @(76.52 mm, 119.7499 mm): Rectangle on B.Silkscreen
    Check: Violations (kibot.pre_drc - pre_drc.py:150)
WARNING:(W145) (silk_edge_clearance) Silkscreen clipped by board edge
    @(101.37 mm, 104.75 mm): Arc on Edge.Cuts
    @(99.38 mm, 104.75 mm): Rectangle on B.Silkscreen
    Check: Violations (kibot.pre_drc - pre_drc.py:150)
WARNING:(W145) (silk_edge_clearance) Silkscreen clipped by board edge
    @(68.1501 mm, 104.7499 mm): Arc on Edge.Cuts
    @(68.9 mm, 104.75 mm): Rectangle on B.Silkscreen
    Check: Violations (kibot.pre_drc - pre_drc.py:150)
WARNING:(W145) (silk_edge_clearance) Silkscreen clipped by board edge
    @(131.85 mm, 104.75 mm): Arc on Edge.Cuts
    @(129.86 mm, 104.75 mm): Rectangle on B.Silkscreen
    Check: Violations (kibot.pre_drc - pre_drc.py:150)
WARNING:(W145) (silk_edge_clearance) Silkscreen clipped by board edge
    @(106.2501 mm, 119.7499 mm): Arc on Edge.Cuts
    @(107.0 mm, 119.7499 mm): Rectangle on B.Silkscreen
    Check: Violations (kibot.pre_drc - pre_drc.py:150)
WARNING:(W145) (silk_edge_clearance) Silkscreen clipped by board edge
    @(124.23 mm, 119.75 mm): Arc on Edge.Cuts
    @(122.24 mm, 119.75 mm): Rectangle on B.Silkscreen
    Check: Violations (kibot.pre_drc - pre_drc.py:150)
WARNING:(W145) (silk_edge_clearance) Silkscreen clipped by board edge
    @(86.13 mm, 104.75 mm): Arc on Edge.Cuts
    @(84.14 mm, 104.75 mm): Rectangle on B.Silkscreen
    Check: Violations (kibot.pre_drc - pre_drc.py:150)
WARNING:(W145) (silk_edge_clearance) Silkscreen clipped by board edge
    @(91.0101 mm, 119.7499 mm): Arc on Edge.Cuts
    @(91.76 mm, 119.75 mm): Rectangle on B.Silkscreen
    Check: Violations (kibot.pre_drc - pre_drc.py:150)
WARNING:(W145) (text_height) Text height out of range (board setup constraints silk text height min height 0.8000 mm; actual 0.7000 mm)
    @(138.4 mm, 119.0 mm): PCB text 'Intech Studio
PCBA-OCTV-SPACER
3c0a876







2026-01-14
EE: Suku' on F.Silkscreen
    Check: Violations (kibot.pre_drc - pre_drc.py:150)
WARNING:(W143) The `pdf_pcb_print` and `svg_pcb_print` outputs are deprecated, use `pcb_print` instead (kibot - out_any_pcb_print.py:72)
WARNING:(W143) The `pdf_pcb_print` and `svg_pcb_print` outputs are deprecated, use `pcb_print` instead (kibot - out_any_pcb_print.py:72)
WARNING:(W049) Layer "Inner layer 1" (In1_Cu) isn't used (kibot - out_any_layer.py:197)
WARNING:(W049) Layer "Inner layer 2" (In2_Cu) isn't used (kibot - out_any_layer.py:197)
WARNING:(W049) Layer "Inner layer 3" (In3_Cu) isn't used (kibot - out_any_layer.py:197)
WARNING:(W049) Layer "Inner layer 4" (In4_Cu) isn't used (kibot - out_any_layer.py:197)
WARNING:(W049) Layer "Inner layer 5" (In5_Cu) isn't used (kibot - out_any_layer.py:197)
WARNING:(W049) Layer "Inner layer 6" (In6_Cu) isn't used (kibot - out_any_layer.py:197)
WARNING:(W143) This output depends on KiCad version, use `blender_export` instead (kibot - out_render_3d.py:307)
WARNING:(W143) This output depends on KiCad version, use `blender_export` instead (kibot - out_render_3d.py:307)
WARNING:(W143) For KiCad 9 use the `export_3d` output instead of `step` (kibot - out_step.py:55)
