WARNING:(W144) Using filters from the `filters` preflight, move them to `erc` (kibot.pre_erc - pre_erc.py:38)
WARNING:(W144) Using filters from the `filters` preflight, move them to `drc` (kibot.pre_drc - pre_drc.py:41)
WARNING:(W145) 2 DRC warnings detected (kibot.pre_drc - pre_drc.py:150)
WARNING:(W145) (text_height) Text height out of range (board setup constraints silk text height min height 0.8000 mm; actual 0.7000 mm)
    @(125.87625 mm, 144.0 mm): PCB text 'L1, L2
7909aab
2025-10-21' on F.Silkscreen
    Check: Violations (kibot.pre_drc - pre_drc.py:150)
WARNING:(W145) (text_height) Text height out of range (board setup constraints silk text height min height 0.8000 mm; actual 0.7000 mm)
    @(113.75 mm, 148.0 mm): PCB text 'Intech Studio
PCBA-BU16-SPACER' on F.Silkscreen
    Check: Violations (kibot.pre_drc - pre_drc.py:150)
WARNING:(W143) The `pdf_pcb_print` and `svg_pcb_print` outputs are deprecated, use `pcb_print` instead (kibot - out_any_pcb_print.py:72)
WARNING:(W143) The `pdf_pcb_print` and `svg_pcb_print` outputs are deprecated, use `pcb_print` instead (kibot - out_any_pcb_print.py:72)
WARNING:(W049) Layer "Inner layer 1" (In1_Cu) isn't used (kibot - out_any_layer.py:195)
WARNING:(W049) Layer "Inner layer 2" (In2_Cu) isn't used (kibot - out_any_layer.py:195)
WARNING:(W049) Layer "Inner layer 3" (In3_Cu) isn't used (kibot - out_any_layer.py:195)
WARNING:(W049) Layer "Inner layer 4" (In4_Cu) isn't used (kibot - out_any_layer.py:195)
WARNING:(W049) Layer "Inner layer 5" (In5_Cu) isn't used (kibot - out_any_layer.py:195)
WARNING:(W049) Layer "Inner layer 6" (In6_Cu) isn't used (kibot - out_any_layer.py:195)
WARNING:(W143) This output depends on KiCad version, use `blender_export` instead (kibot - out_render_3d.py:307)
WARNING:(W143) This output depends on KiCad version, use `blender_export` instead (kibot - out_render_3d.py:307)
WARNING:(W143) For KiCad 9 use the `export_3d` output instead of `step` (kibot - out_step.py:55)
