WARNING:(W144) Using filters from the `filters` preflight, move them to `erc` (kibot.pre_erc - pre_erc.py:38)
WARNING:(W142) 48 ERC warnings detected (kibot.pre_erc - pre_erc.py:146)
WARNING:(W142) (lib_symbol_mismatch) Symbol 'VBUS' doesn't match copy in library 'power'
    @(0.8382 mm, 0.5842 mm): Symbol #PWR0507 [VBUS]
    Sheet: / (kibot.pre_erc - pre_erc.py:146)
WARNING:(W142) (lib_symbol_issues) The current configuration does not include the symbol library 'suku_basics'
    @(0.6604 mm, 0.8128 mm): Symbol J501 [USB_C_TYPE-C-32-M-12]
    Sheet: / (kibot.pre_erc - pre_erc.py:146)
WARNING:(W142) (lib_symbol_mismatch) Symbol 'GND' doesn't match copy in library 'power'
    @(0.5588 mm, 1.143 mm): Symbol #PWR0503 [GND]
    Sheet: / (kibot.pre_erc - pre_erc.py:146)
WARNING:(W142) (lib_symbol_mismatch) Symbol 'GND' doesn't match copy in library 'power'
    @(0.8382 mm, 1.0668 mm): Symbol #PWR0504 [GND]
    Sheet: / (kibot.pre_erc - pre_erc.py:146)
WARNING:(W142) (lib_symbol_issues) The current configuration does not include the symbol library 'suku_basics'
    @(0.9906 mm, 0.9398 mm): Symbol R504 [RES]
    Sheet: / (kibot.pre_erc - pre_erc.py:146)
WARNING:(W142) (lib_symbol_mismatch) Symbol 'GND' doesn't match copy in library 'power'
    @(0.9906 mm, 1.0414 mm): Symbol #PWR0517 [GND]
    Sheet: / (kibot.pre_erc - pre_erc.py:146)
WARNING:(W142) (lib_symbol_issues) The current configuration does not include the symbol library 'suku_basics'
    @(1.0922 mm, 0.9398 mm): Symbol R505 [RES]
    Sheet: / (kibot.pre_erc - pre_erc.py:146)
WARNING:(W142) (lib_symbol_mismatch) Symbol 'GND' doesn't match copy in library 'power'
    @(1.0922 mm, 1.0414 mm): Symbol #PWR0516 [GND]
    Sheet: / (kibot.pre_erc - pre_erc.py:146)
WARNING:(W142) (lib_symbol_mismatch) Symbol 'VBUS' doesn't match copy in library 'power'
    @(1.651 mm, 0.635 mm): Symbol #PWR0510 [VBUS]
    Sheet: / (kibot.pre_erc - pre_erc.py:146)
WARNING:(W142) (lib_symbol_issues) The current configuration does not include the symbol library 'suku_basics'
    @(1.651 mm, 0.6858 mm): Symbol R501 [RES]
    Sheet: / (kibot.pre_erc - pre_erc.py:146)
WARNING:(W142) (lib_symbol_mismatch) Symbol 'VBUS' doesn't match copy in library 'power'
    @(1.7272 mm, 0.635 mm): Symbol #PWR0508 [VBUS]
    Sheet: / (kibot.pre_erc - pre_erc.py:146)
WARNING:(W142) (lib_symbol_mismatch) Symbol 'GND' doesn't match copy in library 'power'
    @(1.016 mm, 1.5494 mm): Symbol #PWR0513 [GND]
    Sheet: / (kibot.pre_erc - pre_erc.py:146)
WARNING:(W142) (lib_symbol_issues) The current configuration does not include the symbol library 'suku_basics'
    @(1.1684 mm, 1.4732 mm): Symbol R507 [RES]
    Sheet: / (kibot.pre_erc - pre_erc.py:146)
WARNING:(W142) (lib_symbol_issues) The current configuration does not include the symbol library 'suku_basics'
    @(1.1684 mm, 1.4986 mm): Symbol R508 [RES]
    Sheet: / (kibot.pre_erc - pre_erc.py:146)
WARNING:(W142) (pin_to_pin) Pins of type Unspecified and Power input are connected
    @(1.778 mm, 0.6858 mm): Symbol USB501 Pin B12 [GND, Unspecified, Line]
    @(1.8796 mm, 0.5842 mm): Symbol #PWR0501 Hidden pin 1 [GND, Power input, Line]
    Sheet: / (kibot.pre_erc - pre_erc.py:146)
WARNING:(W142) (pin_to_pin) Pins of type Unspecified and Power input are connected
    @(1.778 mm, 0.762 mm): Symbol USB501 Pin B9 [VBUS, Unspecified, Line]
    @(1.7272 mm, 0.635 mm): Symbol #PWR0508 Hidden pin 1 [VBUS, Power input, Line]
    Sheet: / (kibot.pre_erc - pre_erc.py:146)
WARNING:(W142) (pin_to_pin) Pins of type Unspecified and Passive are connected
    @(1.778 mm, 0.7874 mm): Symbol USB501 Pin B8 [SBU2, Unspecified, Line]
    @(1.1938 mm, 1.4732 mm): Symbol R507 Pin 2 [Passive, Line]
    Sheet: / (kibot.pre_erc - pre_erc.py:146)
WARNING:(W142) (pin_to_pin) Pins of type Unspecified and Bidirectional are connected
    @(1.778 mm, 0.8128 mm): Symbol USB501 Pin B7 [D-, Unspecified, Line]
    @(0.8128 mm, 0.8128 mm): Symbol J501 Pin B7 [D-, Bidirectional, Line]
    Sheet: / (kibot.pre_erc - pre_erc.py:146)
WARNING:(W142) (pin_to_pin) Pins of type Unspecified and Bidirectional are connected
    @(1.778 mm, 0.8382 mm): Symbol USB501 Pin B6 [D+, Unspecified, Line]
    @(0.8128 mm, 0.8382 mm): Symbol J501 Pin A6 [D+, Bidirectional, Line]
    Sheet: / (kibot.pre_erc - pre_erc.py:146)
WARNING:(W142) (lib_symbol_mismatch) Symbol 'GND' doesn't match copy in library 'power'
    @(1.8796 mm, 0.5842 mm): Symbol #PWR0501 [GND]
    Sheet: / (kibot.pre_erc - pre_erc.py:146)
WARNING:(W142) (pin_to_pin) Pins of type Unspecified and Passive are connected
    @(1.778 mm, 0.8636 mm): Symbol USB501 Pin B5 [VCONN, Unspecified, Line]
    @(1.651 mm, 0.7112 mm): Symbol R501 Pin 2 [Passive, Line]
    Sheet: / (kibot.pre_erc - pre_erc.py:146)
WARNING:(W142) (pin_to_pin) Pins of type Unspecified and Unspecified are connected
    @(1.778 mm, 0.889 mm): Symbol USB501 Pin B4 [VBUS, Unspecified, Line]
    @(1.778 mm, 0.762 mm): Symbol USB501 Pin B9 [VBUS, Unspecified, Line]
    Sheet: / (kibot.pre_erc - pre_erc.py:146)
WARNING:(W142) (lib_symbol_mismatch) Symbol 'GND' doesn't match copy in library 'power'
    @(1.7526 mm, 0.9906 mm): Symbol #PWR0505 [GND]
    Sheet: / (kibot.pre_erc - pre_erc.py:146)
WARNING:(W142) (pin_to_pin) Pins of type Unspecified and Power input are connected
    @(1.778 mm, 0.9652 mm): Symbol USB501 Pin B1 [GND, Unspecified, Line]
    @(1.7526 mm, 0.9906 mm): Symbol #PWR0505 Hidden pin 1 [GND, Power input, Line]
    Sheet: / (kibot.pre_erc - pre_erc.py:146)
WARNING:(W142) (pin_to_pin) Pins of type Unspecified and Power input are connected
    @(1.9304 mm, 0.635 mm): Symbol USB501 Pin 2 [EH, Unspecified, Line]
    @(1.8796 mm, 0.5842 mm): Symbol #PWR0501 Hidden pin 1 [GND, Power input, Line]
    Sheet: / (kibot.pre_erc - pre_erc.py:146)
WARNING:(W142) (lib_symbol_mismatch) Symbol 'GND' doesn't match copy in library 'power'
    @(1.016 mm, 1.778 mm): Symbol #PWR0515 [GND]
    Sheet: / (kibot.pre_erc - pre_erc.py:146)
WARNING:(W142) (lib_symbol_issues) The current configuration does not include the symbol library 'suku_basics'
    @(1.1684 mm, 1.7018 mm): Symbol R506 [RES]
    Sheet: / (kibot.pre_erc - pre_erc.py:146)
WARNING:(W142) (lib_symbol_issues) The current configuration does not include the symbol library 'suku_basics'
    @(1.1684 mm, 1.7272 mm): Symbol R503 [RES]
    Sheet: / (kibot.pre_erc - pre_erc.py:146)
WARNING:(W142) (lib_symbol_issues) The current configuration does not include the symbol library 'suku_basics'
    @(1.9304 mm, 0.8382 mm): Symbol USB501 [U261-241N-4BS60]
    Sheet: / (kibot.pre_erc - pre_erc.py:146)
WARNING:(W142) (pin_to_pin) Pins of type Unspecified and Power input are connected
    @(1.9304 mm, 1.016 mm): Symbol USB501 Pin 1 [EH, Unspecified, Line]
    @(1.9304 mm, 1.0414 mm): Symbol #PWR0502 Hidden pin 1 [GND, Power input, Line]
    Sheet: / (kibot.pre_erc - pre_erc.py:146)
WARNING:(W142) (pin_to_pin) Pins of type Unspecified and Power input are connected
    @(2.0828 mm, 0.6858 mm): Symbol USB501 Pin A1 [GND, Unspecified, Line]
    @(1.8796 mm, 0.5842 mm): Symbol #PWR0501 Hidden pin 1 [GND, Power input, Line]
    Sheet: / (kibot.pre_erc - pre_erc.py:146)
WARNING:(W142) (lib_symbol_mismatch) Symbol 'GND' doesn't match copy in library 'power'
    @(1.9304 mm, 1.0414 mm): Symbol #PWR0502 [GND]
    Sheet: / (kibot.pre_erc - pre_erc.py:146)
WARNING:(W142) (pin_to_pin) Pins of type Unspecified and Unspecified are connected
    @(2.0828 mm, 0.762 mm): Symbol USB501 Pin A4 [VBUS, Unspecified, Line]
    @(2.0828 mm, 0.889 mm): Symbol USB501 Pin A9 [VBUS, Unspecified, Line]
    Sheet: / (kibot.pre_erc - pre_erc.py:146)
WARNING:(W142) (lib_symbol_mismatch) Symbol 'VBUS' doesn't match copy in library 'power'
    @(2.1336 mm, 0.635 mm): Symbol #PWR0509 [VBUS]
    Sheet: / (kibot.pre_erc - pre_erc.py:146)
WARNING:(W142) (pin_to_pin) Pins of type Unspecified and Passive are connected
    @(2.0828 mm, 0.7874 mm): Symbol USB501 Pin A5 [CC, Unspecified, Line]
    @(2.2098 mm, 0.7112 mm): Symbol R502 Pin 2 [Passive, Line]
    Sheet: / (kibot.pre_erc - pre_erc.py:146)
WARNING:(W142) (pin_to_pin) Pins of type Unspecified and Passive are connected
    @(2.0828 mm, 0.8128 mm): Symbol USB501 Pin A6 [D+, Unspecified, Line]
    @(2.9464 mm, 1.1176 mm): Symbol SW502 Pin 2 [B, Passive, Line]
    Sheet: / (kibot.pre_erc - pre_erc.py:146)
WARNING:(W142) (pin_to_pin) Pins of type Unspecified and Passive are connected
    @(2.0828 mm, 0.8382 mm): Symbol USB501 Pin A7 [D-, Unspecified, Line]
    @(2.9718 mm, 1.4478 mm): Symbol SW501 Pin 2 [B, Passive, Line]
    Sheet: / (kibot.pre_erc - pre_erc.py:146)
WARNING:(W142) (pin_to_pin) Pins of type Unspecified and Passive are connected
    @(2.0828 mm, 0.8636 mm): Symbol USB501 Pin A8 [SBU1, Unspecified, Line]
    @(1.1938 mm, 1.4986 mm): Symbol R508 Pin 1 [Passive, Line]
    Sheet: / (kibot.pre_erc - pre_erc.py:146)
WARNING:(W142) (pin_to_pin) Pins of type Unspecified and Power input are connected
    @(2.0828 mm, 0.889 mm): Symbol USB501 Pin A9 [VBUS, Unspecified, Line]
    @(2.1336 mm, 0.635 mm): Symbol #PWR0509 Hidden pin 1 [VBUS, Power input, Line]
    Sheet: / (kibot.pre_erc - pre_erc.py:146)
WARNING:(W142) (pin_to_pin) Pins of type Unspecified and Power input are connected
    @(2.0828 mm, 0.9652 mm): Symbol USB501 Pin A12 [GND, Unspecified, Line]
    @(2.1082 mm, 0.9906 mm): Symbol #PWR0506 Hidden pin 1 [GND, Power input, Line]
    Sheet: / (kibot.pre_erc - pre_erc.py:146)
WARNING:(W142) (lib_symbol_mismatch) Symbol 'VBUS' doesn't match copy in library 'power'
    @(2.2098 mm, 0.635 mm): Symbol #PWR0512 [VBUS]
    Sheet: / (kibot.pre_erc - pre_erc.py:146)
WARNING:(W142) (lib_symbol_issues) The current configuration does not include the symbol library 'suku_basics'
    @(2.2098 mm, 0.6858 mm): Symbol R502 [RES]
    Sheet: / (kibot.pre_erc - pre_erc.py:146)
WARNING:(W142) (lib_symbol_mismatch) Symbol 'GND' doesn't match copy in library 'power'
    @(2.1082 mm, 0.9906 mm): Symbol #PWR0506 [GND]
    Sheet: / (kibot.pre_erc - pre_erc.py:146)
WARNING:(W142) (multiple_net_names) Both A6 and ESP_RESET are attached to the same items; A6 will be used in the netlist
    @(2.159 mm, 0.8128 mm): Label 'A6'
    @(2.2606 mm, 0.8128 mm): Label 'ESP_RESET'
    Sheet: / (kibot.pre_erc - pre_erc.py:146)
WARNING:(W142) (lib_symbol_mismatch) Symbol 'GND' doesn't match copy in library 'power'
    @(2.2606 mm, 1.3716 mm): Symbol #PWR0518 [GND]
    Sheet: / (kibot.pre_erc - pre_erc.py:146)
WARNING:(W142) (multiple_net_names) Both A7 and ESP_BOOT0 are attached to the same items; A7 will be used in the netlist
    @(2.159 mm, 0.8382 mm): Label 'A7'
    @(2.8194 mm, 1.4478 mm): Label 'ESP_BOOT0'
    Sheet: / (kibot.pre_erc - pre_erc.py:146)
WARNING:(W142) (lib_symbol_mismatch) Symbol 'GND' doesn't match copy in library 'power'
    @(3.0734 mm, 1.1684 mm): Symbol #PWR0514 [GND]
    Sheet: / (kibot.pre_erc - pre_erc.py:146)
WARNING:(W142) (lib_symbol_mismatch) Symbol 'GND' doesn't match copy in library 'power'
    @(3.0988 mm, 1.4986 mm): Symbol #PWR0511 [GND]
    Sheet: / (kibot.pre_erc - pre_erc.py:146)
WARNING:(W144) Using filters from the `filters` preflight, move them to `drc` (kibot.pre_drc - pre_drc.py:41)
WARNING:(W145) 9 DRC warnings detected (kibot.pre_drc - pre_drc.py:150)
WARNING:(W145) (isolated_copper) Isolated copper fill
    @(45.0 mm, 45.0 mm): Zone [GND] on F.Cu, priority 0
    Check: Violations (kibot.pre_drc - pre_drc.py:150)
WARNING:(W145) (isolated_copper) Isolated copper fill
    @(45.0 mm, 45.0 mm): Zone [GND] on B.Cu, priority 0
    Check: Violations (kibot.pre_drc - pre_drc.py:150)
WARNING:(W145) (silk_edge_clearance) Silkscreen clipped by board edge
    @(118.0 mm, 75.0 mm): Segment on Edge.Cuts
    @(95.25 mm, 81.435 mm): Segment of J501 on F.Silkscreen
    Check: Violations (kibot.pre_drc - pre_drc.py:150)
WARNING:(W145) (silk_edge_clearance) Silkscreen clipped by board edge
    @(118.0 mm, 75.0 mm): Segment on Edge.Cuts
    @(104.75 mm, 81.435 mm): Segment of J501 on F.Silkscreen
    Check: Violations (kibot.pre_drc - pre_drc.py:150)
WARNING:(W143) The `pdf_pcb_print` and `svg_pcb_print` outputs are deprecated, use `pcb_print` instead (kibot - out_any_pcb_print.py:72)
WARNING:(W143) The `pdf_pcb_print` and `svg_pcb_print` outputs are deprecated, use `pcb_print` instead (kibot - out_any_pcb_print.py:72)
WARNING:(W049) Layer "Inner layer 1" (In1_Cu) isn't used (kibot - out_any_layer.py:197)
WARNING:(W049) Layer "Inner layer 2" (In2_Cu) isn't used (kibot - out_any_layer.py:197)
WARNING:(W049) Layer "Inner layer 3" (In3_Cu) isn't used (kibot - out_any_layer.py:197)
WARNING:(W049) Layer "Inner layer 4" (In4_Cu) isn't used (kibot - out_any_layer.py:197)
WARNING:(W049) Layer "Inner layer 5" (In5_Cu) isn't used (kibot - out_any_layer.py:197)
WARNING:(W049) Layer "Inner layer 6" (In6_Cu) isn't used (kibot - out_any_layer.py:197)
WARNING:(W143) This output depends on KiCad version, use `blender_export` instead (kibot - out_render_3d.py:307)
ERROR:Unable to expand `INTECH_3D` in `${INTECH_3D}/HRO_TYPE-C-31-M-12.step` (kibot - config.py:130)
WARNING:(W047) Missing 3D model for J501: `${INTECH_3D}/HRO_TYPE-C-31-M-12.step` (kibot - out_base_3d.py:553)
WARNING:(W098)  3 3D models downloaded or cached (kibot - out_base_3d.py:569)
WARNING:(W143) This output depends on KiCad version, use `blender_export` instead (kibot - out_render_3d.py:307)
ERROR:Unable to expand `INTECH_3D` in `${INTECH_3D}/HRO_TYPE-C-31-M-12.step` (kibot - config.py:130)
WARNING:(W047) Missing 3D model for J501: `${INTECH_3D}/HRO_TYPE-C-31-M-12.step` (kibot - out_base_3d.py:553)
WARNING:(W098)  3 3D models downloaded or cached (kibot - out_base_3d.py:569)
WARNING:(W143) For KiCad 9 use the `export_3d` output instead of `step` (kibot - out_step.py:55)
ERROR:Unable to expand `INTECH_3D` in `${INTECH_3D}/HRO_TYPE-C-31-M-12.step` (kibot - config.py:130)
WARNING:(W047) Missing 3D model for J501: `${INTECH_3D}/HRO_TYPE-C-31-M-12.step` (kibot - out_base_3d.py:553)
WARNING:(W098)  3 3D models downloaded or cached (kibot - out_base_3d.py:569)
ERROR:Unable to expand `INTECH_3D` in `${INTECH_3D}/HRO_TYPE-C-31-M-12.step` (kibot - config.py:130)
WARNING:(W047) Missing 3D model for J501: `${INTECH_3D}/HRO_TYPE-C-31-M-12.step` (kibot - out_base_3d.py:553)
WARNING:(W098)  3 3D models downloaded or cached (kibot - out_base_3d.py:569)
