WARNING:(W144) Using filters from the `filters` preflight, move them to `erc` (kibot.pre_erc - pre_erc.py:38)
WARNING:(W142) 73 ERC warnings detected (kibot.pre_erc - pre_erc.py:146)
WARNING:(W142) (lib_symbol_mismatch) Symbol 'VBUS' doesn't match copy in library 'power'
    @(0.8636 mm, 1.0668 mm): Symbol #PWR0507 [VBUS]
    Sheet: / (kibot.pre_erc - pre_erc.py:146)
WARNING:(W142) (lib_symbol_issues) The current configuration does not include the symbol library 'suku_basics'
    @(0.6858 mm, 1.2954 mm): Symbol J501 [USB_C_TYPE-C-32-M-12]
    Sheet: / (kibot.pre_erc - pre_erc.py:146)
WARNING:(W142) (lib_symbol_mismatch) Symbol 'GND' doesn't match copy in library 'power'
    @(0.5842 mm, 1.6256 mm): Symbol #PWR0503 [GND]
    Sheet: / (kibot.pre_erc - pre_erc.py:146)
WARNING:(W142) (lib_symbol_issues) The current configuration does not include the symbol library 'suku_basics'
    @(1.016 mm, 1.4224 mm): Symbol R504 [RES]
    Sheet: / (kibot.pre_erc - pre_erc.py:146)
WARNING:(W142) (lib_symbol_mismatch) Symbol 'GND' doesn't match copy in library 'power'
    @(0.8636 mm, 1.5494 mm): Symbol #PWR0504 [GND]
    Sheet: / (kibot.pre_erc - pre_erc.py:146)
WARNING:(W142) (lib_symbol_issues) The current configuration does not include the symbol library 'suku_basics'
    @(1.1176 mm, 1.4224 mm): Symbol R505 [RES]
    Sheet: / (kibot.pre_erc - pre_erc.py:146)
WARNING:(W142) (lib_symbol_mismatch) Symbol 'GND' doesn't match copy in library 'power'
    @(1.016 mm, 1.524 mm): Symbol #PWR0517 [GND]
    Sheet: / (kibot.pre_erc - pre_erc.py:146)
WARNING:(W142) (lib_symbol_mismatch) Symbol 'GND' doesn't match copy in library 'power'
    @(1.1176 mm, 1.524 mm): Symbol #PWR0516 [GND]
    Sheet: / (kibot.pre_erc - pre_erc.py:146)
WARNING:(W142) (lib_symbol_issues) The current configuration does not include the symbol library 'suku_basics'
    @(1.4224 mm, 1.397 mm): Symbol Y501 [XTAL]
    Sheet: / (kibot.pre_erc - pre_erc.py:146)
WARNING:(W142) (lib_symbol_mismatch) Symbol 'VBUS' doesn't match copy in library 'power'
    @(0.4826 mm, 1.9558 mm): Symbol #PWR0540 [VBUS]
    Sheet: / (kibot.pre_erc - pre_erc.py:146)
WARNING:(W142) (lib_symbol_mismatch) Symbol 'CH334R' doesn't match copy in library 'Interface_USB'
    @(1.6002 mm, 1.27 mm): Symbol U503 [CH334R]
    Sheet: / (kibot.pre_erc - pre_erc.py:146)
WARNING:(W142) (lib_symbol_mismatch) Symbol 'GND' doesn't match copy in library 'power'
    @(1.6002 mm, 1.4986 mm): Symbol #PWR0531 [GND]
    Sheet: / (kibot.pre_erc - pre_erc.py:146)
WARNING:(W142) (lib_symbol_issues) The current configuration does not include the symbol library 'suku_basics'
    @(0.9652 mm, 2.0066 mm): Symbol U501 [U_REGULATOR_SOT23-5]
    Sheet: / (kibot.pre_erc - pre_erc.py:146)
WARNING:(W142) (lib_symbol_issues) The current configuration does not include the symbol library 'suku_basics'
    @(1.4478 mm, 1.7272 mm): Symbol C508 [CAP]
    Sheet: / (kibot.pre_erc - pre_erc.py:146)
WARNING:(W142) (lib_symbol_mismatch) Symbol 'GND' doesn't match copy in library 'power'
    @(1.4478 mm, 1.778 mm): Symbol #PWR0515 [GND]
    Sheet: / (kibot.pre_erc - pre_erc.py:146)
WARNING:(W142) (lib_symbol_mismatch) Symbol 'GND' doesn't match copy in library 'power'
    @(0.9652 mm, 2.1082 mm): Symbol #PWR0524 [GND]
    Sheet: / (kibot.pre_erc - pre_erc.py:146)
WARNING:(W142) (lib_symbol_issues) The current configuration does not include the symbol library 'suku_basics'
    @(1.5494 mm, 1.7272 mm): Symbol C511 [CAP]
    Sheet: / (kibot.pre_erc - pre_erc.py:146)
WARNING:(W142) (lib_symbol_mismatch) Symbol 'GND' doesn't match copy in library 'power'
    @(1.5494 mm, 1.778 mm): Symbol #PWR0543 [GND]
    Sheet: / (kibot.pre_erc - pre_erc.py:146)
WARNING:(W142) (lib_symbol_issues) The current configuration does not include the symbol library 'suku_basics'
    @(1.651 mm, 1.7272 mm): Symbol C510 [CAP]
    Sheet: / (kibot.pre_erc - pre_erc.py:146)
WARNING:(W142) (lib_symbol_mismatch) Symbol 'GND' doesn't match copy in library 'power'
    @(1.651 mm, 1.778 mm): Symbol #PWR0541 [GND]
    Sheet: / (kibot.pre_erc - pre_erc.py:146)
WARNING:(W142) (lib_symbol_issues) The current configuration does not include the symbol library 'suku_basics'
    @(1.7526 mm, 1.7272 mm): Symbol C512 [CAP]
    Sheet: / (kibot.pre_erc - pre_erc.py:146)
WARNING:(W142) (lib_symbol_mismatch) Symbol 'VBUS' doesn't match copy in library 'power'
    @(2.3622 mm, 0.7874 mm): Symbol #PWR0510 [VBUS]
    Sheet: / (kibot.pre_erc - pre_erc.py:146)
WARNING:(W142) (multiple_net_names) Both ESP_RX and SBU2 are attached to the same items; ESP_RX will be used in the netlist
    @(2.2352 mm, 0.9398 mm): Label 'ESP_RX'
    @(2.3114 mm, 0.9398 mm): Label 'SBU2'
    Sheet: / (kibot.pre_erc - pre_erc.py:146)
WARNING:(W142) (lib_symbol_mismatch) Symbol 'GND' doesn't match copy in library 'power'
    @(1.7526 mm, 1.778 mm): Symbol #PWR0547 [GND]
    Sheet: / (kibot.pre_erc - pre_erc.py:146)
WARNING:(W142) (lib_symbol_issues) The current configuration does not include the symbol library 'suku_basics'
    @(2.3622 mm, 0.8382 mm): Symbol R501 [RES]
    Sheet: / (kibot.pre_erc - pre_erc.py:146)
WARNING:(W142) (lib_symbol_mismatch) Symbol 'VBUS' doesn't match copy in library 'power'
    @(2.4384 mm, 0.7874 mm): Symbol #PWR0508 [VBUS]
    Sheet: / (kibot.pre_erc - pre_erc.py:146)
WARNING:(W142) (multiple_net_names) Both +5V and VBUS are attached to the same items; +5V will be used in the netlist
    @(1.6002 mm, 1.0414 mm): Symbol #PWR0545 Pin 1 [Power input, Line]
    @(2.4384 mm, 0.7874 mm): Symbol #PWR0508 Hidden pin 1 [VBUS, Power input, Line]
    Sheet: / (kibot.pre_erc - pre_erc.py:146)
WARNING:(W142) (pin_to_pin) Pins of type Unspecified and Power input are connected
    @(2.4892 mm, 0.8382 mm): Symbol USB501 Pin B12 [GND, Unspecified, Line]
    @(2.5908 mm, 0.7366 mm): Symbol #PWR0501 Hidden pin 1 [GND, Power input, Line]
    Sheet: / (kibot.pre_erc - pre_erc.py:146)
WARNING:(W142) (pin_to_pin) Pins of type Unspecified and Power input are connected
    @(2.4892 mm, 0.9144 mm): Symbol USB501 Pin B9 [VBUS, Unspecified, Line]
    @(2.4384 mm, 0.7874 mm): Symbol #PWR0508 Hidden pin 1 [VBUS, Power input, Line]
    Sheet: / (kibot.pre_erc - pre_erc.py:146)
WARNING:(W142) (pin_to_pin) Pins of type Unspecified and Output are connected
    @(2.4892 mm, 0.9398 mm): Symbol USB501 Pin B8 [SBU2, Unspecified, Line]
    @(2.7432 mm, 1.6002 mm): Symbol U504 Pin 8 [TXD, Output, Line]
    Sheet: / (kibot.pre_erc - pre_erc.py:146)
WARNING:(W142) (pin_to_pin) Pins of type Unspecified and Bidirectional are connected
    @(2.4892 mm, 0.9652 mm): Symbol USB501 Pin B7 [D-, Unspecified, Line]
    @(1.7018 mm, 1.2954 mm): Symbol U503 Pin 5 [DM2-, Bidirectional, Line]
    Sheet: / (kibot.pre_erc - pre_erc.py:146)
WARNING:(W142) (pin_to_pin) Pins of type Unspecified and Bidirectional are connected
    @(2.4892 mm, 0.9906 mm): Symbol USB501 Pin B6 [D+, Unspecified, Line]
    @(1.7018 mm, 1.3208 mm): Symbol U503 Pin 6 [DP2+, Bidirectional, Line]
    Sheet: / (kibot.pre_erc - pre_erc.py:146)
WARNING:(W142) (pin_to_pin) Pins of type Unspecified and Passive are connected
    @(2.4892 mm, 1.016 mm): Symbol USB501 Pin B5 [VCONN, Unspecified, Line]
    @(2.3622 mm, 0.8636 mm): Symbol R501 Pin 2 [Passive, Line]
    Sheet: / (kibot.pre_erc - pre_erc.py:146)
WARNING:(W142) (lib_symbol_mismatch) Symbol 'GND' doesn't match copy in library 'power'
    @(2.5908 mm, 0.7366 mm): Symbol #PWR0501 [GND]
    Sheet: / (kibot.pre_erc - pre_erc.py:146)
WARNING:(W142) (pin_to_pin) Pins of type Unspecified and Unspecified are connected
    @(2.4892 mm, 1.0414 mm): Symbol USB501 Pin B4 [VBUS, Unspecified, Line]
    @(2.4892 mm, 0.9144 mm): Symbol USB501 Pin B9 [VBUS, Unspecified, Line]
    Sheet: / (kibot.pre_erc - pre_erc.py:146)
WARNING:(W142) (lib_symbol_mismatch) Symbol 'GND' doesn't match copy in library 'power'
    @(2.4638 mm, 1.143 mm): Symbol #PWR0505 [GND]
    Sheet: / (kibot.pre_erc - pre_erc.py:146)
WARNING:(W142) (pin_to_pin) Pins of type Unspecified and Power input are connected
    @(2.4892 mm, 1.1176 mm): Symbol USB501 Pin B1 [GND, Unspecified, Line]
    @(2.4638 mm, 1.143 mm): Symbol #PWR0505 Hidden pin 1 [GND, Power input, Line]
    Sheet: / (kibot.pre_erc - pre_erc.py:146)
WARNING:(W142) (pin_to_pin) Pins of type Unspecified and Power input are connected
    @(2.6416 mm, 0.7874 mm): Symbol USB501 Pin 2 [EH, Unspecified, Line]
    @(2.5908 mm, 0.7366 mm): Symbol #PWR0501 Hidden pin 1 [GND, Power input, Line]
    Sheet: / (kibot.pre_erc - pre_erc.py:146)
WARNING:(W142) (lib_symbol_issues) The current configuration does not include the symbol library 'suku_basics'
    @(2.6416 mm, 0.9906 mm): Symbol USB501 [U261-241N-4BS60]
    Sheet: / (kibot.pre_erc - pre_erc.py:146)
WARNING:(W142) (pin_to_pin) Pins of type Unspecified and Power input are connected
    @(2.6416 mm, 1.1684 mm): Symbol USB501 Pin 1 [EH, Unspecified, Line]
    @(2.6416 mm, 1.1938 mm): Symbol #PWR0502 Hidden pin 1 [GND, Power input, Line]
    Sheet: / (kibot.pre_erc - pre_erc.py:146)
WARNING:(W142) (lib_symbol_mismatch) Symbol 'GND' doesn't match copy in library 'power'
    @(2.6416 mm, 1.1938 mm): Symbol #PWR0502 [GND]
    Sheet: / (kibot.pre_erc - pre_erc.py:146)
WARNING:(W142) (pin_to_pin) Pins of type Unspecified and Power input are connected
    @(2.794 mm, 0.8382 mm): Symbol USB501 Pin A1 [GND, Unspecified, Line]
    @(2.5908 mm, 0.7366 mm): Symbol #PWR0501 Hidden pin 1 [GND, Power input, Line]
    Sheet: / (kibot.pre_erc - pre_erc.py:146)
WARNING:(W142) (pin_to_pin) Pins of type Unspecified and Unspecified are connected
    @(2.794 mm, 0.9144 mm): Symbol USB501 Pin A4 [VBUS, Unspecified, Line]
    @(2.794 mm, 1.0414 mm): Symbol USB501 Pin A9 [VBUS, Unspecified, Line]
    Sheet: / (kibot.pre_erc - pre_erc.py:146)
WARNING:(W142) (pin_to_pin) Pins of type Unspecified and Passive are connected
    @(2.794 mm, 0.9398 mm): Symbol USB501 Pin A5 [CC, Unspecified, Line]
    @(2.921 mm, 0.8636 mm): Symbol R502 Pin 2 [Passive, Line]
    Sheet: / (kibot.pre_erc - pre_erc.py:146)
WARNING:(W142) (lib_symbol_mismatch) Symbol 'VBUS' doesn't match copy in library 'power'
    @(2.8448 mm, 0.7874 mm): Symbol #PWR0509 [VBUS]
    Sheet: / (kibot.pre_erc - pre_erc.py:146)
WARNING:(W142) (pin_to_pin) Pins of type Unspecified and Passive are connected
    @(2.794 mm, 0.9652 mm): Symbol USB501 Pin A6 [D+, Unspecified, Line]
    @(2.8956 mm, 1.8034 mm): Symbol R512 Pin 2 [Passive, Line]
    Sheet: / (kibot.pre_erc - pre_erc.py:146)
WARNING:(W142) (pin_to_pin) Pins of type Unspecified and Passive are connected
    @(2.794 mm, 0.9906 mm): Symbol USB501 Pin A7 [D-, Unspecified, Line]
    @(2.8956 mm, 1.778 mm): Symbol R511 Pin 2 [Passive, Line]
    Sheet: / (kibot.pre_erc - pre_erc.py:146)
WARNING:(W142) (pin_to_pin) Pins of type Unspecified and Input are connected
    @(2.794 mm, 1.016 mm): Symbol USB501 Pin A8 [SBU1, Unspecified, Line]
    @(2.7432 mm, 1.6256 mm): Symbol U504 Pin 9 [RXD, Input, Line]
    Sheet: / (kibot.pre_erc - pre_erc.py:146)
WARNING:(W142) (pin_to_pin) Pins of type Unspecified and Power input are connected
    @(2.794 mm, 1.0414 mm): Symbol USB501 Pin A9 [VBUS, Unspecified, Line]
    @(2.8448 mm, 0.7874 mm): Symbol #PWR0509 Hidden pin 1 [VBUS, Power input, Line]
    Sheet: / (kibot.pre_erc - pre_erc.py:146)
WARNING:(W142) (pin_to_pin) Pins of type Unspecified and Power input are connected
    @(2.794 mm, 1.1176 mm): Symbol USB501 Pin A12 [GND, Unspecified, Line]
    @(2.8194 mm, 1.143 mm): Symbol #PWR0506 Hidden pin 1 [GND, Power input, Line]
    Sheet: / (kibot.pre_erc - pre_erc.py:146)
WARNING:(W142) (lib_symbol_mismatch) Symbol 'VBUS' doesn't match copy in library 'power'
    @(2.921 mm, 0.7874 mm): Symbol #PWR0512 [VBUS]
    Sheet: / (kibot.pre_erc - pre_erc.py:146)
WARNING:(W142) (lib_symbol_issues) The current configuration does not include the symbol library 'suku_basics'
    @(2.921 mm, 0.8382 mm): Symbol R502 [RES]
    Sheet: / (kibot.pre_erc - pre_erc.py:146)
WARNING:(W142) (lib_symbol_mismatch) Symbol 'GND' doesn't match copy in library 'power'
    @(2.8194 mm, 1.143 mm): Symbol #PWR0506 [GND]
    Sheet: / (kibot.pre_erc - pre_erc.py:146)
WARNING:(W142) (multiple_net_names) Both ESP_TX and SBU1 are attached to the same items; ESP_TX will be used in the netlist
    @(2.9718 mm, 1.016 mm): Label 'ESP_TX'
    @(2.8702 mm, 1.016 mm): Label 'SBU1'
    Sheet: / (kibot.pre_erc - pre_erc.py:146)
WARNING:(W142) (lib_symbol_issues) The current configuration does not include the symbol library 'suku_basics'
    @(2.6924 mm, 1.4478 mm): Symbol C506 [CAP]
    Sheet: / (kibot.pre_erc - pre_erc.py:146)
WARNING:(W142) (lib_symbol_mismatch) Symbol 'GND' doesn't match copy in library 'power'
    @(2.6924 mm, 1.4986 mm): Symbol #PWR0534 [GND]
    Sheet: / (kibot.pre_erc - pre_erc.py:146)
WARNING:(W142) (multiple_net_names) Both A7 and ESP_BOOT0 are attached to the same items; A7 will be used in the netlist
    @(2.8702 mm, 0.9906 mm): Label 'A7'
    @(2.9718 mm, 0.9906 mm): Label 'ESP_BOOT0'
    Sheet: / (kibot.pre_erc - pre_erc.py:146)
WARNING:(W142) (lib_symbol_mismatch) Symbol 'GND' doesn't match copy in library 'power'
    @(2.6416 mm, 1.8796 mm): Symbol #PWR0548 [GND]
    Sheet: / (kibot.pre_erc - pre_erc.py:146)
WARNING:(W142) (lib_symbol_issues) The current configuration does not include the symbol library 'suku_basics'
    @(2.4892 mm, 2.1082 mm): Symbol C509 [CAP]
    Sheet: / (kibot.pre_erc - pre_erc.py:146)
WARNING:(W142) (lib_symbol_issues) The current configuration does not include the symbol library 'suku_basics'
    @(2.7686 mm, 1.7272 mm): Symbol R513 [RES]
    Sheet: / (kibot.pre_erc - pre_erc.py:146)
WARNING:(W142) (lib_symbol_mismatch) Symbol 'GND' doesn't match copy in library 'power'
    @(2.4892 mm, 2.159 mm): Symbol #PWR0523 [GND]
    Sheet: / (kibot.pre_erc - pre_erc.py:146)
WARNING:(W142) (lib_symbol_issues) The current configuration does not include the symbol library 'suku_basics'
    @(2.5908 mm, 2.1082 mm): Symbol C507 [CAP]
    Sheet: / (kibot.pre_erc - pre_erc.py:146)
WARNING:(W142) (lib_symbol_mismatch) Symbol 'GND' doesn't match copy in library 'power'
    @(2.5908 mm, 2.159 mm): Symbol #PWR0536 [GND]
    Sheet: / (kibot.pre_erc - pre_erc.py:146)
WARNING:(W142) (lib_symbol_issues) The current configuration does not include the symbol library 'suku_basics'
    @(3.048 mm, 1.4478 mm): Symbol R509 [RES]
    Sheet: / (kibot.pre_erc - pre_erc.py:146)
WARNING:(W142) (lib_symbol_issues) The current configuration does not include the symbol library 'suku_basics'
    @(2.8702 mm, 1.778 mm): Symbol R511 [RES]
    Sheet: / (kibot.pre_erc - pre_erc.py:146)
WARNING:(W142) (lib_symbol_issues) The current configuration does not include the symbol library 'suku_basics'
    @(2.8702 mm, 1.8034 mm): Symbol R512 [RES]
    Sheet: / (kibot.pre_erc - pre_erc.py:146)
WARNING:(W142) (lib_symbol_issues) The current configuration does not include the symbol library 'suku_basics'
    @(3.048 mm, 1.524 mm): Symbol D501 [LED]
    Sheet: / (kibot.pre_erc - pre_erc.py:146)
WARNING:(W142) (lib_symbol_issues) The current configuration does not include the symbol library 'suku_basics'
    @(3.1242 mm, 1.4478 mm): Symbol R510 [RES]
    Sheet: / (kibot.pre_erc - pre_erc.py:146)
WARNING:(W142) (lib_symbol_issues) The current configuration does not include the symbol library 'suku_basics'
    @(3.1242 mm, 1.524 mm): Symbol D502 [LED]
    Sheet: / (kibot.pre_erc - pre_erc.py:146)
WARNING:(W142) (lib_symbol_mismatch) Symbol 'GND' doesn't match copy in library 'power'
    @(2.9972 mm, 1.9558 mm): Symbol #PWR0511 [GND]
    Sheet: / (kibot.pre_erc - pre_erc.py:146)
WARNING:(W142) (multiple_net_names) Both A6 and ESP_RESET are attached to the same items; A6 will be used in the netlist
    @(2.8702 mm, 0.9652 mm): Label 'A6'
    @(3.1496 mm, 1.8034 mm): Label 'ESP_RESET'
    Sheet: / (kibot.pre_erc - pre_erc.py:146)
WARNING:(W142) (lib_symbol_mismatch) Symbol 'GND' doesn't match copy in library 'power'
    @(3.0734 mm, 1.9558 mm): Symbol #PWR0532 [GND]
    Sheet: / (kibot.pre_erc - pre_erc.py:146)
WARNING:(W142) (lib_symbol_mismatch) Symbol 'GND' doesn't match copy in library 'power'
    @(3.7084 mm, 1.27 mm): Symbol #PWR0518 [GND]
    Sheet: / (kibot.pre_erc - pre_erc.py:146)
WARNING:(W144) Using filters from the `filters` preflight, move them to `drc` (kibot.pre_drc - pre_drc.py:41)
WARNING:(W145) 10 DRC warnings detected (kibot.pre_drc - pre_drc.py:150)
WARNING:(W145) (isolated_copper) Isolated copper fill
    @(45.0 mm, 45.0 mm): Zone [+5V] on F.Cu, priority 0
    Check: Violations (kibot.pre_drc - pre_drc.py:150)
WARNING:(W145) (isolated_copper) Isolated copper fill
    @(45.0 mm, 45.0 mm): Zone [+5V] on B.Cu, priority 0
    Check: Violations (kibot.pre_drc - pre_drc.py:150)
WARNING:(W145) (silk_edge_clearance) Silkscreen clipped by board edge
    @(118.0 mm, 75.0 mm): Segment on Edge.Cuts
    @(95.25 mm, 81.435 mm): Segment of J501 on F.Silkscreen
    Check: Violations (kibot.pre_drc - pre_drc.py:150)
WARNING:(W145) (silk_edge_clearance) Silkscreen clipped by board edge
    @(118.0 mm, 75.0 mm): Segment on Edge.Cuts
    @(104.75 mm, 81.435 mm): Segment of J501 on F.Silkscreen
    Check: Violations (kibot.pre_drc - pre_drc.py:150)
WARNING:(W143) The `pdf_pcb_print` and `svg_pcb_print` outputs are deprecated, use `pcb_print` instead (kibot - out_any_pcb_print.py:72)
WARNING:(W143) The `pdf_pcb_print` and `svg_pcb_print` outputs are deprecated, use `pcb_print` instead (kibot - out_any_pcb_print.py:72)
WARNING:(W049) Layer "Inner layer 3" (In3_Cu) isn't used (kibot - out_any_layer.py:197)
WARNING:(W049) Layer "Inner layer 4" (In4_Cu) isn't used (kibot - out_any_layer.py:197)
WARNING:(W049) Layer "Inner layer 5" (In5_Cu) isn't used (kibot - out_any_layer.py:197)
WARNING:(W049) Layer "Inner layer 6" (In6_Cu) isn't used (kibot - out_any_layer.py:197)
WARNING:(W143) This output depends on KiCad version, use `blender_export` instead (kibot - out_render_3d.py:307)
ERROR:Unable to expand `INTECH_3D` in `${INTECH_3D}/Crystal-32768-3215-2Pin.wrl` (kibot - config.py:130)
WARNING:(W047) Missing 3D model for Y501: `${INTECH_3D}/Crystal-32768-3215-2Pin.wrl` (kibot - out_base_3d.py:553)
WARNING:(W098)  7 3D models downloaded or cached (kibot - out_base_3d.py:569)
WARNING:(W143) This output depends on KiCad version, use `blender_export` instead (kibot - out_render_3d.py:307)
ERROR:Unable to expand `INTECH_3D` in `${INTECH_3D}/Crystal-32768-3215-2Pin.wrl` (kibot - config.py:130)
WARNING:(W047) Missing 3D model for Y501: `${INTECH_3D}/Crystal-32768-3215-2Pin.wrl` (kibot - out_base_3d.py:553)
WARNING:(W098)  7 3D models downloaded or cached (kibot - out_base_3d.py:569)
WARNING:(W143) For KiCad 9 use the `export_3d` output instead of `step` (kibot - out_step.py:55)
ERROR:Unable to expand `INTECH_3D` in `${INTECH_3D}/Crystal-32768-3215-2Pin.wrl` (kibot - config.py:130)
WARNING:(W047) Missing 3D model for Y501: `${INTECH_3D}/Crystal-32768-3215-2Pin.wrl` (kibot - out_base_3d.py:553)
WARNING:(W098)  7 3D models downloaded or cached (kibot - out_base_3d.py:569)
ERROR:Unable to expand `INTECH_3D` in `${INTECH_3D}/Crystal-32768-3215-2Pin.wrl` (kibot - config.py:130)
WARNING:(W047) Missing 3D model for Y501: `${INTECH_3D}/Crystal-32768-3215-2Pin.wrl` (kibot - out_base_3d.py:553)
WARNING:(W098)  7 3D models downloaded or cached (kibot - out_base_3d.py:569)
