WARNING:(W037) Field Datasheet of component J701 (Conn_Coaxial C5137195) contains extra spaces: ` ~` removing them. (kibot - v5_sch.py:1076)
WARNING:(W144) Using filters from the `filters` preflight, move them to `erc` (kibot.pre_erc - pre_erc.py:38)
WARNING:(W142) 355 ERC warnings detected (kibot.pre_erc - pre_erc.py:146)
WARNING:(W142) (multiple_net_names) Both ESP_GPIO_1 and ESP_GPIO_18 are attached to the same items; ESP_GPIO_1 will be used in the netlist
    @(2.159 mm, 1.8542 mm): Global Label 'ESP_GPIO_1'
    @(2.159 mm, 1.8796 mm): Global Label 'ESP_GPIO_18'
    Sheet: / (kibot.pre_erc - pre_erc.py:146)
WARNING:(W142) (lib_symbol_issues) The current configuration does not include the symbol library 'suku_basics'
    @(2.54 mm, 2.2352 mm): Symbol J509 [SMD_NUT]
    Sheet: / (kibot.pre_erc - pre_erc.py:146)
WARNING:(W142) (lib_symbol_mismatch) Symbol 'GND' doesn't match copy in library 'power'
    @(2.54 mm, 2.286 mm): Symbol #PWR0517 [GND]
    Sheet: / (kibot.pre_erc - pre_erc.py:146)
WARNING:(W142) (lib_symbol_issues) The current configuration does not include the symbol library 'suku_basics'
    @(2.794 mm, 2.2352 mm): Symbol J510 [SMD_NUT]
    Sheet: / (kibot.pre_erc - pre_erc.py:146)
WARNING:(W142) (lib_symbol_mismatch) Symbol 'GND' doesn't match copy in library 'power'
    @(2.794 mm, 2.286 mm): Symbol #PWR0518 [GND]
    Sheet: / (kibot.pre_erc - pre_erc.py:146)
WARNING:(W142) (lib_symbol_mismatch) Symbol '+3V3' doesn't match copy in library 'power'
    @(0.4064 mm, 0.508 mm): Symbol #PWR01025 [+3V3]
    Sheet: / (kibot.pre_erc - pre_erc.py:146)
WARNING:(W142) (lib_symbol_issues) The current configuration does not include the symbol library 'suku_basics'
    @(0.4064 mm, 0.5588 mm): Symbol R1017 [RES]
    Sheet: / (kibot.pre_erc - pre_erc.py:146)
WARNING:(W142) (lib_symbol_issues) The current configuration does not include the symbol library 'suku_basics'
    @(0.508 mm, 0.508 mm): Symbol UI1001 [UI_Potentiometer]
    Sheet: / (kibot.pre_erc - pre_erc.py:146)
WARNING:(W142) (lib_symbol_mismatch) Symbol '+3V3' doesn't match copy in library 'power'
    @(0.6604 mm, 0.508 mm): Symbol #PWR01030 [+3V3]
    Sheet: / (kibot.pre_erc - pre_erc.py:146)
WARNING:(W142) (lib_symbol_mismatch) Symbol 'GND' doesn't match copy in library 'power'
    @(0.5588 mm, 0.635 mm): Symbol #PWR01029 [GND]
    Sheet: / (kibot.pre_erc - pre_erc.py:146)
WARNING:(W142) (lib_symbol_issues) The current configuration does not include the symbol library 'suku_basics'
    @(0.6604 mm, 0.5588 mm): Symbol R1019 [RES]
    Sheet: / (kibot.pre_erc - pre_erc.py:146)
WARNING:(W142) (lib_symbol_issues) The current configuration does not include the symbol library 'suku_basics'
    @(0.762 mm, 0.508 mm): Symbol UI1003 [UI_Potentiometer]
    Sheet: / (kibot.pre_erc - pre_erc.py:146)
WARNING:(W142) (lib_symbol_mismatch) Symbol 'GND' doesn't match copy in library 'power'
    @(0.8128 mm, 0.635 mm): Symbol #PWR01034 [GND]
    Sheet: / (kibot.pre_erc - pre_erc.py:146)
WARNING:(W142) (lib_symbol_mismatch) Symbol '+3V3' doesn't match copy in library 'power'
    @(0.9144 mm, 0.508 mm): Symbol #PWR01035 [+3V3]
    Sheet: / (kibot.pre_erc - pre_erc.py:146)
WARNING:(W142) (lib_symbol_mismatch) Symbol '+3V3' doesn't match copy in library 'power'
    @(0.4064 mm, 0.9652 mm): Symbol #PWR01026 [+3V3]
    Sheet: / (kibot.pre_erc - pre_erc.py:146)
WARNING:(W142) (lib_symbol_issues) The current configuration does not include the symbol library 'suku_basics'
    @(0.9144 mm, 0.5588 mm): Symbol R1021 [RES]
    Sheet: / (kibot.pre_erc - pre_erc.py:146)
WARNING:(W142) (lib_symbol_issues) The current configuration does not include the symbol library 'suku_basics'
    @(0.4064 mm, 1.016 mm): Symbol R1018 [RES]
    Sheet: / (kibot.pre_erc - pre_erc.py:146)
WARNING:(W142) (lib_symbol_issues) The current configuration does not include the symbol library 'suku_basics'
    @(1.016 mm, 0.508 mm): Symbol UI1005 [UI_Potentiometer]
    Sheet: / (kibot.pre_erc - pre_erc.py:146)
WARNING:(W142) (lib_symbol_mismatch) Symbol '+3V3' doesn't match copy in library 'power'
    @(0.6604 mm, 0.9652 mm): Symbol #PWR01031 [+3V3]
    Sheet: / (kibot.pre_erc - pre_erc.py:146)
WARNING:(W142) (lib_symbol_issues) The current configuration does not include the symbol library 'suku_basics'
    @(0.508 mm, 1.0922 mm): Symbol UI1002 [UI_Fader]
    Sheet: / (kibot.pre_erc - pre_erc.py:146)
WARNING:(W142) (lib_symbol_issues) The current configuration does not include the symbol library 'suku_basics'
    @(0.6604 mm, 1.016 mm): Symbol R1020 [RES]
    Sheet: / (kibot.pre_erc - pre_erc.py:146)
WARNING:(W142) (lib_symbol_mismatch) Symbol 'GND' doesn't match copy in library 'power'
    @(0.4064 mm, 1.143 mm): Symbol #PWR01027 [GND]
    Sheet: / (kibot.pre_erc - pre_erc.py:146)
WARNING:(W142) (lib_symbol_mismatch) Symbol 'GND' doesn't match copy in library 'power'
    @(1.0668 mm, 0.635 mm): Symbol #PWR01039 [GND]
    Sheet: / (kibot.pre_erc - pre_erc.py:146)
WARNING:(W142) (lib_symbol_mismatch) Symbol '+3V3' doesn't match copy in library 'power'
    @(1.1684 mm, 0.508 mm): Symbol #PWR01040 [+3V3]
    Sheet: / (kibot.pre_erc - pre_erc.py:146)
WARNING:(W142) (lib_symbol_issues) The current configuration does not include the symbol library 'suku_basics'
    @(1.1684 mm, 0.5588 mm): Symbol R1023 [RES]
    Sheet: / (kibot.pre_erc - pre_erc.py:146)
WARNING:(W142) (lib_symbol_mismatch) Symbol 'GND' doesn't match copy in library 'power'
    @(0.6604 mm, 1.143 mm): Symbol #PWR01032 [GND]
    Sheet: / (kibot.pre_erc - pre_erc.py:146)
WARNING:(W142) (lib_symbol_mismatch) Symbol '+3V3' doesn't match copy in library 'power'
    @(0.9144 mm, 0.9652 mm): Symbol #PWR01036 [+3V3]
    Sheet: / (kibot.pre_erc - pre_erc.py:146)
WARNING:(W142) (lib_symbol_issues) The current configuration does not include the symbol library 'suku_basics'
    @(0.762 mm, 1.0922 mm): Symbol UI1004 [UI_Fader]
    Sheet: / (kibot.pre_erc - pre_erc.py:146)
WARNING:(W142) (lib_symbol_issues) The current configuration does not include the symbol library 'suku_basics'
    @(0.9144 mm, 1.016 mm): Symbol R1022 [RES]
    Sheet: / (kibot.pre_erc - pre_erc.py:146)
WARNING:(W142) (lib_symbol_issues) The current configuration does not include the symbol library 'suku_basics'
    @(1.27 mm, 0.508 mm): Symbol UI1007 [UI_Potentiometer]
    Sheet: / (kibot.pre_erc - pre_erc.py:146)
WARNING:(W142) (lib_symbol_mismatch) Symbol 'GND' doesn't match copy in library 'power'
    @(0.4318 mm, 1.397 mm): Symbol #PWR01028 [GND]
    Sheet: / (kibot.pre_erc - pre_erc.py:146)
WARNING:(W142) (lib_symbol_mismatch) Symbol 'GND' doesn't match copy in library 'power'
    @(0.9144 mm, 1.143 mm): Symbol #PWR01037 [GND]
    Sheet: / (kibot.pre_erc - pre_erc.py:146)
WARNING:(W142) (lib_symbol_mismatch) Symbol 'GND' doesn't match copy in library 'power'
    @(1.3208 mm, 0.635 mm): Symbol #PWR01044 [GND]
    Sheet: / (kibot.pre_erc - pre_erc.py:146)
WARNING:(W142) (lib_symbol_issues) The current configuration does not include the symbol library 'suku_basics'
    @(1.016 mm, 1.0922 mm): Symbol UI1006 [UI_Fader]
    Sheet: / (kibot.pre_erc - pre_erc.py:146)
WARNING:(W142) (lib_symbol_mismatch) Symbol '+3V3' doesn't match copy in library 'power'
    @(1.1684 mm, 0.9652 mm): Symbol #PWR01041 [+3V3]
    Sheet: / (kibot.pre_erc - pre_erc.py:146)
WARNING:(W142) (lib_symbol_issues) The current configuration does not include the symbol library 'suku_basics'
    @(1.1684 mm, 1.016 mm): Symbol R1024 [RES]
    Sheet: / (kibot.pre_erc - pre_erc.py:146)
WARNING:(W142) (lib_symbol_mismatch) Symbol 'GND' doesn't match copy in library 'power'
    @(0.6858 mm, 1.397 mm): Symbol #PWR01033 [GND]
    Sheet: / (kibot.pre_erc - pre_erc.py:146)
WARNING:(W142) (lib_symbol_mismatch) Symbol 'GND' doesn't match copy in library 'power'
    @(1.1684 mm, 1.143 mm): Symbol #PWR01042 [GND]
    Sheet: / (kibot.pre_erc - pre_erc.py:146)
WARNING:(W142) (lib_symbol_issues) The current configuration does not include the symbol library 'suku_basics'
    @(1.27 mm, 1.0922 mm): Symbol UI1008 [UI_Fader]
    Sheet: / (kibot.pre_erc - pre_erc.py:146)
WARNING:(W142) (lib_symbol_mismatch) Symbol 'GND' doesn't match copy in library 'power'
    @(0.9398 mm, 1.397 mm): Symbol #PWR01038 [GND]
    Sheet: / (kibot.pre_erc - pre_erc.py:146)
WARNING:(W142) (lib_symbol_mismatch) Symbol 'GND' doesn't match copy in library 'power'
    @(1.1938 mm, 1.397 mm): Symbol #PWR01043 [GND]
    Sheet: / (kibot.pre_erc - pre_erc.py:146)
WARNING:(W142) (lib_symbol_mismatch) Symbol '+3V3' doesn't match copy in library 'power'
    @(0.5588 mm, 1.0922 mm): Symbol #PWR0541 [+3V3]
    Sheet: / (kibot.pre_erc - pre_erc.py:146)
WARNING:(W142) (lib_symbol_mismatch) Symbol '+3V3' doesn't match copy in library 'power'
    @(0.4826 mm, 1.1684 mm): Symbol #PWR0545 [+3V3]
    Sheet: / (kibot.pre_erc - pre_erc.py:146)
WARNING:(W142) (lib_symbol_mismatch) Symbol '+3V3' doesn't match copy in library 'power'
    @(0.6858 mm, 1.0668 mm): Symbol #PWR0537 [+3V3]
    Sheet: / (kibot.pre_erc - pre_erc.py:146)
WARNING:(W142) (lib_symbol_issues) The current configuration does not include the symbol library 'suku_basics'
    @(0.4826 mm, 1.2192 mm): Symbol C505 [CAP]
    Sheet: / (kibot.pre_erc - pre_erc.py:146)
WARNING:(W142) (lib_symbol_issues) Symbol 'A1301KLHLT-T' not found in symbol library 'Sensor_Magnetic'
    @(0.5842 mm, 1.2192 mm): Symbol U505 [A1301KLHLT-T]
    Sheet: / (kibot.pre_erc - pre_erc.py:146)
WARNING:(W142) (lib_symbol_mismatch) Symbol 'GND' doesn't match copy in library 'power'
    @(0.4826 mm, 1.27 mm): Symbol #PWR0549 [GND]
    Sheet: / (kibot.pre_erc - pre_erc.py:146)
WARNING:(W142) (lib_symbol_mismatch) Symbol 'GND' doesn't match copy in library 'power'
    @(0.5588 mm, 1.3462 mm): Symbol #PWR0553 [GND]
    Sheet: / (kibot.pre_erc - pre_erc.py:146)
WARNING:(W142) (lib_symbol_mismatch) Symbol '+3V3' doesn't match copy in library 'power'
    @(1.143 mm, 1.0922 mm): Symbol #PWR0542 [+3V3]
    Sheet: / (kibot.pre_erc - pre_erc.py:146)
WARNING:(W142) (lib_symbol_mismatch) Symbol '+3V3' doesn't match copy in library 'power'
    @(1.0668 mm, 1.1684 mm): Symbol #PWR0546 [+3V3]
    Sheet: / (kibot.pre_erc - pre_erc.py:146)
WARNING:(W142) (lib_symbol_issues) The current configuration does not include the symbol library 'suku_basics'
    @(1.0668 mm, 1.2192 mm): Symbol C506 [CAP]
    Sheet: / (kibot.pre_erc - pre_erc.py:146)
WARNING:(W142) (lib_symbol_mismatch) Symbol 'GND' doesn't match copy in library 'power'
    @(1.0668 mm, 1.27 mm): Symbol #PWR0550 [GND]
    Sheet: / (kibot.pre_erc - pre_erc.py:146)
WARNING:(W142) (lib_symbol_issues) Symbol 'A1301KLHLT-T' not found in symbol library 'Sensor_Magnetic'
    @(1.1684 mm, 1.2192 mm): Symbol U506 [A1301KLHLT-T]
    Sheet: / (kibot.pre_erc - pre_erc.py:146)
WARNING:(W142) (lib_symbol_mismatch) Symbol 'GND' doesn't match copy in library 'power'
    @(1.143 mm, 1.3462 mm): Symbol #PWR0554 [GND]
    Sheet: / (kibot.pre_erc - pre_erc.py:146)
WARNING:(W142) (lib_symbol_mismatch) Symbol '+3V3' doesn't match copy in library 'power'
    @(1.4986 mm, 1.1684 mm): Symbol #PWR0547 [+3V3]
    Sheet: / (kibot.pre_erc - pre_erc.py:146)
WARNING:(W142) (lib_symbol_mismatch) Symbol '+3V3' doesn't match copy in library 'power'
    @(1.5748 mm, 1.0922 mm): Symbol #PWR0543 [+3V3]
    Sheet: / (kibot.pre_erc - pre_erc.py:146)
WARNING:(W142) (lib_symbol_issues) The current configuration does not include the symbol library 'suku_basics'
    @(1.4986 mm, 1.2192 mm): Symbol C507 [CAP]
    Sheet: / (kibot.pre_erc - pre_erc.py:146)
WARNING:(W142) (lib_symbol_mismatch) Symbol 'GND' doesn't match copy in library 'power'
    @(1.4986 mm, 1.27 mm): Symbol #PWR0551 [GND]
    Sheet: / (kibot.pre_erc - pre_erc.py:146)
WARNING:(W142) (lib_symbol_mismatch) Symbol '+3V3' doesn't match copy in library 'power'
    @(1.7018 mm, 1.0668 mm): Symbol #PWR0539 [+3V3]
    Sheet: / (kibot.pre_erc - pre_erc.py:146)
WARNING:(W142) (lib_symbol_issues) Symbol 'A1301KLHLT-T' not found in symbol library 'Sensor_Magnetic'
    @(1.6002 mm, 1.2192 mm): Symbol U507 [A1301KLHLT-T]
    Sheet: / (kibot.pre_erc - pre_erc.py:146)
WARNING:(W142) (lib_symbol_mismatch) Symbol 'GND' doesn't match copy in library 'power'
    @(1.5748 mm, 1.3462 mm): Symbol #PWR0555 [GND]
    Sheet: / (kibot.pre_erc - pre_erc.py:146)
WARNING:(W142) (lib_symbol_mismatch) Symbol '+3V3' doesn't match copy in library 'power'
    @(2.0828 mm, 1.1684 mm): Symbol #PWR0548 [+3V3]
    Sheet: / (kibot.pre_erc - pre_erc.py:146)
WARNING:(W142) (lib_symbol_issues) The current configuration does not include the symbol library 'suku_basics'
    @(2.0828 mm, 1.2192 mm): Symbol C508 [CAP]
    Sheet: / (kibot.pre_erc - pre_erc.py:146)
WARNING:(W142) (lib_symbol_mismatch) Symbol '+3V3' doesn't match copy in library 'power'
    @(2.159 mm, 1.0922 mm): Symbol #PWR0544 [+3V3]
    Sheet: / (kibot.pre_erc - pre_erc.py:146)
WARNING:(W142) (lib_symbol_mismatch) Symbol 'GND' doesn't match copy in library 'power'
    @(2.0828 mm, 1.27 mm): Symbol #PWR0552 [GND]
    Sheet: / (kibot.pre_erc - pre_erc.py:146)
WARNING:(W142) (lib_symbol_issues) Symbol 'A1301KLHLT-T' not found in symbol library 'Sensor_Magnetic'
    @(2.1844 mm, 1.2192 mm): Symbol U508 [A1301KLHLT-T]
    Sheet: / (kibot.pre_erc - pre_erc.py:146)
WARNING:(W142) (lib_symbol_mismatch) Symbol '+3V3' doesn't match copy in library 'power'
    @(2.286 mm, 1.0668 mm): Symbol #PWR0540 [+3V3]
    Sheet: / (kibot.pre_erc - pre_erc.py:146)
WARNING:(W142) (lib_symbol_mismatch) Symbol 'GND' doesn't match copy in library 'power'
    @(2.159 mm, 1.3462 mm): Symbol #PWR0556 [GND]
    Sheet: / (kibot.pre_erc - pre_erc.py:146)
WARNING:(W142) (lib_symbol_mismatch) Symbol '+3V3' doesn't match copy in library 'power'
    @(0.9906 mm, 0.5334 mm): Symbol #PWR0565 [+3V3]
    Sheet: / (kibot.pre_erc - pre_erc.py:146)
WARNING:(W142) (lib_symbol_issues) The current configuration does not include the symbol library 'suku_basics'
    @(0.9144 mm, 0.6604 mm): Symbol R530 [RES]
    Sheet: / (kibot.pre_erc - pre_erc.py:146)
WARNING:(W142) (lib_symbol_issues) The current configuration does not include the symbol library 'suku_basics'
    @(0.8382 mm, 0.762 mm): Symbol R531 [RES]
    Sheet: / (kibot.pre_erc - pre_erc.py:146)
WARNING:(W142) (lib_symbol_issues) The current configuration does not include the symbol library 'suku_basics'
    @(1.0414 mm, 0.5842 mm): Symbol R529 [RES]
    Sheet: / (kibot.pre_erc - pre_erc.py:146)
WARNING:(W142) (lib_symbol_issues) The current configuration does not include the symbol library 'suku_basics'
    @(0.9144 mm, 0.8128 mm): Symbol R532 [RES]
    Sheet: / (kibot.pre_erc - pre_erc.py:146)
WARNING:(W142) (lib_symbol_mismatch) Symbol '+3V3' doesn't match copy in library 'power'
    @(1.2192 mm, 0.5334 mm): Symbol #PWR0566 [+3V3]
    Sheet: / (kibot.pre_erc - pre_erc.py:146)
WARNING:(W142) (lib_symbol_mismatch) Symbol 'GND' doesn't match copy in library 'power'
    @(0.9906 mm, 0.889 mm): Symbol #PWR0568 [GND]
    Sheet: / (kibot.pre_erc - pre_erc.py:146)
WARNING:(W142) (lib_symbol_issues) The current configuration does not include the symbol library 'suku_basics'
    @(1.2192 mm, 0.5842 mm): Symbol C512 [CAP]
    Sheet: / (kibot.pre_erc - pre_erc.py:146)
WARNING:(W142) (lib_symbol_mismatch) Symbol 'GND' doesn't match copy in library 'power'
    @(1.2192 mm, 0.635 mm): Symbol #PWR0567 [GND]
    Sheet: / (kibot.pre_erc - pre_erc.py:146)
WARNING:(W142) (lib_symbol_issues) The current configuration does not include the symbol library 'suku_basics'
    @(0.9144 mm, 0.3556 mm): Symbol R1009 [RES]
    Sheet: / (kibot.pre_erc - pre_erc.py:146)
WARNING:(W142) (lib_symbol_issues) The current configuration does not include the symbol library 'suku_basics'
    @(0.9652 mm, 0.4064 mm): Symbol C1010 [CAP]
    Sheet: / (kibot.pre_erc - pre_erc.py:146)
WARNING:(W142) (lib_symbol_mismatch) Symbol 'GND' doesn't match copy in library 'power'
    @(0.9652 mm, 0.4572 mm): Symbol #PWR01013 [GND]
    Sheet: / (kibot.pre_erc - pre_erc.py:146)
WARNING:(W142) (lib_symbol_issues) The current configuration does not include the symbol library 'suku_basics'
    @(0.9144 mm, 0.6096 mm): Symbol R1010 [RES]
    Sheet: / (kibot.pre_erc - pre_erc.py:146)
WARNING:(W142) (lib_symbol_issues) The current configuration does not include the symbol library 'suku_basics'
    @(0.9652 mm, 0.6604 mm): Symbol C1011 [CAP]
    Sheet: / (kibot.pre_erc - pre_erc.py:146)
WARNING:(W142) (lib_symbol_mismatch) Symbol 'GND' doesn't match copy in library 'power'
    @(0.9652 mm, 0.7112 mm): Symbol #PWR01014 [GND]
    Sheet: / (kibot.pre_erc - pre_erc.py:146)
WARNING:(W142) (lib_symbol_issues) The current configuration does not include the symbol library 'suku_basics'
    @(1.1684 mm, 0.4318 mm): Symbol R1013 [RES]
    Sheet: / (kibot.pre_erc - pre_erc.py:146)
WARNING:(W142) (lib_symbol_issues) The current configuration does not include the symbol library 'suku_basics'
    @(0.9144 mm, 0.8636 mm): Symbol R1011 [RES]
    Sheet: / (kibot.pre_erc - pre_erc.py:146)
WARNING:(W142) (lib_symbol_issues) The current configuration does not include the symbol library 'suku_basics'
    @(1.2192 mm, 0.4826 mm): Symbol C1014 [CAP]
    Sheet: / (kibot.pre_erc - pre_erc.py:146)
WARNING:(W142) (lib_symbol_issues) The current configuration does not include the symbol library 'suku_basics'
    @(0.9652 mm, 0.9144 mm): Symbol C1012 [CAP]
    Sheet: / (kibot.pre_erc - pre_erc.py:146)
WARNING:(W142) (lib_symbol_mismatch) Symbol 'GND' doesn't match copy in library 'power'
    @(1.2192 mm, 0.5334 mm): Symbol #PWR01017 [GND]
    Sheet: / (kibot.pre_erc - pre_erc.py:146)
WARNING:(W142) (lib_symbol_issues) The current configuration does not include the symbol library 'suku_basics'
    @(1.1684 mm, 0.6858 mm): Symbol R1014 [RES]
    Sheet: / (kibot.pre_erc - pre_erc.py:146)
WARNING:(W142) (lib_symbol_mismatch) Symbol 'GND' doesn't match copy in library 'power'
    @(0.9652 mm, 0.9652 mm): Symbol #PWR01015 [GND]
    Sheet: / (kibot.pre_erc - pre_erc.py:146)
WARNING:(W142) (lib_symbol_issues) The current configuration does not include the symbol library 'suku_basics'
    @(1.2192 mm, 0.7366 mm): Symbol C1015 [CAP]
    Sheet: / (kibot.pre_erc - pre_erc.py:146)
WARNING:(W142) (lib_symbol_issues) The current configuration does not include the symbol library 'suku_basics'
    @(0.9144 mm, 1.1176 mm): Symbol R1012 [RES]
    Sheet: / (kibot.pre_erc - pre_erc.py:146)
WARNING:(W142) (lib_symbol_mismatch) Symbol 'GND' doesn't match copy in library 'power'
    @(1.2192 mm, 0.7874 mm): Symbol #PWR01018 [GND]
    Sheet: / (kibot.pre_erc - pre_erc.py:146)
WARNING:(W142) (lib_symbol_issues) The current configuration does not include the symbol library 'suku_basics'
    @(1.1684 mm, 0.9398 mm): Symbol R1015 [RES]
    Sheet: / (kibot.pre_erc - pre_erc.py:146)
WARNING:(W142) (lib_symbol_issues) The current configuration does not include the symbol library 'suku_basics'
    @(0.9652 mm, 1.1684 mm): Symbol C1013 [CAP]
    Sheet: / (kibot.pre_erc - pre_erc.py:146)
WARNING:(W142) (lib_symbol_mismatch) Symbol 'GND' doesn't match copy in library 'power'
    @(0.9652 mm, 1.2192 mm): Symbol #PWR01016 [GND]
    Sheet: / (kibot.pre_erc - pre_erc.py:146)
WARNING:(W142) (lib_symbol_issues) The current configuration does not include the symbol library 'suku_basics'
    @(1.2192 mm, 0.9906 mm): Symbol C1016 [CAP]
    Sheet: / (kibot.pre_erc - pre_erc.py:146)
WARNING:(W142) (lib_symbol_mismatch) Symbol 'GND' doesn't match copy in library 'power'
    @(1.2192 mm, 1.0414 mm): Symbol #PWR01019 [GND]
    Sheet: / (kibot.pre_erc - pre_erc.py:146)
WARNING:(W142) (lib_symbol_issues) The current configuration does not include the symbol library 'suku_basics'
    @(1.1684 mm, 1.1938 mm): Symbol R1016 [RES]
    Sheet: / (kibot.pre_erc - pre_erc.py:146)
WARNING:(W142) (lib_symbol_issues) The current configuration does not include the symbol library 'suku_basics'
    @(1.2192 mm, 1.2446 mm): Symbol C1017 [CAP]
    Sheet: / (kibot.pre_erc - pre_erc.py:146)
WARNING:(W142) (lib_symbol_mismatch) Symbol 'GND' doesn't match copy in library 'power'
    @(1.2192 mm, 1.2954 mm): Symbol #PWR01020 [GND]
    Sheet: / (kibot.pre_erc - pre_erc.py:146)
WARNING:(W142) (lib_symbol_mismatch) Symbol '+3V3' doesn't match copy in library 'power'
    @(1.9812 mm, 0.9144 mm): Symbol #PWR01022 [+3V3]
    Sheet: / (kibot.pre_erc - pre_erc.py:146)
WARNING:(W142) (lib_symbol_issues) The current configuration does not include the symbol library 'suku_basics'
    @(1.9812 mm, 1.1684 mm): Symbol U1002 [74HC4051]
    Sheet: / (kibot.pre_erc - pre_erc.py:146)
WARNING:(W142) (lib_symbol_mismatch) Symbol 'GND' doesn't match copy in library 'power'
    @(1.8288 mm, 1.397 mm): Symbol #PWR01021 [GND]
    Sheet: / (kibot.pre_erc - pre_erc.py:146)
WARNING:(W142) (lib_symbol_mismatch) Symbol '+3V3' doesn't match copy in library 'power'
    @(2.1082 mm, 1.3208 mm): Symbol #PWR01024 [+3V3]
    Sheet: / (kibot.pre_erc - pre_erc.py:146)
WARNING:(W142) (lib_symbol_mismatch) Symbol 'GND' doesn't match copy in library 'power'
    @(2.0066 mm, 1.4732 mm): Symbol #PWR01023 [GND]
    Sheet: / (kibot.pre_erc - pre_erc.py:146)
WARNING:(W142) (lib_symbol_issues) The current configuration does not include the symbol library 'suku_basics'
    @(2.1082 mm, 1.3716 mm): Symbol C1018 [CAP]
    Sheet: / (kibot.pre_erc - pre_erc.py:146)
WARNING:(W142) (lib_symbol_mismatch) Symbol '+5V' doesn't match copy in library 'power'
    @(0.508 mm, 0.381 mm): Symbol #PWR0901 [+5V]
    Sheet: / (kibot.pre_erc - pre_erc.py:146)
WARNING:(W142) (lib_symbol_issues) The current configuration does not include the symbol library 'suku_basics'
    @(0.5842 mm, 0.4064 mm): Symbol C901 [CAP]
    Sheet: / (kibot.pre_erc - pre_erc.py:146)
WARNING:(W142) (lib_symbol_issues) The current configuration does not include the symbol library 'suku_basics'
    @(0.508 mm, 0.508 mm): Symbol D901 [UI_WS2812C-2020]
    Sheet: / (kibot.pre_erc - pre_erc.py:146)
WARNING:(W142) (lib_symbol_mismatch) Symbol 'GND' doesn't match copy in library 'power'
    @(0.635 mm, 0.4318 mm): Symbol #PWR0907 [GND]
    Sheet: / (kibot.pre_erc - pre_erc.py:146)
WARNING:(W142) (lib_symbol_mismatch) Symbol 'GND' doesn't match copy in library 'power'
    @(0.508 mm, 0.6096 mm): Symbol #PWR0902 [GND]
    Sheet: / (kibot.pre_erc - pre_erc.py:146)
WARNING:(W142) (lib_symbol_mismatch) Symbol '+5V' doesn't match copy in library 'power'
    @(0.762 mm, 0.381 mm): Symbol #PWR0910 [+5V]
    Sheet: / (kibot.pre_erc - pre_erc.py:146)
WARNING:(W142) (lib_symbol_mismatch) Symbol '+5V' doesn't match copy in library 'power'
    @(0.508 mm, 0.762 mm): Symbol #PWR0903 [+5V]
    Sheet: / (kibot.pre_erc - pre_erc.py:146)
WARNING:(W142) (lib_symbol_issues) The current configuration does not include the symbol library 'suku_basics'
    @(0.8382 mm, 0.4064 mm): Symbol C904 [CAP]
    Sheet: / (kibot.pre_erc - pre_erc.py:146)
WARNING:(W142) (lib_symbol_mismatch) Symbol 'GND' doesn't match copy in library 'power'
    @(0.762 mm, 0.6096 mm): Symbol #PWR0911 [GND]
    Sheet: / (kibot.pre_erc - pre_erc.py:146)
WARNING:(W142) (lib_symbol_issues) The current configuration does not include the symbol library 'suku_basics'
    @(0.5842 mm, 0.7874 mm): Symbol C902 [CAP]
    Sheet: / (kibot.pre_erc - pre_erc.py:146)
WARNING:(W142) (lib_symbol_mismatch) Symbol 'GND' doesn't match copy in library 'power'
    @(0.889 mm, 0.4318 mm): Symbol #PWR0916 [GND]
    Sheet: / (kibot.pre_erc - pre_erc.py:146)
WARNING:(W142) (lib_symbol_issues) The current configuration does not include the symbol library 'suku_basics'
    @(0.508 mm, 0.889 mm): Symbol D902 [UI_WS2812C-2020]
    Sheet: / (kibot.pre_erc - pre_erc.py:146)
WARNING:(W142) (lib_symbol_mismatch) Symbol 'GND' doesn't match copy in library 'power'
    @(0.635 mm, 0.8128 mm): Symbol #PWR0908 [GND]
    Sheet: / (kibot.pre_erc - pre_erc.py:146)
WARNING:(W142) (lib_symbol_mismatch) Symbol '+5V' doesn't match copy in library 'power'
    @(0.762 mm, 0.762 mm): Symbol #PWR0912 [+5V]
    Sheet: / (kibot.pre_erc - pre_erc.py:146)
WARNING:(W142) (lib_symbol_mismatch) Symbol '+5V' doesn't match copy in library 'power'
    @(1.016 mm, 0.381 mm): Symbol #PWR0919 [+5V]
    Sheet: / (kibot.pre_erc - pre_erc.py:146)
WARNING:(W142) (lib_symbol_mismatch) Symbol 'GND' doesn't match copy in library 'power'
    @(0.508 mm, 0.9906 mm): Symbol #PWR0904 [GND]
    Sheet: / (kibot.pre_erc - pre_erc.py:146)
WARNING:(W142) (lib_symbol_issues) The current configuration does not include the symbol library 'suku_basics'
    @(1.016 mm, 0.508 mm): Symbol D907 [UI_WS2812C-2020]
    Sheet: / (kibot.pre_erc - pre_erc.py:146)
WARNING:(W142) (lib_symbol_issues) The current configuration does not include the symbol library 'suku_basics'
    @(0.8382 mm, 0.7874 mm): Symbol C905 [CAP]
    Sheet: / (kibot.pre_erc - pre_erc.py:146)
WARNING:(W142) (lib_symbol_issues) The current configuration does not include the symbol library 'suku_basics'
    @(1.0922 mm, 0.4064 mm): Symbol C907 [CAP]
    Sheet: / (kibot.pre_erc - pre_erc.py:146)
WARNING:(W142) (lib_symbol_issues) The current configuration does not include the symbol library 'suku_basics'
    @(0.762 mm, 0.889 mm): Symbol D905 [UI_WS2812C-2020]
    Sheet: / (kibot.pre_erc - pre_erc.py:146)
WARNING:(W142) (lib_symbol_mismatch) Symbol 'GND' doesn't match copy in library 'power'
    @(1.016 mm, 0.6096 mm): Symbol #PWR0920 [GND]
    Sheet: / (kibot.pre_erc - pre_erc.py:146)
WARNING:(W142) (lib_symbol_mismatch) Symbol 'GND' doesn't match copy in library 'power'
    @(0.889 mm, 0.8128 mm): Symbol #PWR0917 [GND]
    Sheet: / (kibot.pre_erc - pre_erc.py:146)
WARNING:(W142) (lib_symbol_mismatch) Symbol 'GND' doesn't match copy in library 'power'
    @(1.143 mm, 0.4318 mm): Symbol #PWR0925 [GND]
    Sheet: / (kibot.pre_erc - pre_erc.py:146)
WARNING:(W142) (lib_symbol_mismatch) Symbol 'GND' doesn't match copy in library 'power'
    @(0.762 mm, 0.9906 mm): Symbol #PWR0913 [GND]
    Sheet: / (kibot.pre_erc - pre_erc.py:146)
WARNING:(W142) (lib_symbol_mismatch) Symbol '+5V' doesn't match copy in library 'power'
    @(1.016 mm, 0.762 mm): Symbol #PWR0921 [+5V]
    Sheet: / (kibot.pre_erc - pre_erc.py:146)
WARNING:(W142) (lib_symbol_mismatch) Symbol '+5V' doesn't match copy in library 'power'
    @(1.27 mm, 0.381 mm): Symbol #PWR0928 [+5V]
    Sheet: / (kibot.pre_erc - pre_erc.py:146)
WARNING:(W142) (lib_symbol_issues) The current configuration does not include the symbol library 'suku_basics'
    @(1.0922 mm, 0.7874 mm): Symbol C908 [CAP]
    Sheet: / (kibot.pre_erc - pre_erc.py:146)
WARNING:(W142) (lib_symbol_issues) The current configuration does not include the symbol library 'suku_basics'
    @(1.016 mm, 0.889 mm): Symbol D908 [UI_WS2812C-2020]
    Sheet: / (kibot.pre_erc - pre_erc.py:146)
WARNING:(W142) (lib_symbol_issues) The current configuration does not include the symbol library 'suku_basics'
    @(1.27 mm, 0.508 mm): Symbol D910 [UI_WS2812C-2020]
    Sheet: / (kibot.pre_erc - pre_erc.py:146)
WARNING:(W142) (lib_symbol_mismatch) Symbol 'GND' doesn't match copy in library 'power'
    @(1.143 mm, 0.8128 mm): Symbol #PWR0926 [GND]
    Sheet: / (kibot.pre_erc - pre_erc.py:146)
WARNING:(W142) (lib_symbol_issues) The current configuration does not include the symbol library 'suku_basics'
    @(1.3462 mm, 0.4064 mm): Symbol C910 [CAP]
    Sheet: / (kibot.pre_erc - pre_erc.py:146)
WARNING:(W142) (lib_symbol_mismatch) Symbol 'GND' doesn't match copy in library 'power'
    @(1.27 mm, 0.6096 mm): Symbol #PWR0929 [GND]
    Sheet: / (kibot.pre_erc - pre_erc.py:146)
WARNING:(W142) (lib_symbol_mismatch) Symbol 'GND' doesn't match copy in library 'power'
    @(1.016 mm, 0.9906 mm): Symbol #PWR0922 [GND]
    Sheet: / (kibot.pre_erc - pre_erc.py:146)
WARNING:(W142) (lib_symbol_mismatch) Symbol 'GND' doesn't match copy in library 'power'
    @(1.397 mm, 0.4318 mm): Symbol #PWR0934 [GND]
    Sheet: / (kibot.pre_erc - pre_erc.py:146)
WARNING:(W142) (lib_symbol_mismatch) Symbol '+5V' doesn't match copy in library 'power'
    @(1.27 mm, 0.762 mm): Symbol #PWR0930 [+5V]
    Sheet: / (kibot.pre_erc - pre_erc.py:146)
WARNING:(W142) (lib_symbol_issues) The current configuration does not include the symbol library 'suku_basics'
    @(1.27 mm, 0.889 mm): Symbol D911 [UI_WS2812C-2020]
    Sheet: / (kibot.pre_erc - pre_erc.py:146)
WARNING:(W142) (lib_symbol_issues) The current configuration does not include the symbol library 'suku_basics'
    @(1.3462 mm, 0.7874 mm): Symbol C911 [CAP]
    Sheet: / (kibot.pre_erc - pre_erc.py:146)
WARNING:(W142) (lib_symbol_mismatch) Symbol '+5V' doesn't match copy in library 'power'
    @(0.508 mm, 1.524 mm): Symbol #PWR0905 [+5V]
    Sheet: / (kibot.pre_erc - pre_erc.py:146)
WARNING:(W142) (lib_symbol_mismatch) Symbol 'GND' doesn't match copy in library 'power'
    @(1.27 mm, 0.9906 mm): Symbol #PWR0931 [GND]
    Sheet: / (kibot.pre_erc - pre_erc.py:146)
WARNING:(W142) (lib_symbol_mismatch) Symbol 'GND' doesn't match copy in library 'power'
    @(1.397 mm, 0.8128 mm): Symbol #PWR0935 [GND]
    Sheet: / (kibot.pre_erc - pre_erc.py:146)
WARNING:(W142) (lib_symbol_issues) The current configuration does not include the symbol library 'suku_basics'
    @(0.5842 mm, 1.5494 mm): Symbol C903 [CAP]
    Sheet: / (kibot.pre_erc - pre_erc.py:146)
WARNING:(W142) (lib_symbol_mismatch) Symbol 'GND' doesn't match copy in library 'power'
    @(0.635 mm, 1.5748 mm): Symbol #PWR0909 [GND]
    Sheet: / (kibot.pre_erc - pre_erc.py:146)
WARNING:(W142) (lib_symbol_mismatch) Symbol '+5V' doesn't match copy in library 'power'
    @(0.762 mm, 1.524 mm): Symbol #PWR0914 [+5V]
    Sheet: / (kibot.pre_erc - pre_erc.py:146)
WARNING:(W142) (lib_symbol_issues) The current configuration does not include the symbol library 'suku_basics'
    @(0.508 mm, 1.651 mm): Symbol D903 [UI_WS2812C-2020]
    Sheet: / (kibot.pre_erc - pre_erc.py:146)
WARNING:(W142) (lib_symbol_issues) The current configuration does not include the symbol library 'suku_basics'
    @(0.8382 mm, 1.5494 mm): Symbol C906 [CAP]
    Sheet: / (kibot.pre_erc - pre_erc.py:146)
WARNING:(W142) (lib_symbol_mismatch) Symbol 'GND' doesn't match copy in library 'power'
    @(0.889 mm, 1.5748 mm): Symbol #PWR0918 [GND]
    Sheet: / (kibot.pre_erc - pre_erc.py:146)
WARNING:(W142) (lib_symbol_issues) The current configuration does not include the symbol library 'suku_basics'
    @(0.762 mm, 1.651 mm): Symbol D906 [UI_WS2812C-2020]
    Sheet: / (kibot.pre_erc - pre_erc.py:146)
WARNING:(W142) (lib_symbol_mismatch) Symbol 'GND' doesn't match copy in library 'power'
    @(0.508 mm, 1.7526 mm): Symbol #PWR0906 [GND]
    Sheet: / (kibot.pre_erc - pre_erc.py:146)
WARNING:(W142) (lib_symbol_mismatch) Symbol '+5V' doesn't match copy in library 'power'
    @(1.016 mm, 1.524 mm): Symbol #PWR0923 [+5V]
    Sheet: / (kibot.pre_erc - pre_erc.py:146)
WARNING:(W142) (lib_symbol_issues) The current configuration does not include the symbol library 'suku_basics'
    @(1.0922 mm, 1.5494 mm): Symbol C909 [CAP]
    Sheet: / (kibot.pre_erc - pre_erc.py:146)
WARNING:(W142) (lib_symbol_mismatch) Symbol 'GND' doesn't match copy in library 'power'
    @(0.762 mm, 1.7526 mm): Symbol #PWR0915 [GND]
    Sheet: / (kibot.pre_erc - pre_erc.py:146)
WARNING:(W142) (lib_symbol_issues) The current configuration does not include the symbol library 'suku_basics'
    @(1.016 mm, 1.651 mm): Symbol D909 [UI_WS2812C-2020]
    Sheet: / (kibot.pre_erc - pre_erc.py:146)
WARNING:(W142) (lib_symbol_mismatch) Symbol 'GND' doesn't match copy in library 'power'
    @(1.143 mm, 1.5748 mm): Symbol #PWR0927 [GND]
    Sheet: / (kibot.pre_erc - pre_erc.py:146)
WARNING:(W142) (lib_symbol_mismatch) Symbol '+5V' doesn't match copy in library 'power'
    @(1.27 mm, 1.524 mm): Symbol #PWR0932 [+5V]
    Sheet: / (kibot.pre_erc - pre_erc.py:146)
WARNING:(W142) (lib_symbol_mismatch) Symbol 'GND' doesn't match copy in library 'power'
    @(1.016 mm, 1.7526 mm): Symbol #PWR0924 [GND]
    Sheet: / (kibot.pre_erc - pre_erc.py:146)
WARNING:(W142) (lib_symbol_issues) The current configuration does not include the symbol library 'suku_basics'
    @(1.3462 mm, 1.5494 mm): Symbol C912 [CAP]
    Sheet: / (kibot.pre_erc - pre_erc.py:146)
WARNING:(W142) (lib_symbol_issues) The current configuration does not include the symbol library 'suku_basics'
    @(1.27 mm, 1.651 mm): Symbol D912 [UI_WS2812C-2020]
    Sheet: / (kibot.pre_erc - pre_erc.py:146)
WARNING:(W142) (lib_symbol_mismatch) Symbol 'GND' doesn't match copy in library 'power'
    @(1.397 mm, 1.5748 mm): Symbol #PWR0936 [GND]
    Sheet: / (kibot.pre_erc - pre_erc.py:146)
WARNING:(W142) (lib_symbol_mismatch) Symbol 'GND' doesn't match copy in library 'power'
    @(1.27 mm, 1.7526 mm): Symbol #PWR0933 [GND]
    Sheet: / (kibot.pre_erc - pre_erc.py:146)
WARNING:(W142) (lib_symbol_mismatch) Symbol 'Conn_Coaxial' doesn't match copy in library 'Connector'
    @(1.0414 mm, 0.6604 mm): Symbol J701 [Conn_Coaxial]
    Sheet: / (kibot.pre_erc - pre_erc.py:146)
WARNING:(W142) (lib_symbol_mismatch) Symbol 'GND' doesn't match copy in library 'power'
    @(1.0414 mm, 0.7366 mm): Symbol #PWR0804 [GND]
    Sheet: / (kibot.pre_erc - pre_erc.py:146)
WARNING:(W142) (lib_symbol_issues) The current configuration does not include the symbol library 'suku_basics'
    @(1.1938 mm, 0.7112 mm): Symbol C739 [CAP]
    Sheet: / (kibot.pre_erc - pre_erc.py:146)
WARNING:(W142) (lib_symbol_mismatch) Symbol '+3V3' doesn't match copy in library 'power'
    @(1.3462 mm, 0.3556 mm): Symbol #PWR0812 [+3V3]
    Sheet: / (kibot.pre_erc - pre_erc.py:146)
WARNING:(W142) (lib_symbol_issues) The current configuration does not include the symbol library 'suku_basics'
    @(1.2446 mm, 0.6604 mm): Symbol L701 [INDUCTOR]
    Sheet: / (kibot.pre_erc - pre_erc.py:146)
WARNING:(W142) (lib_symbol_issues) The current configuration does not include the symbol library 'suku_basics'
    @(1.3462 mm, 0.4318 mm): Symbol C743 [CAP]
    Sheet: / (kibot.pre_erc - pre_erc.py:146)
WARNING:(W142) (lib_symbol_mismatch) Symbol 'GND' doesn't match copy in library 'power'
    @(1.1938 mm, 0.762 mm): Symbol #PWR0808 [GND]
    Sheet: / (kibot.pre_erc - pre_erc.py:146)
WARNING:(W142) (lib_symbol_mismatch) Symbol 'GND' doesn't match copy in library 'power'
    @(1.3462 mm, 0.4826 mm): Symbol #PWR0813 [GND]
    Sheet: / (kibot.pre_erc - pre_erc.py:146)
WARNING:(W142) (lib_symbol_issues) The current configuration does not include the symbol library 'suku_basics'
    @(1.2954 mm, 0.7112 mm): Symbol C742 [CAP]
    Sheet: / (kibot.pre_erc - pre_erc.py:146)
WARNING:(W142) (lib_symbol_mismatch) Symbol 'GND' doesn't match copy in library 'power'
    @(1.2954 mm, 0.762 mm): Symbol #PWR0811 [GND]
    Sheet: / (kibot.pre_erc - pre_erc.py:146)
WARNING:(W142) (lib_symbol_issues) The current configuration does not include the symbol library 'suku_basics'
    @(1.4732 mm, 0.4318 mm): Symbol C746 [CAP]
    Sheet: / (kibot.pre_erc - pre_erc.py:146)
WARNING:(W142) (lib_symbol_mismatch) Symbol 'GND' doesn't match copy in library 'power'
    @(1.4732 mm, 0.4826 mm): Symbol #PWR0816 [GND]
    Sheet: / (kibot.pre_erc - pre_erc.py:146)
WARNING:(W142) (lib_symbol_issues) The current configuration does not include the symbol library 'suku_basics'
    @(1.5494 mm, 0.4318 mm): Symbol C747 [CAP]
    Sheet: / (kibot.pre_erc - pre_erc.py:146)
WARNING:(W142) (lib_symbol_mismatch) Symbol 'GND' doesn't match copy in library 'power'
    @(1.5494 mm, 0.4826 mm): Symbol #PWR0818 [GND]
    Sheet: / (kibot.pre_erc - pre_erc.py:146)
WARNING:(W142) (lib_symbol_issues) The current configuration does not include the symbol library 'suku_basics'
    @(1.6002 mm, 0.381 mm): Symbol L702 [FERRIT]
    Sheet: / (kibot.pre_erc - pre_erc.py:146)
WARNING:(W142) (lib_symbol_issues) The current configuration does not include the symbol library 'suku_basics'
    @(1.651 mm, 0.4318 mm): Symbol C749 [CAP]
    Sheet: / (kibot.pre_erc - pre_erc.py:146)
WARNING:(W142) (lib_symbol_mismatch) Symbol 'GND' doesn't match copy in library 'power'
    @(1.651 mm, 0.4826 mm): Symbol #PWR0820 [GND]
    Sheet: / (kibot.pre_erc - pre_erc.py:146)
WARNING:(W142) (lib_symbol_mismatch) Symbol '+1V1' doesn't match copy in library 'power'
    @(0.5842 mm, 1.651 mm): Symbol #PWR0798 [+1V1]
    Sheet: / (kibot.pre_erc - pre_erc.py:146)
WARNING:(W142) (lib_symbol_mismatch) Symbol 'PWR_FLAG' doesn't match copy in library 'power'
    @(1.7272 mm, 0.3556 mm): Symbol #FLG0701 [PWR_FLAG]
    Sheet: / (kibot.pre_erc - pre_erc.py:146)
WARNING:(W142) (lib_symbol_issues) The current configuration does not include the symbol library 'suku_basics'
    @(0.4318 mm, 1.7272 mm): Symbol C732 [CAP]
    Sheet: / (kibot.pre_erc - pre_erc.py:146)
WARNING:(W142) (lib_symbol_mismatch) Symbol '+3V3' doesn't match copy in library 'power'
    @(0.2794 mm, 1.778 mm): Symbol #PWR0793 [+3V3]
    Sheet: / (kibot.pre_erc - pre_erc.py:146)
WARNING:(W142) (lib_symbol_issues) The current configuration does not include the symbol library 'suku_basics'
    @(0.508 mm, 1.7272 mm): Symbol C733 [CAP]
    Sheet: / (kibot.pre_erc - pre_erc.py:146)
WARNING:(W142) (lib_symbol_mismatch) Symbol '+3V3' doesn't match copy in library 'power'
    @(0.7366 mm, 1.651 mm): Symbol #PWR0800 [+3V3]
    Sheet: / (kibot.pre_erc - pre_erc.py:146)
WARNING:(W142) (lib_symbol_mismatch) Symbol 'GND' doesn't match copy in library 'power'
    @(0.3556 mm, 1.778 mm): Symbol #PWR0794 [GND]
    Sheet: / (kibot.pre_erc - pre_erc.py:146)
WARNING:(W142) (lib_symbol_mismatch) Symbol 'GND' doesn't match copy in library 'power'
    @(0.4318 mm, 1.778 mm): Symbol #PWR0796 [GND]
    Sheet: / (kibot.pre_erc - pre_erc.py:146)
WARNING:(W142) (lib_symbol_mismatch) Symbol 'GND' doesn't match copy in library 'power'
    @(0.508 mm, 1.778 mm): Symbol #PWR0797 [GND]
    Sheet: / (kibot.pre_erc - pre_erc.py:146)
WARNING:(W142) (lib_symbol_issues) The current configuration does not include the symbol library 'suku_basics'
    @(0.2794 mm, 1.8288 mm): Symbol R729 [RES]
    Sheet: / (kibot.pre_erc - pre_erc.py:146)
WARNING:(W142) (lib_symbol_issues) The current configuration does not include the symbol library 'suku_basics'
    @(1.524 mm, 1.0668 mm): Symbol Y701 [ESP32_XTAL]
    Sheet: / (kibot.pre_erc - pre_erc.py:146)
WARNING:(W142) (lib_symbol_mismatch) Symbol 'GND' doesn't match copy in library 'power'
    @(1.4732 mm, 1.1684 mm): Symbol #PWR0817 [GND]
    Sheet: / (kibot.pre_erc - pre_erc.py:146)
WARNING:(W142) (lib_symbol_mismatch) Symbol '+3V3' doesn't match copy in library 'power'
    @(1.8542 mm, 0.3302 mm): Symbol #PWR0822 [+3V3]
    Sheet: / (kibot.pre_erc - pre_erc.py:146)
WARNING:(W142) (lib_symbol_issues) The current configuration does not include the symbol library 'suku_basics'
    @(1.8542 mm, 0.4064 mm): Symbol C751 [CAP]
    Sheet: / (kibot.pre_erc - pre_erc.py:146)
WARNING:(W142) (lib_symbol_mismatch) Symbol 'GND' doesn't match copy in library 'power'
    @(1.8542 mm, 0.4572 mm): Symbol #PWR0823 [GND]
    Sheet: / (kibot.pre_erc - pre_erc.py:146)
WARNING:(W142) (lib_symbol_issues) The current configuration does not include the symbol library 'suku_basics'
    @(0.889 mm, 1.7272 mm): Symbol C735 [CAP]
    Sheet: / (kibot.pre_erc - pre_erc.py:146)
WARNING:(W142) (lib_symbol_mismatch) Symbol 'GND' doesn't match copy in library 'power'
    @(0.7874 mm, 1.778 mm): Symbol #PWR0801 [GND]
    Sheet: / (kibot.pre_erc - pre_erc.py:146)
WARNING:(W142) (lib_symbol_issues) The current configuration does not include the symbol library 'suku_basics'
    @(1.9304 mm, 0.3302 mm): Symbol #PWR0824 [VDD_SPI]
    Sheet: / (kibot.pre_erc - pre_erc.py:146)
WARNING:(W142) (lib_symbol_issues) The current configuration does not include the symbol library 'suku_basics'
    @(0.9652 mm, 1.7272 mm): Symbol C736 [CAP]
    Sheet: / (kibot.pre_erc - pre_erc.py:146)
WARNING:(W142) (lib_symbol_issues) The current configuration does not include the symbol library 'suku_basics'
    @(1.6002 mm, 1.1684 mm): Symbol C748 [CAP]
    Sheet: / (kibot.pre_erc - pre_erc.py:146)
WARNING:(W142) (lib_symbol_mismatch) Symbol 'GND' doesn't match copy in library 'power'
    @(0.889 mm, 1.778 mm): Symbol #PWR0802 [GND]
    Sheet: / (kibot.pre_erc - pre_erc.py:146)
WARNING:(W142) (lib_symbol_mismatch) Symbol 'GND' doesn't match copy in library 'power'
    @(1.6002 mm, 1.2192 mm): Symbol #PWR0819 [GND]
    Sheet: / (kibot.pre_erc - pre_erc.py:146)
WARNING:(W142) (lib_symbol_issues) The current configuration does not include the symbol library 'suku_basics'
    @(1.0414 mm, 1.7272 mm): Symbol C737 [CAP]
    Sheet: / (kibot.pre_erc - pre_erc.py:146)
WARNING:(W142) (lib_symbol_mismatch) Symbol 'GND' doesn't match copy in library 'power'
    @(0.9652 mm, 1.778 mm): Symbol #PWR0803 [GND]
    Sheet: / (kibot.pre_erc - pre_erc.py:146)
WARNING:(W142) (lib_symbol_mismatch) Symbol '+3V3' doesn't match copy in library 'power'
    @(2.0066 mm, 0.3302 mm): Symbol #PWR0826 [+3V3]
    Sheet: / (kibot.pre_erc - pre_erc.py:146)
WARNING:(W142) (lib_symbol_issues) The current configuration does not include the symbol library 'suku_basics'
    @(1.6764 mm, 1.1684 mm): Symbol C750 [CAP]
    Sheet: / (kibot.pre_erc - pre_erc.py:146)
WARNING:(W142) (lib_symbol_issues) The current configuration does not include the symbol library 'suku_basics'
    @(2.0066 mm, 0.4064 mm): Symbol C752 [CAP]
    Sheet: / (kibot.pre_erc - pre_erc.py:146)
WARNING:(W142) (lib_symbol_issues) The current configuration does not include the symbol library 'suku_basics'
    @(1.1176 mm, 1.7272 mm): Symbol C738 [CAP]
    Sheet: / (kibot.pre_erc - pre_erc.py:146)
WARNING:(W142) (lib_symbol_mismatch) Symbol 'GND' doesn't match copy in library 'power'
    @(2.0066 mm, 0.4572 mm): Symbol #PWR0827 [GND]
    Sheet: / (kibot.pre_erc - pre_erc.py:146)
WARNING:(W142) (lib_symbol_mismatch) Symbol 'GND' doesn't match copy in library 'power'
    @(1.0414 mm, 1.778 mm): Symbol #PWR0805 [GND]
    Sheet: / (kibot.pre_erc - pre_erc.py:146)
WARNING:(W142) (lib_symbol_mismatch) Symbol 'GND' doesn't match copy in library 'power'
    @(1.6764 mm, 1.2192 mm): Symbol #PWR0821 [GND]
    Sheet: / (kibot.pre_erc - pre_erc.py:146)
WARNING:(W142) (lib_symbol_issues) The current configuration does not include the symbol library 'suku_basics'
    @(1.1938 mm, 1.7272 mm): Symbol C740 [CAP]
    Sheet: / (kibot.pre_erc - pre_erc.py:146)
WARNING:(W142) (lib_symbol_mismatch) Symbol 'GND' doesn't match copy in library 'power'
    @(1.1176 mm, 1.778 mm): Symbol #PWR0806 [GND]
    Sheet: / (kibot.pre_erc - pre_erc.py:146)
WARNING:(W142) (lib_symbol_mismatch) Symbol 'GND' doesn't match copy in library 'power'
    @(1.1938 mm, 1.778 mm): Symbol #PWR0809 [GND]
    Sheet: / (kibot.pre_erc - pre_erc.py:146)
WARNING:(W142) (lib_symbol_issues) The current configuration does not include the symbol library 'suku_basics'
    @(1.27 mm, 1.7272 mm): Symbol C741 [CAP]
    Sheet: / (kibot.pre_erc - pre_erc.py:146)
WARNING:(W142) (lib_symbol_issues) The current configuration does not include the symbol library 'suku_basics'
    @(1.651 mm, 1.4224 mm): Symbol R733 [RES]
    Sheet: / (kibot.pre_erc - pre_erc.py:146)
WARNING:(W142) (lib_symbol_mismatch) Symbol 'GND' doesn't match copy in library 'power'
    @(1.27 mm, 1.778 mm): Symbol #PWR0810 [GND]
    Sheet: / (kibot.pre_erc - pre_erc.py:146)
WARNING:(W142) (lib_symbol_issues) The current configuration does not include the symbol library 'suku_basics'
    @(1.3462 mm, 1.7272 mm): Symbol C744 [CAP]
    Sheet: / (kibot.pre_erc - pre_erc.py:146)
WARNING:(W142) (lib_symbol_issues) The current configuration does not include the symbol library 'suku_basics'
    @(1.9558 mm, 0.9906 mm): Symbol U704 [ESP32-S3]
    Sheet: / (kibot.pre_erc - pre_erc.py:146)
WARNING:(W142) (lib_symbol_mismatch) Symbol 'GND' doesn't match copy in library 'power'
    @(1.3462 mm, 1.778 mm): Symbol #PWR0814 [GND]
    Sheet: / (kibot.pre_erc - pre_erc.py:146)
WARNING:(W142) (lib_symbol_issues) The current configuration does not include the symbol library 'suku_basics'
    @(1.4224 mm, 1.7272 mm): Symbol C745 [CAP]
    Sheet: / (kibot.pre_erc - pre_erc.py:146)
WARNING:(W142) (lib_symbol_issues) The current configuration does not include the symbol library 'suku_basics'
    @(2.2098 mm, 0.4318 mm): Symbol C753 [CAP]
    Sheet: / (kibot.pre_erc - pre_erc.py:146)
WARNING:(W142) (lib_symbol_mismatch) Symbol 'GND' doesn't match copy in library 'power'
    @(2.2098 mm, 0.4826 mm): Symbol #PWR0828 [GND]
    Sheet: / (kibot.pre_erc - pre_erc.py:146)
WARNING:(W142) (lib_symbol_mismatch) Symbol 'GND' doesn't match copy in library 'power'
    @(1.4224 mm, 1.778 mm): Symbol #PWR0815 [GND]
    Sheet: / (kibot.pre_erc - pre_erc.py:146)
WARNING:(W142) (lib_symbol_issues) The current configuration does not include the symbol library 'suku_basics'
    @(2.286 mm, 0.4318 mm): Symbol C754 [CAP]
    Sheet: / (kibot.pre_erc - pre_erc.py:146)
WARNING:(W142) (lib_symbol_mismatch) Symbol 'GND' doesn't match copy in library 'power'
    @(2.286 mm, 0.4826 mm): Symbol #PWR0829 [GND]
    Sheet: / (kibot.pre_erc - pre_erc.py:146)
WARNING:(W142) (lib_symbol_issues) The current configuration does not include the symbol library 'suku_basics'
    @(0.635 mm, 2.2606 mm): Symbol U703 [RP2040]
    Sheet: / (kibot.pre_erc - pre_erc.py:146)
WARNING:(W142) (lib_symbol_mismatch) Symbol '+3V3' doesn't match copy in library 'power'
    @(2.3368 mm, 0.3556 mm): Symbol #PWR0830 [+3V3]
    Sheet: / (kibot.pre_erc - pre_erc.py:146)
WARNING:(W142) (lib_symbol_mismatch) Symbol 'GND' doesn't match copy in library 'power'
    @(1.9558 mm, 1.5494 mm): Symbol #PWR0825 [GND]
    Sheet: / (kibot.pre_erc - pre_erc.py:146)
WARNING:(W142) (global_label_dangling) Global label not connected anywhere else in the schematic
    @(2.286 mm, 1.016 mm): Global Label 'ESP_GPIO_16'
    Sheet: / (kibot.pre_erc - pre_erc.py:146)
WARNING:(W142) (lib_symbol_mismatch) Symbol 'GND' doesn't match copy in library 'power'
    @(1.1176 mm, 2.3114 mm): Symbol #PWR0807 [GND]
    Sheet: / (kibot.pre_erc - pre_erc.py:146)
WARNING:(W142) (global_label_dangling) Global label not connected anywhere else in the schematic
    @(2.286 mm, 1.2192 mm): Global Label 'ESP_GPIO_35'
    Sheet: / (kibot.pre_erc - pre_erc.py:146)
WARNING:(W142) (global_label_dangling) Global label not connected anywhere else in the schematic
    @(2.286 mm, 1.2446 mm): Global Label 'ESP_GPIO_36'
    Sheet: / (kibot.pre_erc - pre_erc.py:146)
WARNING:(W142) (global_label_dangling) Global label not connected anywhere else in the schematic
    @(2.286 mm, 1.27 mm): Global Label 'ESP_GPIO_37'
    Sheet: / (kibot.pre_erc - pre_erc.py:146)
WARNING:(W142) (global_label_dangling) Global label not connected anywhere else in the schematic
    @(2.286 mm, 1.3462 mm): Global Label 'ESP_GPIO_45'
    Sheet: / (kibot.pre_erc - pre_erc.py:146)
WARNING:(W142) (global_label_dangling) Global label not connected anywhere else in the schematic
    @(2.286 mm, 1.3716 mm): Global Label 'ESP_GPIO_46'
    Sheet: / (kibot.pre_erc - pre_erc.py:146)
WARNING:(W142) (lib_symbol_mismatch) Symbol 'GND' doesn't match copy in library 'power'
    @(0.3556 mm, 2.667 mm): Symbol #PWR0795 [GND]
    Sheet: / (kibot.pre_erc - pre_erc.py:146)
WARNING:(W142) (lib_symbol_mismatch) Symbol 'GND' doesn't match copy in library 'power'
    @(0.635 mm, 2.7432 mm): Symbol #PWR0799 [GND]
    Sheet: / (kibot.pre_erc - pre_erc.py:146)
WARNING:(W142) (lib_symbol_mismatch) Symbol 'GND' doesn't match copy in library 'power'
    @(2.667 mm, 1.397 mm): Symbol #PWR0831 [GND]
    Sheet: / (kibot.pre_erc - pre_erc.py:146)
WARNING:(W142) (lib_symbol_mismatch) Symbol '+3V3' doesn't match copy in library 'power'
    @(3.4544 mm, 0.8636 mm): Symbol #PWR01105 [+3V3]
    Sheet: / (kibot.pre_erc - pre_erc.py:146)
WARNING:(W142) (lib_symbol_issues) The current configuration does not include the symbol library 'suku_basics'
    @(3.4544 mm, 0.9144 mm): Symbol R701 [RES]
    Sheet: / (kibot.pre_erc - pre_erc.py:146)
WARNING:(W142) (lib_symbol_mismatch) Symbol 'GND' doesn't match copy in library 'power'
    @(3.5306 mm, 0.635 mm): Symbol #PWR0839 [GND]
    Sheet: / (kibot.pre_erc - pre_erc.py:146)
WARNING:(W142) (lib_symbol_mismatch) Symbol 'GND' doesn't match copy in library 'power'
    @(2.8194 mm, 2.3114 mm): Symbol #PWR01058 [GND]
    Sheet: / (kibot.pre_erc - pre_erc.py:146)
WARNING:(W142) (lib_symbol_mismatch) Symbol '+3V3' doesn't match copy in library 'power'
    @(3.556 mm, 0.8636 mm): Symbol #PWR0840 [+3V3]
    Sheet: / (kibot.pre_erc - pre_erc.py:146)
WARNING:(W142) (lib_symbol_issues) The current configuration does not include the symbol library 'suku_basics'
    @(3.556 mm, 0.9144 mm): Symbol C757 [CAP]
    Sheet: / (kibot.pre_erc - pre_erc.py:146)
WARNING:(W142) (lib_symbol_issues) The current configuration does not include the symbol library 'suku_basics'
    @(3.6068 mm, 0.9652 mm): Symbol R736 [RES]
    Sheet: / (kibot.pre_erc - pre_erc.py:146)
WARNING:(W142) (lib_symbol_mismatch) Symbol '+3V3' doesn't match copy in library 'power'
    @(3.556 mm, 1.2192 mm): Symbol #PWR0835 [+3V3]
    Sheet: / (kibot.pre_erc - pre_erc.py:146)
WARNING:(W142) (lib_symbol_issues) The current configuration does not include the symbol library 'suku_basics'
    @(3.556 mm, 1.27 mm): Symbol R735 [RES]
    Sheet: / (kibot.pre_erc - pre_erc.py:146)
WARNING:(W142) (lib_symbol_issues) The current configuration does not include the symbol library 'suku_basics'
    @(3.6068 mm, 1.3716 mm): Symbol C758 [CAP]
    Sheet: / (kibot.pre_erc - pre_erc.py:146)
WARNING:(W142) (lib_symbol_mismatch) Symbol 'GND' doesn't match copy in library 'power'
    @(3.6068 mm, 1.4224 mm): Symbol #PWR0841 [GND]
    Sheet: / (kibot.pre_erc - pre_erc.py:146)
WARNING:(W142) (lib_symbol_mismatch) Symbol 'GND' doesn't match copy in library 'power'
    @(3.7846 mm, 1.016 mm): Symbol #PWR0844 [GND]
    Sheet: / (kibot.pre_erc - pre_erc.py:146)
WARNING:(W142) (lib_symbol_mismatch) Symbol 'GND' doesn't match copy in library 'power'
    @(3.7846 mm, 1.3716 mm): Symbol #PWR0845 [GND]
    Sheet: / (kibot.pre_erc - pre_erc.py:146)
WARNING:(W142) (lib_symbol_issues) The current configuration does not include the symbol library 'suku_basics'
    @(3.5052 mm, 2.032 mm): Symbol #PWR0836 [VDD_SPI]
    Sheet: / (kibot.pre_erc - pre_erc.py:146)
WARNING:(W142) (lib_symbol_issues) The current configuration does not include the symbol library 'suku_basics'
    @(3.5052 mm, 2.0828 mm): Symbol R734 [RES]
    Sheet: / (kibot.pre_erc - pre_erc.py:146)
WARNING:(W142) (lib_symbol_issues) The current configuration does not include the symbol library 'suku_basics'
    @(3.4036 mm, 2.3114 mm): Symbol #PWR0833 [VDD_SPI]
    Sheet: / (kibot.pre_erc - pre_erc.py:146)
WARNING:(W142) (lib_symbol_mismatch) Symbol 'GND' doesn't match copy in library 'power'
    @(3.7846 mm, 1.6764 mm): Symbol #PWR0846 [GND]
    Sheet: / (kibot.pre_erc - pre_erc.py:146)
WARNING:(W142) (lib_symbol_issues) The current configuration does not include the symbol library 'suku_basics'
    @(3.4036 mm, 2.3622 mm): Symbol C755 [CAP]
    Sheet: / (kibot.pre_erc - pre_erc.py:146)
WARNING:(W142) (lib_symbol_mismatch) Symbol 'GND' doesn't match copy in library 'power'
    @(3.4036 mm, 2.413 mm): Symbol #PWR0834 [GND]
    Sheet: / (kibot.pre_erc - pre_erc.py:146)
WARNING:(W142) (lib_symbol_issues) The current configuration does not include the symbol library 'suku_basics'
    @(3.6576 mm, 2.032 mm): Symbol #PWR0842 [VDD_SPI]
    Sheet: / (kibot.pre_erc - pre_erc.py:146)
WARNING:(W142) (lib_symbol_issues) The current configuration does not include the symbol library 'suku_basics'
    @(3.5052 mm, 2.3114 mm): Symbol #PWR0837 [VDD_SPI]
    Sheet: / (kibot.pre_erc - pre_erc.py:146)
WARNING:(W142) (lib_symbol_issues) The current configuration does not include the symbol library 'suku_basics'
    @(3.5052 mm, 2.3622 mm): Symbol C756 [CAP]
    Sheet: / (kibot.pre_erc - pre_erc.py:146)
WARNING:(W142) (lib_symbol_issues) The current configuration does not include the symbol library 'suku_basics'
    @(3.6576 mm, 2.159 mm): Symbol U705 [U_FLASH_W25Q16JVSSIQ]
    Sheet: / (kibot.pre_erc - pre_erc.py:146)
WARNING:(W142) (lib_symbol_mismatch) Symbol 'GND' doesn't match copy in library 'power'
    @(3.5052 mm, 2.413 mm): Symbol #PWR0838 [GND]
    Sheet: / (kibot.pre_erc - pre_erc.py:146)
WARNING:(W142) (lib_symbol_mismatch) Symbol 'GND' doesn't match copy in library 'power'
    @(3.6576 mm, 2.286 mm): Symbol #PWR0843 [GND]
    Sheet: / (kibot.pre_erc - pre_erc.py:146)
WARNING:(W142) (lib_symbol_issues) The current configuration does not include the symbol library 'suku_basics'
    @(3.9243 mm, 2.3749 mm): Symbol LOGO701 [OSHWA]
    Sheet: / (kibot.pre_erc - pre_erc.py:146)
WARNING:(W142) (lib_symbol_issues) The current configuration does not include the symbol library 'suku_basics'
    @(0.4064 mm, 0.7366 mm): Symbol J601 [USB_C_TYPE-C-32-M-12]
    Sheet: / (kibot.pre_erc - pre_erc.py:146)
WARNING:(W142) (lib_symbol_mismatch) Symbol 'PWR_FLAG' doesn't match copy in library 'power'
    @(0.6604 mm, 0.5334 mm): Symbol #FLG0601 [PWR_FLAG]
    Sheet: / (kibot.pre_erc - pre_erc.py:146)
WARNING:(W142) (lib_symbol_mismatch) Symbol 'VBUS' doesn't match copy in library 'power'
    @(0.762 mm, 0.5334 mm): Symbol #PWR0608 [VBUS]
    Sheet: / (kibot.pre_erc - pre_erc.py:146)
WARNING:(W142) (lib_symbol_issues) The current configuration does not include the symbol library 'suku_basics'
    @(0.762 mm, 0.7366 mm): Symbol R602 [RES]
    Sheet: / (kibot.pre_erc - pre_erc.py:146)
WARNING:(W142) (lib_symbol_mismatch) Symbol 'GND' doesn't match copy in library 'power'
    @(0.762 mm, 0.7874 mm): Symbol #PWR0609 [GND]
    Sheet: / (kibot.pre_erc - pre_erc.py:146)
WARNING:(W142) (lib_symbol_issues) The current configuration does not include the symbol library 'suku_basics'
    @(0.8382 mm, 0.7366 mm): Symbol R603 [RES]
    Sheet: / (kibot.pre_erc - pre_erc.py:146)
WARNING:(W142) (lib_symbol_issues) The current configuration does not include the symbol library 'suku_basics'
    @(0.254 mm, 1.0922 mm): Symbol C601 [CAP]
    Sheet: / (kibot.pre_erc - pre_erc.py:146)
WARNING:(W142) (lib_symbol_mismatch) Symbol 'GND' doesn't match copy in library 'power'
    @(0.8382 mm, 0.7874 mm): Symbol #PWR0612 [GND]
    Sheet: / (kibot.pre_erc - pre_erc.py:146)
WARNING:(W142) (lib_symbol_issues) The current configuration does not include the symbol library 'suku_basics'
    @(0.381 mm, 1.0922 mm): Symbol R601 [RES]
    Sheet: / (kibot.pre_erc - pre_erc.py:146)
WARNING:(W142) (lib_symbol_mismatch) Symbol 'PWR_FLAG' doesn't match copy in library 'power'
    @(0.6604 mm, 0.9652 mm): Symbol #FLG0602 [PWR_FLAG]
    Sheet: / (kibot.pre_erc - pre_erc.py:146)
WARNING:(W142) (lib_symbol_mismatch) Symbol 'GND' doesn't match copy in library 'power'
    @(0.254 mm, 1.143 mm): Symbol #PWR0602 [GND]
    Sheet: / (kibot.pre_erc - pre_erc.py:146)
WARNING:(W142) (lib_symbol_mismatch) Symbol 'GND' doesn't match copy in library 'power'
    @(0.381 mm, 1.143 mm): Symbol #PWR0604 [GND]
    Sheet: / (kibot.pre_erc - pre_erc.py:146)
WARNING:(W142) (lib_symbol_mismatch) Symbol 'GND' doesn't match copy in library 'power'
    @(0.762 mm, 0.9652 mm): Symbol #PWR0610 [GND]
    Sheet: / (kibot.pre_erc - pre_erc.py:146)
WARNING:(W142) (lib_symbol_mismatch) Symbol 'GND' doesn't match copy in library 'power'
    @(1.0668 mm, 0.6858 mm): Symbol #PWR0614 [GND]
    Sheet: / (kibot.pre_erc - pre_erc.py:146)
WARNING:(W142) (lib_symbol_issues) The current configuration does not include the symbol library 'suku_basics'
    @(1.143 mm, 0.635 mm): Symbol U602 [U_ESD_4ch]
    Sheet: / (kibot.pre_erc - pre_erc.py:146)
WARNING:(W142) (lib_symbol_mismatch) Symbol 'VBUS' doesn't match copy in library 'power'
    @(1.0668 mm, 0.8128 mm): Symbol #PWR0615 [VBUS]
    Sheet: / (kibot.pre_erc - pre_erc.py:146)
WARNING:(W142) (lib_symbol_mismatch) Symbol 'VBUS' doesn't match copy in library 'power'
    @(1.2192 mm, 0.5842 mm): Symbol #PWR0617 [VBUS]
    Sheet: / (kibot.pre_erc - pre_erc.py:146)
WARNING:(W142) (lib_symbol_issues) The current configuration does not include the symbol library 'suku_basics'
    @(1.143 mm, 0.8636 mm): Symbol U603 [U_ESD_4ch]
    Sheet: / (kibot.pre_erc - pre_erc.py:146)
WARNING:(W142) (lib_symbol_mismatch) Symbol 'GND' doesn't match copy in library 'power'
    @(1.2192 mm, 0.9144 mm): Symbol #PWR0618 [GND]
    Sheet: / (kibot.pre_erc - pre_erc.py:146)
WARNING:(W142) (lib_symbol_mismatch) Symbol 'VBUS' doesn't match copy in library 'power'
    @(0.2032 mm, 1.5494 mm): Symbol #PWR0601 [VBUS]
    Sheet: / (kibot.pre_erc - pre_erc.py:146)
WARNING:(W142) (lib_symbol_mismatch) Symbol '+5V' doesn't match copy in library 'power'
    @(0.254 mm, 1.5494 mm): Symbol #PWR0603 [+5V]
    Sheet: / (kibot.pre_erc - pre_erc.py:146)
WARNING:(W142) (lib_symbol_issues) The current configuration does not include the symbol library 'suku_basics'
    @(0.381 mm, 1.6256 mm): Symbol C602 [CAP]
    Sheet: / (kibot.pre_erc - pre_erc.py:146)
WARNING:(W142) (lib_symbol_issues) The current configuration does not include the symbol library 'suku_basics'
    @(0.5588 mm, 1.6002 mm): Symbol U601 [U_REGULATOR_SOT23-5]
    Sheet: / (kibot.pre_erc - pre_erc.py:146)
WARNING:(W142) (lib_symbol_mismatch) Symbol 'GND' doesn't match copy in library 'power'
    @(0.381 mm, 1.6764 mm): Symbol #PWR0605 [GND]
    Sheet: / (kibot.pre_erc - pre_erc.py:146)
WARNING:(W142) (lib_symbol_mismatch) Symbol '+3V3' doesn't match copy in library 'power'
    @(0.8128 mm, 1.5494 mm): Symbol #PWR0611 [+3V3]
    Sheet: / (kibot.pre_erc - pre_erc.py:146)
WARNING:(W142) (lib_symbol_issues) The current configuration does not include the symbol library 'suku_basics'
    @(0.6858 mm, 1.6256 mm): Symbol C603 [CAP]
    Sheet: / (kibot.pre_erc - pre_erc.py:146)
WARNING:(W142) (lib_symbol_mismatch) Symbol 'GND' doesn't match copy in library 'power'
    @(0.5588 mm, 1.7018 mm): Symbol #PWR0606 [GND]
    Sheet: / (kibot.pre_erc - pre_erc.py:146)
WARNING:(W142) (lib_symbol_mismatch) Symbol 'GND' doesn't match copy in library 'power'
    @(0.6858 mm, 1.6764 mm): Symbol #PWR0607 [GND]
    Sheet: / (kibot.pre_erc - pre_erc.py:146)
WARNING:(W142) (lib_symbol_mismatch) Symbol 'VBUS' doesn't match copy in library 'power'
    @(1.7018 mm, 0.635 mm): Symbol #PWR0620 [VBUS]
    Sheet: / (kibot.pre_erc - pre_erc.py:146)
WARNING:(W142) (lib_symbol_mismatch) Symbol 'GND' doesn't match copy in library 'power'
    @(0.9906 mm, 1.6002 mm): Symbol #PWR0613 [GND]
    Sheet: / (kibot.pre_erc - pre_erc.py:146)
WARNING:(W142) (lib_symbol_mismatch) Symbol 'GND' doesn't match copy in library 'power'
    @(1.7018 mm, 0.889 mm): Symbol #PWR0621 [GND]
    Sheet: / (kibot.pre_erc - pre_erc.py:146)
WARNING:(W142) (lib_symbol_mismatch) Symbol '+3V3' doesn't match copy in library 'power'
    @(1.143 mm, 1.6002 mm): Symbol #PWR0616 [+3V3]
    Sheet: / (kibot.pre_erc - pre_erc.py:146)
WARNING:(W142) (lib_symbol_mismatch) Symbol 'VBUS' doesn't match copy in library 'power'
    @(1.2446 mm, 1.6002 mm): Symbol #PWR0619 [VBUS]
    Sheet: / (kibot.pre_erc - pre_erc.py:146)
WARNING:(W142) (lib_symbol_mismatch) Symbol 'VBUS' doesn't match copy in library 'power'
    @(2.032 mm, 0.4826 mm): Symbol #PWR0622 [VBUS]
    Sheet: / (kibot.pre_erc - pre_erc.py:146)
WARNING:(W142) (lib_symbol_mismatch) Symbol 'VBUS' doesn't match copy in library 'power'
    @(2.032 mm, 0.7366 mm): Symbol #PWR0623 [VBUS]
    Sheet: / (kibot.pre_erc - pre_erc.py:146)
WARNING:(W142) (lib_symbol_issues) The current configuration does not include the symbol library 'suku_basics'
    @(2.1336 mm, 0.5334 mm): Symbol U605 [BL1551B]
    Sheet: / (kibot.pre_erc - pre_erc.py:146)
WARNING:(W142) (lib_symbol_issues) The current configuration does not include the symbol library 'suku_basics'
    @(1.9304 mm, 1.0922 mm): Symbol R604 [RES]
    Sheet: / (kibot.pre_erc - pre_erc.py:146)
WARNING:(W142) (lib_symbol_mismatch) Symbol 'VBUS' doesn't match copy in library 'power'
    @(2.032 mm, 0.9652 mm): Symbol #PWR0624 [VBUS]
    Sheet: / (kibot.pre_erc - pre_erc.py:146)
WARNING:(W142) (lib_symbol_issues) The current configuration does not include the symbol library 'suku_basics'
    @(2.1336 mm, 0.7874 mm): Symbol U606 [BL1551B]
    Sheet: / (kibot.pre_erc - pre_erc.py:146)
WARNING:(W142) (lib_symbol_mismatch) Symbol 'GND' doesn't match copy in library 'power'
    @(2.2352 mm, 0.5842 mm): Symbol #PWR0626 [GND]
    Sheet: / (kibot.pre_erc - pre_erc.py:146)
WARNING:(W142) (lib_symbol_issues) The current configuration does not include the symbol library 'suku_basics'
    @(1.9304 mm, 1.3462 mm): Symbol R605 [RES]
    Sheet: / (kibot.pre_erc - pre_erc.py:146)
WARNING:(W142) (lib_symbol_issues) The current configuration does not include the symbol library 'suku_basics'
    @(2.1336 mm, 1.016 mm): Symbol U607 [BL1551B]
    Sheet: / (kibot.pre_erc - pre_erc.py:146)
WARNING:(W142) (lib_symbol_mismatch) Symbol 'VBUS' doesn't match copy in library 'power'
    @(2.032 mm, 1.2192 mm): Symbol #PWR0625 [VBUS]
    Sheet: / (kibot.pre_erc - pre_erc.py:146)
WARNING:(W142) (lib_symbol_mismatch) Symbol 'GND' doesn't match copy in library 'power'
    @(2.2352 mm, 0.8382 mm): Symbol #PWR0627 [GND]
    Sheet: / (kibot.pre_erc - pre_erc.py:146)
WARNING:(W142) (lib_symbol_issues) The current configuration does not include the symbol library 'suku_basics'
    @(2.1336 mm, 1.27 mm): Symbol U608 [BL1551B]
    Sheet: / (kibot.pre_erc - pre_erc.py:146)
WARNING:(W142) (lib_symbol_mismatch) Symbol 'GND' doesn't match copy in library 'power'
    @(2.2352 mm, 1.0922 mm): Symbol #PWR0628 [GND]
    Sheet: / (kibot.pre_erc - pre_erc.py:146)
WARNING:(W142) (lib_symbol_mismatch) Symbol 'VBUS' doesn't match copy in library 'power'
    @(2.54 mm, 0.4572 mm): Symbol #PWR0630 [VBUS]
    Sheet: / (kibot.pre_erc - pre_erc.py:146)
WARNING:(W142) (lib_symbol_issues) The current configuration does not include the symbol library 'suku_basics'
    @(2.54 mm, 0.508 mm): Symbol C604 [CAP]
    Sheet: / (kibot.pre_erc - pre_erc.py:146)
WARNING:(W142) (lib_symbol_mismatch) Symbol 'GND' doesn't match copy in library 'power'
    @(2.54 mm, 0.5588 mm): Symbol #PWR0631 [GND]
    Sheet: / (kibot.pre_erc - pre_erc.py:146)
WARNING:(W142) (lib_symbol_mismatch) Symbol 'GND' doesn't match copy in library 'power'
    @(2.2352 mm, 1.3462 mm): Symbol #PWR0629 [GND]
    Sheet: / (kibot.pre_erc - pre_erc.py:146)
WARNING:(W142) (lib_symbol_mismatch) Symbol 'VBUS' doesn't match copy in library 'power'
    @(2.54 mm, 0.7112 mm): Symbol #PWR0632 [VBUS]
    Sheet: / (kibot.pre_erc - pre_erc.py:146)
WARNING:(W142) (lib_symbol_issues) The current configuration does not include the symbol library 'suku_basics'
    @(2.54 mm, 0.762 mm): Symbol C605 [CAP]
    Sheet: / (kibot.pre_erc - pre_erc.py:146)
WARNING:(W142) (lib_symbol_mismatch) Symbol 'GND' doesn't match copy in library 'power'
    @(2.54 mm, 0.8128 mm): Symbol #PWR0633 [GND]
    Sheet: / (kibot.pre_erc - pre_erc.py:146)
WARNING:(W142) (lib_symbol_mismatch) Symbol 'VBUS' doesn't match copy in library 'power'
    @(2.54 mm, 0.9652 mm): Symbol #PWR0634 [VBUS]
    Sheet: / (kibot.pre_erc - pre_erc.py:146)
WARNING:(W142) (lib_symbol_issues) The current configuration does not include the symbol library 'suku_basics'
    @(2.54 mm, 1.016 mm): Symbol C606 [CAP]
    Sheet: / (kibot.pre_erc - pre_erc.py:146)
WARNING:(W142) (lib_symbol_mismatch) Symbol 'GND' doesn't match copy in library 'power'
    @(2.54 mm, 1.0668 mm): Symbol #PWR0635 [GND]
    Sheet: / (kibot.pre_erc - pre_erc.py:146)
WARNING:(W142) (lib_symbol_mismatch) Symbol 'VBUS' doesn't match copy in library 'power'
    @(2.54 mm, 1.2192 mm): Symbol #PWR0636 [VBUS]
    Sheet: / (kibot.pre_erc - pre_erc.py:146)
WARNING:(W142) (lib_symbol_issues) The current configuration does not include the symbol library 'suku_basics'
    @(2.54 mm, 1.27 mm): Symbol C607 [CAP]
    Sheet: / (kibot.pre_erc - pre_erc.py:146)
WARNING:(W142) (lib_symbol_mismatch) Symbol 'GND' doesn't match copy in library 'power'
    @(2.54 mm, 1.3208 mm): Symbol #PWR0637 [GND]
    Sheet: / (kibot.pre_erc - pre_erc.py:146)
WARNING:(W142) (lib_symbol_mismatch) Symbol '+5V' doesn't match copy in library 'power'
    @(0.381 mm, 0.5588 mm): Symbol #PWR0505 [+5V]
    Sheet: / (kibot.pre_erc - pre_erc.py:146)
WARNING:(W142) (lib_symbol_mismatch) Symbol 'GND' doesn't match copy in library 'power'
    @(0.381 mm, 0.7366 mm): Symbol #PWR0507 [GND]
    Sheet: / (kibot.pre_erc - pre_erc.py:146)
WARNING:(W142) (lib_symbol_mismatch) Symbol 'GND' doesn't match copy in library 'power'
    @(0.7874 mm, 0.381 mm): Symbol #PWR0503 [GND]
    Sheet: / (kibot.pre_erc - pre_erc.py:146)
WARNING:(W142) (lib_symbol_mismatch) Symbol '+5V' doesn't match copy in library 'power'
    @(0.381 mm, 0.9652 mm): Symbol #PWR0511 [+5V]
    Sheet: / (kibot.pre_erc - pre_erc.py:146)
WARNING:(W142) (lib_symbol_mismatch) Symbol '+5V' doesn't match copy in library 'power'
    @(1.143 mm, 0.5588 mm): Symbol #PWR0506 [+5V]
    Sheet: / (kibot.pre_erc - pre_erc.py:146)
WARNING:(W142) (lib_symbol_mismatch) Symbol 'GND' doesn't match copy in library 'power'
    @(0.7366 mm, 1.143 mm): Symbol #PWR0514 [GND]
    Sheet: / (kibot.pre_erc - pre_erc.py:146)
WARNING:(W142) (lib_symbol_mismatch) Symbol 'GND' doesn't match copy in library 'power'
    @(0.7874 mm, 1.143 mm): Symbol #PWR0515 [GND]
    Sheet: / (kibot.pre_erc - pre_erc.py:146)
WARNING:(W142) (lib_symbol_mismatch) Symbol '+5V' doesn't match copy in library 'power'
    @(0.9652 mm, 1.143 mm): Symbol #PWR0516 [+5V]
    Sheet: / (kibot.pre_erc - pre_erc.py:146)
WARNING:(W142) (lib_symbol_mismatch) Symbol '+3V3' doesn't match copy in library 'power'
    @(0.4572 mm, 0.7366 mm): Symbol #PWR0638 [+3V3]
    Sheet: / (kibot.pre_erc - pre_erc.py:146)
WARNING:(W142) (lib_symbol_issues) The current configuration does not include the symbol library 'suku_basics'
    @(0.4572 mm, 0.7874 mm): Symbol JP601 [JP_SolderJumper_2_Open]
    Sheet: / (kibot.pre_erc - pre_erc.py:146)
WARNING:(W142) (lib_symbol_issues) The current configuration does not include the symbol library 'suku_basics'
    @(0.4572 mm, 0.889 mm): Symbol R606 [RES]
    Sheet: / (kibot.pre_erc - pre_erc.py:146)
WARNING:(W142) (lib_symbol_mismatch) Symbol 'GND' doesn't match copy in library 'power'
    @(0.4572 mm, 0.9398 mm): Symbol #PWR0639 [GND]
    Sheet: / (kibot.pre_erc - pre_erc.py:146)
WARNING:(W142) (lib_symbol_mismatch) Symbol '+3V3' doesn't match copy in library 'power'
    @(1.0414 mm, 0.635 mm): Symbol #PWR0832 [+3V3]
    Sheet: / (kibot.pre_erc - pre_erc.py:146)
WARNING:(W142) (lib_symbol_issues) The current configuration does not include the symbol library 'suku_basics'
    @(1.0414 mm, 0.8636 mm): Symbol U801 [74HC165]
    Sheet: / (kibot.pre_erc - pre_erc.py:146)
WARNING:(W142) (lib_symbol_mismatch) Symbol '+3V3' doesn't match copy in library 'power'
    @(1.2192 mm, 0.8636 mm): Symbol #PWR0880 [+3V3]
    Sheet: / (kibot.pre_erc - pre_erc.py:146)
WARNING:(W142) (lib_symbol_issues) The current configuration does not include the symbol library 'suku_basics'
    @(1.2192 mm, 0.9398 mm): Symbol C801 [CAP]
    Sheet: / (kibot.pre_erc - pre_erc.py:146)
WARNING:(W142) (lib_symbol_mismatch) Symbol 'GND' doesn't match copy in library 'power'
    @(1.0414 mm, 1.143 mm): Symbol #PWR0879 [GND]
    Sheet: / (kibot.pre_erc - pre_erc.py:146)
WARNING:(W142) (lib_symbol_mismatch) Symbol 'GND' doesn't match copy in library 'power'
    @(1.2192 mm, 1.016 mm): Symbol #PWR0881 [GND]
    Sheet: / (kibot.pre_erc - pre_erc.py:146)
WARNING:(W142) (multiple_net_names) Both GND and OUT_9 are attached to the same items; GND will be used in the netlist
    @(0.4064 mm, 1.143 mm): Symbol #PWR01027 Hidden pin 1 [GND, Power input, Line]
    @(0.6096 mm, 1.397 mm): Hierarchical Label 'OUT_9'
    Sheet: /UI_POT/ (kibot.pre_erc - pre_erc.py:146)
WARNING:(W142) (no_connect_dangling) Unconnected "no connection" flag
    @(1.2446 mm, 0.6858 mm): No Connect
    Sheet: /Sheet5D7C8BFD/ (kibot.pre_erc - pre_erc.py:146)
WARNING:(W142) (no_connect_dangling) Unconnected "no connection" flag
    @(2.0828 mm, 1.4732 mm): No Connect
    Sheet: /Sheet5D7C8BFD/ (kibot.pre_erc - pre_erc.py:146)
WARNING:(W142) (no_connect_dangling) Unconnected "no connection" flag
    @(1.2446 mm, 0.6858 mm): No Connect
    Sheet: /sheet5D8763D6/ (kibot.pre_erc - pre_erc.py:146)
WARNING:(W142) (no_connect_dangling) Unconnected "no connection" flag
    @(2.0828 mm, 1.4732 mm): No Connect
    Sheet: /sheet5D8763D6/ (kibot.pre_erc - pre_erc.py:146)
WARNING:(W142) (multiple_net_names) Both +5V and VBUS are attached to the same items; +5V will be used in the netlist
    @(0.254 mm, 1.5494 mm): Symbol #PWR0603 Hidden pin 1 [+5V, Power input, Line]
    @(1.2446 mm, 1.6002 mm): Symbol #PWR0619 Hidden pin 1 [VBUS, Power input, Line]
    Sheet: /MCU/USB_POWER/ (kibot.pre_erc - pre_erc.py:146)
WARNING:(W142) (multiple_net_names) Both B6_DP and USB_DATA_P are attached to the same items; B6_DP will be used in the netlist
    @(0.5842 mm, 0.7874 mm): Label 'B6_DP'
    @(1.4478 mm, 1.6002 mm): Hierarchical Label 'USB_DATA_P'
    Sheet: /MCU/USB_POWER/ (kibot.pre_erc - pre_erc.py:146)
WARNING:(W142) (multiple_net_names) Both B7_DN and USB_DATA_N are attached to the same items; B7_DN will be used in the netlist
    @(0.5842 mm, 0.7366 mm): Label 'B7_DN'
    @(2.3368 mm, 1.0414 mm): Hierarchical Label 'USB_DATA_N'
    Sheet: /MCU/USB_POWER/ (kibot.pre_erc - pre_erc.py:146)
WARNING:(W142) (multiple_net_names) Both GND and HWCFG_LOW are attached to the same items; GND will be used in the netlist
    @(1.2192 mm, 1.016 mm): Symbol #PWR0881 Hidden pin 1 [GND, Power input, Line]
    @(0.7874 mm, 0.7366 mm): Label 'HWCFG_LOW'
    Sheet: /HWCFG/ (kibot.pre_erc - pre_erc.py:146)
WARNING:(W142) (multiple_net_names) Both +3V3 and HWCFG_HIGH are attached to the same items; +3V3 will be used in the netlist
    @(1.0414 mm, 0.635 mm): Symbol #PWR0832 Hidden pin 1 [+3V3, Power input, Line]
    @(1.2954 mm, 0.889 mm): Label 'HWCFG_HIGH'
    Sheet: /HWCFG/ (kibot.pre_erc - pre_erc.py:146)
WARNING:(W037) Field Datasheet of component J701 (Conn_Coaxial C5137195) contains extra spaces: ` ~` removing them. (kibot - v5_sch.py:1076)
WARNING:(W037) Field Datasheet of component J701 (Conn_Coaxial C5137195) contains extra spaces: ` ~` removing them. (kibot - v5_sch.py:1076)
WARNING:(W135) Part field mismatch for `U511` (SCH: `LM321` PCB: `C90297`) (kibot - kiplot.py:392)
WARNING:(W135) Part field mismatch for `U509` (SCH: `LM321` PCB: `C90297`) (kibot - kiplot.py:392)
WARNING:(W135) Part field mismatch for `U506` (SCH: `A1301KLHLT-T` PCB: `C85573`) (kibot - kiplot.py:392)
WARNING:(W135) Part field mismatch for `U507` (SCH: `A1301KLHLT-T` PCB: `C85573`) (kibot - kiplot.py:392)
WARNING:(W135) Part field mismatch for `U505` (SCH: `A1301KLHLT-T` PCB: `C85573`) (kibot - kiplot.py:392)
WARNING:(W135) Part field mismatch for `U512` (SCH: `LM321` PCB: `C90297`) (kibot - kiplot.py:392)
WARNING:(W135) Part field mismatch for `U510` (SCH: `LM321` PCB: `C90297`) (kibot - kiplot.py:392)
WARNING:(W135) Part field mismatch for `U508` (SCH: `A1301KLHLT-T` PCB: `C85573`) (kibot - kiplot.py:392)
WARNING:(W020) Malformed value: `GZ2012D601TF` (no match in L702) (kibot - units.py:245)
WARNING:(W144) Using filters from the `filters` preflight, move them to `drc` (kibot.pre_drc - pre_drc.py:41)
WARNING:(W145) 52 DRC warnings detected (kibot.pre_drc - pre_drc.py:150)
WARNING:(W145) (via_dangling) Via is not connected or connected on only one layer
    @(105.75 mm, 108.5 mm): Via [GND] on F.Cu - B.Cu
    Check: Violations (kibot.pre_drc - pre_drc.py:150)
WARNING:(W145) (via_dangling) Via is not connected or connected on only one layer
    @(104.25 mm, 108.5 mm): Via [GND] on F.Cu - B.Cu
    Check: Violations (kibot.pre_drc - pre_drc.py:150)
WARNING:(W145) (isolated_copper) Isolated copper fill
    @(50.0 mm, 50.0 mm): Zone [+5V] on F.Cu, priority 0
    Check: Violations (kibot.pre_drc - pre_drc.py:150)
WARNING:(W145) (silk_edge_clearance) Silkscreen clipped by board edge
    @(51.5 mm, 69.33 mm): Arc on Edge.Cuts
    @(50.0 mm, 68.83 mm): Segment of J504 on F.Silkscreen
    Check: Violations (kibot.pre_drc - pre_drc.py:150)
WARNING:(W145) (silk_edge_clearance) Silkscreen clipped by board edge
    @(51.5 mm, 77.33 mm): Arc on Edge.Cuts
    @(50.0 mm, 77.83 mm): Segment of J504 on F.Silkscreen
    Check: Violations (kibot.pre_drc - pre_drc.py:150)
WARNING:(W145) (silk_edge_clearance) Silkscreen clipped by board edge
    @(51.5 mm, 69.33 mm): Arc on Edge.Cuts
    @(51.5 mm, 69.33 mm): Arc of J504 on F.Silkscreen
    Check: Violations (kibot.pre_drc - pre_drc.py:150)
WARNING:(W145) (silk_edge_clearance) Silkscreen clipped by board edge
    @(51.5 mm, 77.33 mm): Arc on Edge.Cuts
    @(51.499999 mm, 77.329999 mm): Arc of J504 on F.Silkscreen
    Check: Violations (kibot.pre_drc - pre_drc.py:150)
WARNING:(W145) (silk_edge_clearance) Silkscreen clipped by board edge
    @(51.5 mm, 122.17 mm): Segment on Edge.Cuts
    @(50.0 mm, 122.17 mm): Segment of J506 on F.Silkscreen
    Check: Violations (kibot.pre_drc - pre_drc.py:150)
WARNING:(W145) (silk_edge_clearance) Silkscreen clipped by board edge
    @(50.0 mm, 144.0 mm): Segment on Edge.Cuts
    @(50.0 mm, 131.17 mm): Segment of J506 on F.Silkscreen
    Check: Violations (kibot.pre_drc - pre_drc.py:150)
WARNING:(W145) (silk_edge_clearance) Silkscreen clipped by board edge
    @(52.0 mm, 130.67 mm): Segment on Edge.Cuts
    @(51.5 mm, 122.67 mm): Arc of J506 on F.Silkscreen
    Check: Violations (kibot.pre_drc - pre_drc.py:150)
WARNING:(W145) (silk_edge_clearance) Silkscreen clipped by board edge
    @(52.0 mm, 130.67 mm): Segment on Edge.Cuts
    @(51.499999 mm, 130.669999 mm): Arc of J506 on F.Silkscreen
    Check: Violations (kibot.pre_drc - pre_drc.py:150)
WARNING:(W145) (silk_edge_clearance) Silkscreen clipped by board edge
    @(68.83 mm, 148.5 mm): Segment on Edge.Cuts
    @(68.83 mm, 150.0 mm): Segment of J507 on F.Silkscreen
    Check: Violations (kibot.pre_drc - pre_drc.py:150)
WARNING:(W145) (silk_edge_clearance) Silkscreen clipped by board edge
    @(77.33 mm, 148.5 mm): Arc on Edge.Cuts
    @(77.83 mm, 150.0 mm): Segment of J507 on F.Silkscreen
    Check: Violations (kibot.pre_drc - pre_drc.py:150)
WARNING:(W145) (silk_edge_clearance) Silkscreen clipped by board edge
    @(77.33 mm, 148.0 mm): Segment on Edge.Cuts
    @(69.33 mm, 148.5 mm): Arc of J507 on F.Silkscreen
    Check: Violations (kibot.pre_drc - pre_drc.py:150)
WARNING:(W145) (silk_edge_clearance) Silkscreen clipped by board edge
    @(77.33 mm, 148.5 mm): Arc on Edge.Cuts
    @(77.329999 mm, 148.500001 mm): Arc of J507 on F.Silkscreen
    Check: Violations (kibot.pre_drc - pre_drc.py:150)
WARNING:(W145) (silk_edge_clearance) Silkscreen clipped by board edge
    @(68.83 mm, 50.0 mm): Segment on Edge.Cuts
    @(68.83 mm, 50.0 mm): Segment of J501 on F.Silkscreen
    Check: Violations (kibot.pre_drc - pre_drc.py:150)
WARNING:(W145) (silk_edge_clearance) Silkscreen clipped by board edge
    @(77.83 mm, 50.0 mm): Segment on Edge.Cuts
    @(77.83 mm, 50.0 mm): Segment of J501 on F.Silkscreen
    Check: Violations (kibot.pre_drc - pre_drc.py:150)
WARNING:(W145) (silk_edge_clearance) Silkscreen clipped by board edge
    @(68.83 mm, 50.0 mm): Segment on Edge.Cuts
    @(69.330001 mm, 51.499999 mm): Arc of J501 on F.Silkscreen
    Check: Violations (kibot.pre_drc - pre_drc.py:150)
WARNING:(W145) (silk_edge_clearance) Silkscreen clipped by board edge
    @(77.33 mm, 51.5 mm): Arc on Edge.Cuts
    @(77.33 mm, 51.5 mm): Arc of J501 on F.Silkscreen
    Check: Violations (kibot.pre_drc - pre_drc.py:150)
WARNING:(W145) (silk_edge_clearance) Silkscreen clipped by board edge
    @(122.17 mm, 150.0 mm): Segment on Edge.Cuts
    @(122.17 mm, 150.0 mm): Segment of J508 on F.Silkscreen
    Check: Violations (kibot.pre_drc - pre_drc.py:150)
WARNING:(W145) (silk_edge_clearance) Silkscreen clipped by board edge
    @(130.67 mm, 148.5 mm): Arc on Edge.Cuts
    @(131.17 mm, 150.0 mm): Segment of J508 on F.Silkscreen
    Check: Violations (kibot.pre_drc - pre_drc.py:150)
WARNING:(W145) (silk_edge_clearance) Silkscreen clipped by board edge
    @(130.67 mm, 148.0 mm): Segment on Edge.Cuts
    @(122.67 mm, 148.5 mm): Arc of J508 on F.Silkscreen
    Check: Violations (kibot.pre_drc - pre_drc.py:150)
WARNING:(W145) (silk_edge_clearance) Silkscreen clipped by board edge
    @(130.67 mm, 148.0 mm): Segment on Edge.Cuts
    @(130.669999 mm, 148.500001 mm): Arc of J508 on F.Silkscreen
    Check: Violations (kibot.pre_drc - pre_drc.py:150)
WARNING:(W145) (silk_edge_clearance) Silkscreen clipped by board edge
    @(77.83 mm, 50.0 mm): Segment on Edge.Cuts
    @(122.17 mm, 50.0 mm): Segment of J502 on F.Silkscreen
    Check: Violations (kibot.pre_drc - pre_drc.py:150)
WARNING:(W145) (silk_edge_clearance) Silkscreen clipped by board edge
    @(130.67 mm, 51.5 mm): Arc on Edge.Cuts
    @(131.17 mm, 50.0 mm): Segment of J502 on F.Silkscreen
    Check: Violations (kibot.pre_drc - pre_drc.py:150)
WARNING:(W145) (silk_edge_clearance) Silkscreen clipped by board edge
    @(122.17 mm, 50.0 mm): Segment on Edge.Cuts
    @(122.670001 mm, 51.499999 mm): Arc of J502 on F.Silkscreen
    Check: Violations (kibot.pre_drc - pre_drc.py:150)
WARNING:(W145) (silk_edge_clearance) Silkscreen clipped by board edge
    @(130.67 mm, 51.5 mm): Arc on Edge.Cuts
    @(130.67 mm, 51.5 mm): Arc of J502 on F.Silkscreen
    Check: Violations (kibot.pre_drc - pre_drc.py:150)
WARNING:(W145) (silk_edge_clearance) Silkscreen clipped by board edge
    @(148.5 mm, 69.33 mm): Arc on Edge.Cuts
    @(150.0 mm, 68.83 mm): Segment of J503 on F.Silkscreen
    Check: Violations (kibot.pre_drc - pre_drc.py:150)
WARNING:(W145) (silk_edge_clearance) Silkscreen clipped by board edge
    @(150.0 mm, 77.83 mm): Segment on Edge.Cuts
    @(150.0 mm, 77.83 mm): Segment of J503 on F.Silkscreen
    Check: Violations (kibot.pre_drc - pre_drc.py:150)
WARNING:(W145) (silk_edge_clearance) Silkscreen clipped by board edge
    @(148.5 mm, 69.33 mm): Arc on Edge.Cuts
    @(148.500001 mm, 69.330001 mm): Arc of J503 on F.Silkscreen
    Check: Violations (kibot.pre_drc - pre_drc.py:150)
WARNING:(W145) (silk_edge_clearance) Silkscreen clipped by board edge
    @(148.5 mm, 77.33 mm): Arc on Edge.Cuts
    @(148.5 mm, 77.33 mm): Arc of J503 on F.Silkscreen
    Check: Violations (kibot.pre_drc - pre_drc.py:150)
WARNING:(W145) (silk_edge_clearance) Silkscreen clipped by board edge
    @(150.0 mm, 122.17 mm): Segment on Edge.Cuts
    @(150.0 mm, 122.17 mm): Segment of J505 on F.Silkscreen
    Check: Violations (kibot.pre_drc - pre_drc.py:150)
WARNING:(W145) (silk_edge_clearance) Silkscreen clipped by board edge
    @(148.5 mm, 130.67 mm): Arc on Edge.Cuts
    @(150.0 mm, 131.17 mm): Segment of J505 on F.Silkscreen
    Check: Violations (kibot.pre_drc - pre_drc.py:150)
WARNING:(W145) (silk_edge_clearance) Silkscreen clipped by board edge
    @(148.0 mm, 122.67 mm): Segment on Edge.Cuts
    @(148.500001 mm, 122.670001 mm): Arc of J505 on F.Silkscreen
    Check: Violations (kibot.pre_drc - pre_drc.py:150)
WARNING:(W145) (silk_edge_clearance) Silkscreen clipped by board edge
    @(148.5 mm, 130.67 mm): Arc on Edge.Cuts
    @(148.5 mm, 130.67 mm): Arc of J505 on F.Silkscreen
    Check: Violations (kibot.pre_drc - pre_drc.py:150)
WARNING:(W145) (silk_edge_clearance) Silkscreen clipped by board edge
    @(77.83 mm, 50.0 mm): Segment on Edge.Cuts
    @(95.25 mm, 56.57 mm): Segment of J601 on F.Silkscreen
    Check: Violations (kibot.pre_drc - pre_drc.py:150)
WARNING:(W145) (silk_edge_clearance) Silkscreen clipped by board edge
    @(77.83 mm, 50.0 mm): Segment on Edge.Cuts
    @(104.75 mm, 56.57 mm): Segment of J601 on F.Silkscreen
    Check: Violations (kibot.pre_drc - pre_drc.py:150)
WARNING:(W145) (footprint_type_mismatch) Footprint component type doesn't match footprint pads (expected 'Through hole'; actual 'SMD')
    @(74.12375 mm, 138.814375 mm): Footprint J509
    Check: Violations (kibot.pre_drc - pre_drc.py:150)
WARNING:(W145) (footprint_type_mismatch) Footprint component type doesn't match footprint pads (expected 'Through hole'; actual 'SMD')
    @(125.87625 mm, 138.814375 mm): Footprint J510
    Check: Violations (kibot.pre_drc - pre_drc.py:150)
WARNING:(W145) (lib_footprint_mismatch) Footprint 'SolderJumper-2_P1.3mm_Open_TrianglePad1.0x1.5mm' does not match copy in library 'Jumper'.
    @(105.25 mm, 76.5 mm): Footprint JP601
    Check: Violations (kibot.pre_drc - pre_drc.py:150)
WARNING:(W145) (lib_footprint_mismatch) Footprint 'PinHeader_2x05_P1.27mm_Vertical' does not match copy in library 'Connector_PinHeader_1.27mm'.
    @(95.625 mm, 105.25 mm): Footprint J702
    Check: Violations (kibot.pre_drc - pre_drc.py:150)
WARNING:(W145) (lib_footprint_mismatch) Footprint 'Crystal_SMD_Abracon_ABM8G-4Pin_3.2x2.5mm' does not match copy in library 'Crystal'.
    @(101.25 mm, 110.25 mm): Footprint Y701
    Check: Violations (kibot.pre_drc - pre_drc.py:150)
WARNING:(W145) (text_height) Text height out of range (board setup constraints silk text height min height 0.8000 mm; actual 0.7000 mm)
    @(126.67 mm, 115.0 mm): PCB text 'Intech Studio
PCBA-PBF4
3c0a876
2026-01-14
EE: Suku' on F.Silkscreen
    Check: Violations (kibot.pre_drc - pre_drc.py:150)
WARNING:(W145) (text_height) Text height out of range (board setup constraints silk text height min height 0.8000 mm; actual 0.7000 mm)
    @(94.0 mm, 118.0 mm): PCB text 'BOOT 0' on F.Silkscreen
    Check: Violations (kibot.pre_drc - pre_drc.py:150)
WARNING:(W145) (text_height) Text height out of range (board setup constraints silk text height min height 0.8000 mm; actual 0.7000 mm)
    @(100.0 mm, 122.75 mm): PCB text 'GND' on F.Silkscreen
    Check: Violations (kibot.pre_drc - pre_drc.py:150)
WARNING:(W145) (text_height) Text height out of range (board setup constraints silk text height min height 0.8000 mm; actual 0.7000 mm)
    @(106.0 mm, 118.0 mm): PCB text 'RESET' on F.Silkscreen
    Check: Violations (kibot.pre_drc - pre_drc.py:150)
WARNING:(W145) (text_height) Text height out of range (board setup constraints silk text height min height 0.8000 mm; actual 0.7500 mm)
    @(94.8184 mm, 110.668 mm): PCB text 'R_TX
R_RX
GND
E_TX
E_RX' on B.Silkscreen
    Check: Violations (kibot.pre_drc - pre_drc.py:150)
WARNING:(W143) The `pdf_pcb_print` and `svg_pcb_print` outputs are deprecated, use `pcb_print` instead (kibot - out_any_pcb_print.py:72)
WARNING:(W143) The `pdf_pcb_print` and `svg_pcb_print` outputs are deprecated, use `pcb_print` instead (kibot - out_any_pcb_print.py:72)
WARNING:(W037) Field Datasheet of component J701 (Conn_Coaxial C5137195) contains extra spaces: ` ~` removing them. (kibot - v5_sch.py:1076)
WARNING:(W135) Part field mismatch for `U511` (SCH: `LM321` PCB: `C90297`) (kibot - kiplot.py:392)
WARNING:(W135) Part field mismatch for `U509` (SCH: `LM321` PCB: `C90297`) (kibot - kiplot.py:392)
WARNING:(W135) Part field mismatch for `U506` (SCH: `A1301KLHLT-T` PCB: `C85573`) (kibot - kiplot.py:392)
WARNING:(W135) Part field mismatch for `U507` (SCH: `A1301KLHLT-T` PCB: `C85573`) (kibot - kiplot.py:392)
WARNING:(W135) Part field mismatch for `U505` (SCH: `A1301KLHLT-T` PCB: `C85573`) (kibot - kiplot.py:392)
WARNING:(W135) Part field mismatch for `U512` (SCH: `LM321` PCB: `C90297`) (kibot - kiplot.py:392)
WARNING:(W135) Part field mismatch for `U510` (SCH: `LM321` PCB: `C90297`) (kibot - kiplot.py:392)
WARNING:(W135) Part field mismatch for `U508` (SCH: `A1301KLHLT-T` PCB: `C85573`) (kibot - kiplot.py:392)
WARNING:(W049) Layer "Inner layer 3" (In3_Cu) isn't used (kibot - out_any_layer.py:197)
WARNING:(W049) Layer "Inner layer 4" (In4_Cu) isn't used (kibot - out_any_layer.py:197)
WARNING:(W049) Layer "Inner layer 5" (In5_Cu) isn't used (kibot - out_any_layer.py:197)
WARNING:(W049) Layer "Inner layer 6" (In6_Cu) isn't used (kibot - out_any_layer.py:197)
WARNING:(W037) Field Datasheet of component J701 (Conn_Coaxial C5137195) contains extra spaces: ` ~` removing them. (kibot - v5_sch.py:1076)
WARNING:(W135) Part field mismatch for `U511` (SCH: `LM321` PCB: `C90297`) (kibot - kiplot.py:392)
WARNING:(W135) Part field mismatch for `U509` (SCH: `LM321` PCB: `C90297`) (kibot - kiplot.py:392)
WARNING:(W135) Part field mismatch for `U506` (SCH: `A1301KLHLT-T` PCB: `C85573`) (kibot - kiplot.py:392)
WARNING:(W135) Part field mismatch for `U507` (SCH: `A1301KLHLT-T` PCB: `C85573`) (kibot - kiplot.py:392)
WARNING:(W135) Part field mismatch for `U505` (SCH: `A1301KLHLT-T` PCB: `C85573`) (kibot - kiplot.py:392)
WARNING:(W135) Part field mismatch for `U512` (SCH: `LM321` PCB: `C90297`) (kibot - kiplot.py:392)
WARNING:(W135) Part field mismatch for `U510` (SCH: `LM321` PCB: `C90297`) (kibot - kiplot.py:392)
WARNING:(W135) Part field mismatch for `U508` (SCH: `A1301KLHLT-T` PCB: `C85573`) (kibot - kiplot.py:392)
WARNING:(W143) This output depends on KiCad version, use `blender_export` instead (kibot - out_render_3d.py:307)
WARNING:(W037) Field Datasheet of component J701 (Conn_Coaxial C5137195) contains extra spaces: ` ~` removing them. (kibot - v5_sch.py:1076)
ERROR:Unable to expand `INTECH_3D` in `${INTECH_3D}/ws2812-2020.step` (kibot - config.py:130)
WARNING:(W047) Missing 3D model for D904: `${INTECH_3D}/ws2812-2020.step` (kibot - out_base_3d.py:553)
WARNING:(W047) Missing 3D model for D907: `${INTECH_3D}/ws2812-2020.step` (kibot - out_base_3d.py:553)
WARNING:(W047) Missing 3D model for D911: `${INTECH_3D}/ws2812-2020.step` (kibot - out_base_3d.py:553)
WARNING:(W047) Missing 3D model for D901: `${INTECH_3D}/ws2812-2020.step` (kibot - out_base_3d.py:553)
WARNING:(W047) Missing 3D model for D905: `${INTECH_3D}/ws2812-2020.step` (kibot - out_base_3d.py:553)
WARNING:(W047) Missing 3D model for D910: `${INTECH_3D}/ws2812-2020.step` (kibot - out_base_3d.py:553)
WARNING:(W047) Missing 3D model for SW701: `${INTECH_3D}/SW-SMD_L4.6-W3.5-H1.8-P4.3.step` (kibot - out_base_3d.py:553)
WARNING:(W047) Missing 3D model for SW701: `${INTECH_3D}/hyp_mapmode.step` (kibot - out_base_3d.py:553)
WARNING:(W047) Missing 3D model for UI1004: `${INTECH_3D}/FADER ps30-10mc1br10k.stp` (kibot - out_base_3d.py:553)
WARNING:(W047) Missing 3D model for UI1008: `${INTECH_3D}/FADER ps30-10mc1br10k.stp` (kibot - out_base_3d.py:553)
WARNING:(W047) Missing 3D model for UI1002: `${INTECH_3D}/FADER ps30-10mc1br10k.stp` (kibot - out_base_3d.py:553)
WARNING:(W047) Missing 3D model for D902: `${INTECH_3D}/ws2812-2020.step` (kibot - out_base_3d.py:553)
WARNING:(W047) Missing 3D model for D908: `${INTECH_3D}/ws2812-2020.step` (kibot - out_base_3d.py:553)
WARNING:(W047) Missing 3D model for UI1006: `${INTECH_3D}/FADER ps30-10mc1br10k.stp` (kibot - out_base_3d.py:553)
WARNING:(W047) Missing 3D model for D912: `${INTECH_3D}/ws2812-2020.step` (kibot - out_base_3d.py:553)
WARNING:(W047) Missing 3D model for D906: `${INTECH_3D}/ws2812-2020.step` (kibot - out_base_3d.py:553)
WARNING:(W047) Missing 3D model for D903: `${INTECH_3D}/ws2812-2020.step` (kibot - out_base_3d.py:553)
WARNING:(W047) Missing 3D model for D909: `${INTECH_3D}/ws2812-2020.step` (kibot - out_base_3d.py:553)
WARNING:(W048) Failed to download `https://gitlab.com/kicad/libraries/kicad-packages3D/-/raw/master/Connector_Coaxial.3dshapes%2FU.FL_Molex_MCRF_73412-0110_Vertical.wrl` (kibot - out_base_3d.py:189)
WARNING:(W047) Missing 3D model for J701: `${KICAD8_3DMODEL_DIR}/Connector_Coaxial.3dshapes/U.FL_Molex_MCRF_73412-0110_Vertical.wrl` (kibot - out_base_3d.py:553)
WARNING:(W047) Missing 3D model for U705: `${INTECH_3D}/SOIC-8-1_wide.STEP` (kibot - out_base_3d.py:553)
WARNING:(W047) Missing 3D model for J601: `${INTECH_3D}/HRO_TYPE-C-31-M-12.step` (kibot - out_base_3d.py:553)
WARNING:(W098)  13 3D models downloaded or cached (kibot - out_base_3d.py:569)
WARNING:(W143) This output depends on KiCad version, use `blender_export` instead (kibot - out_render_3d.py:307)
WARNING:(W037) Field Datasheet of component J701 (Conn_Coaxial C5137195) contains extra spaces: ` ~` removing them. (kibot - v5_sch.py:1076)
ERROR:Unable to expand `INTECH_3D` in `${INTECH_3D}/ws2812-2020.step` (kibot - config.py:130)
WARNING:(W047) Missing 3D model for D904: `${INTECH_3D}/ws2812-2020.step` (kibot - out_base_3d.py:553)
WARNING:(W047) Missing 3D model for D907: `${INTECH_3D}/ws2812-2020.step` (kibot - out_base_3d.py:553)
WARNING:(W047) Missing 3D model for D911: `${INTECH_3D}/ws2812-2020.step` (kibot - out_base_3d.py:553)
WARNING:(W047) Missing 3D model for D901: `${INTECH_3D}/ws2812-2020.step` (kibot - out_base_3d.py:553)
WARNING:(W047) Missing 3D model for D905: `${INTECH_3D}/ws2812-2020.step` (kibot - out_base_3d.py:553)
WARNING:(W047) Missing 3D model for D910: `${INTECH_3D}/ws2812-2020.step` (kibot - out_base_3d.py:553)
WARNING:(W047) Missing 3D model for SW701: `${INTECH_3D}/SW-SMD_L4.6-W3.5-H1.8-P4.3.step` (kibot - out_base_3d.py:553)
WARNING:(W047) Missing 3D model for SW701: `${INTECH_3D}/hyp_mapmode.step` (kibot - out_base_3d.py:553)
WARNING:(W047) Missing 3D model for UI1004: `${INTECH_3D}/FADER ps30-10mc1br10k.stp` (kibot - out_base_3d.py:553)
WARNING:(W047) Missing 3D model for UI1008: `${INTECH_3D}/FADER ps30-10mc1br10k.stp` (kibot - out_base_3d.py:553)
WARNING:(W047) Missing 3D model for UI1002: `${INTECH_3D}/FADER ps30-10mc1br10k.stp` (kibot - out_base_3d.py:553)
WARNING:(W047) Missing 3D model for D902: `${INTECH_3D}/ws2812-2020.step` (kibot - out_base_3d.py:553)
WARNING:(W047) Missing 3D model for D908: `${INTECH_3D}/ws2812-2020.step` (kibot - out_base_3d.py:553)
WARNING:(W047) Missing 3D model for UI1006: `${INTECH_3D}/FADER ps30-10mc1br10k.stp` (kibot - out_base_3d.py:553)
WARNING:(W047) Missing 3D model for D912: `${INTECH_3D}/ws2812-2020.step` (kibot - out_base_3d.py:553)
WARNING:(W047) Missing 3D model for D906: `${INTECH_3D}/ws2812-2020.step` (kibot - out_base_3d.py:553)
WARNING:(W047) Missing 3D model for D903: `${INTECH_3D}/ws2812-2020.step` (kibot - out_base_3d.py:553)
WARNING:(W047) Missing 3D model for D909: `${INTECH_3D}/ws2812-2020.step` (kibot - out_base_3d.py:553)
WARNING:(W048) Failed to download `https://gitlab.com/kicad/libraries/kicad-packages3D/-/raw/master/Connector_Coaxial.3dshapes%2FU.FL_Molex_MCRF_73412-0110_Vertical.wrl` (kibot - out_base_3d.py:189)
WARNING:(W047) Missing 3D model for J701: `${KICAD8_3DMODEL_DIR}/Connector_Coaxial.3dshapes/U.FL_Molex_MCRF_73412-0110_Vertical.wrl` (kibot - out_base_3d.py:553)
WARNING:(W047) Missing 3D model for U705: `${INTECH_3D}/SOIC-8-1_wide.STEP` (kibot - out_base_3d.py:553)
WARNING:(W047) Missing 3D model for J601: `${INTECH_3D}/HRO_TYPE-C-31-M-12.step` (kibot - out_base_3d.py:553)
WARNING:(W098)  13 3D models downloaded or cached (kibot - out_base_3d.py:569)
WARNING:(W143) For KiCad 9 use the `export_3d` output instead of `step` (kibot - out_step.py:55)
WARNING:(W037) Field Datasheet of component J701 (Conn_Coaxial C5137195) contains extra spaces: ` ~` removing them. (kibot - v5_sch.py:1076)
ERROR:Unable to expand `INTECH_3D` in `${INTECH_3D}/ws2812-2020.step` (kibot - config.py:130)
WARNING:(W047) Missing 3D model for D904: `${INTECH_3D}/ws2812-2020.step` (kibot - out_base_3d.py:553)
WARNING:(W047) Missing 3D model for D907: `${INTECH_3D}/ws2812-2020.step` (kibot - out_base_3d.py:553)
WARNING:(W047) Missing 3D model for D911: `${INTECH_3D}/ws2812-2020.step` (kibot - out_base_3d.py:553)
WARNING:(W047) Missing 3D model for D901: `${INTECH_3D}/ws2812-2020.step` (kibot - out_base_3d.py:553)
WARNING:(W047) Missing 3D model for D905: `${INTECH_3D}/ws2812-2020.step` (kibot - out_base_3d.py:553)
WARNING:(W047) Missing 3D model for D910: `${INTECH_3D}/ws2812-2020.step` (kibot - out_base_3d.py:553)
WARNING:(W047) Missing 3D model for SW701: `${INTECH_3D}/SW-SMD_L4.6-W3.5-H1.8-P4.3.step` (kibot - out_base_3d.py:553)
WARNING:(W047) Missing 3D model for SW701: `${INTECH_3D}/hyp_mapmode.step` (kibot - out_base_3d.py:553)
WARNING:(W047) Missing 3D model for UI1004: `${INTECH_3D}/FADER ps30-10mc1br10k.stp` (kibot - out_base_3d.py:553)
WARNING:(W047) Missing 3D model for UI1008: `${INTECH_3D}/FADER ps30-10mc1br10k.stp` (kibot - out_base_3d.py:553)
WARNING:(W047) Missing 3D model for UI1002: `${INTECH_3D}/FADER ps30-10mc1br10k.stp` (kibot - out_base_3d.py:553)
WARNING:(W047) Missing 3D model for D902: `${INTECH_3D}/ws2812-2020.step` (kibot - out_base_3d.py:553)
WARNING:(W047) Missing 3D model for D908: `${INTECH_3D}/ws2812-2020.step` (kibot - out_base_3d.py:553)
WARNING:(W047) Missing 3D model for UI1006: `${INTECH_3D}/FADER ps30-10mc1br10k.stp` (kibot - out_base_3d.py:553)
WARNING:(W047) Missing 3D model for D912: `${INTECH_3D}/ws2812-2020.step` (kibot - out_base_3d.py:553)
WARNING:(W047) Missing 3D model for D906: `${INTECH_3D}/ws2812-2020.step` (kibot - out_base_3d.py:553)
WARNING:(W047) Missing 3D model for D903: `${INTECH_3D}/ws2812-2020.step` (kibot - out_base_3d.py:553)
WARNING:(W047) Missing 3D model for D909: `${INTECH_3D}/ws2812-2020.step` (kibot - out_base_3d.py:553)
WARNING:(W048) Failed to download `https://gitlab.com/kicad/libraries/kicad-packages3D/-/raw/master/Connector_Coaxial.3dshapes%2FU.FL_Molex_MCRF_73412-0110_Vertical.wrl` (kibot - out_base_3d.py:189)
WARNING:(W047) Missing 3D model for J701: `${KICAD8_3DMODEL_DIR}/Connector_Coaxial.3dshapes/U.FL_Molex_MCRF_73412-0110_Vertical.wrl` (kibot - out_base_3d.py:553)
WARNING:(W047) Missing 3D model for U705: `${INTECH_3D}/SOIC-8-1_wide.STEP` (kibot - out_base_3d.py:553)
WARNING:(W047) Missing 3D model for J601: `${INTECH_3D}/HRO_TYPE-C-31-M-12.step` (kibot - out_base_3d.py:553)
WARNING:(W098)  13 3D models downloaded or cached (kibot - out_base_3d.py:569)
WARNING:(W037) Field Datasheet of component J701 (Conn_Coaxial C5137195) contains extra spaces: ` ~` removing them. (kibot - v5_sch.py:1076)
ERROR:Unable to expand `INTECH_3D` in `${INTECH_3D}/ws2812-2020.step` (kibot - config.py:130)
WARNING:(W047) Missing 3D model for D904: `${INTECH_3D}/ws2812-2020.step` (kibot - out_base_3d.py:553)
WARNING:(W047) Missing 3D model for D907: `${INTECH_3D}/ws2812-2020.step` (kibot - out_base_3d.py:553)
WARNING:(W047) Missing 3D model for D911: `${INTECH_3D}/ws2812-2020.step` (kibot - out_base_3d.py:553)
WARNING:(W047) Missing 3D model for D901: `${INTECH_3D}/ws2812-2020.step` (kibot - out_base_3d.py:553)
WARNING:(W047) Missing 3D model for D905: `${INTECH_3D}/ws2812-2020.step` (kibot - out_base_3d.py:553)
WARNING:(W047) Missing 3D model for D910: `${INTECH_3D}/ws2812-2020.step` (kibot - out_base_3d.py:553)
WARNING:(W047) Missing 3D model for SW701: `${INTECH_3D}/SW-SMD_L4.6-W3.5-H1.8-P4.3.step` (kibot - out_base_3d.py:553)
WARNING:(W047) Missing 3D model for SW701: `${INTECH_3D}/hyp_mapmode.step` (kibot - out_base_3d.py:553)
WARNING:(W047) Missing 3D model for UI1004: `${INTECH_3D}/FADER ps30-10mc1br10k.stp` (kibot - out_base_3d.py:553)
WARNING:(W047) Missing 3D model for UI1008: `${INTECH_3D}/FADER ps30-10mc1br10k.stp` (kibot - out_base_3d.py:553)
WARNING:(W047) Missing 3D model for UI1002: `${INTECH_3D}/FADER ps30-10mc1br10k.stp` (kibot - out_base_3d.py:553)
WARNING:(W047) Missing 3D model for D902: `${INTECH_3D}/ws2812-2020.step` (kibot - out_base_3d.py:553)
WARNING:(W047) Missing 3D model for D908: `${INTECH_3D}/ws2812-2020.step` (kibot - out_base_3d.py:553)
WARNING:(W047) Missing 3D model for UI1006: `${INTECH_3D}/FADER ps30-10mc1br10k.stp` (kibot - out_base_3d.py:553)
WARNING:(W047) Missing 3D model for D912: `${INTECH_3D}/ws2812-2020.step` (kibot - out_base_3d.py:553)
WARNING:(W047) Missing 3D model for D906: `${INTECH_3D}/ws2812-2020.step` (kibot - out_base_3d.py:553)
WARNING:(W047) Missing 3D model for D903: `${INTECH_3D}/ws2812-2020.step` (kibot - out_base_3d.py:553)
WARNING:(W047) Missing 3D model for D909: `${INTECH_3D}/ws2812-2020.step` (kibot - out_base_3d.py:553)
WARNING:(W048) Failed to download `https://gitlab.com/kicad/libraries/kicad-packages3D/-/raw/master/Connector_Coaxial.3dshapes%2FU.FL_Molex_MCRF_73412-0110_Vertical.wrl` (kibot - out_base_3d.py:189)
WARNING:(W047) Missing 3D model for J701: `${KICAD8_3DMODEL_DIR}/Connector_Coaxial.3dshapes/U.FL_Molex_MCRF_73412-0110_Vertical.wrl` (kibot - out_base_3d.py:553)
WARNING:(W047) Missing 3D model for U705: `${INTECH_3D}/SOIC-8-1_wide.STEP` (kibot - out_base_3d.py:553)
WARNING:(W047) Missing 3D model for J601: `${INTECH_3D}/HRO_TYPE-C-31-M-12.step` (kibot - out_base_3d.py:553)
WARNING:(W098)  13 3D models downloaded or cached (kibot - out_base_3d.py:569)
