WARNING:(W144) Using filters from the `filters` preflight, move them to `erc` (kibot.pre_erc - pre_erc.py:38)
WARNING:(W142) 11 ERC warnings detected (kibot.pre_erc - pre_erc.py:146)
WARNING:(W142) (lib_symbol_mismatch) Symbol 'GND' doesn't match copy in library 'power'
    @(1.524 mm, 1.27 mm): Symbol #PWR01005 [GND]
    Sheet: / (kibot.pre_erc - pre_erc.py:146)
WARNING:(W142) (lib_symbol_issues) The current configuration does not include the symbol library 'suku_basics'
    @(1.778 mm, 2.0447 mm): Symbol J1011 [SMD_NUT]
    Sheet: / (kibot.pre_erc - pre_erc.py:146)
WARNING:(W142) (lib_symbol_mismatch) Symbol 'GND' doesn't match copy in library 'power'
    @(1.778 mm, 2.0955 mm): Symbol #PWR01035 [GND]
    Sheet: / (kibot.pre_erc - pre_erc.py:146)
WARNING:(W142) (lib_symbol_issues) The current configuration does not include the symbol library 'suku_basics'
    @(2.032 mm, 2.0447 mm): Symbol J1012 [SMD_NUT]
    Sheet: / (kibot.pre_erc - pre_erc.py:146)
WARNING:(W142) (lib_symbol_issues) The current configuration does not include the symbol library 'suku_basics'
    @(1.778 mm, 2.286 mm): Symbol J1001 [SMD_NUT]
    Sheet: / (kibot.pre_erc - pre_erc.py:146)
WARNING:(W142) (lib_symbol_mismatch) Symbol 'GND' doesn't match copy in library 'power'
    @(2.032 mm, 2.0955 mm): Symbol #PWR01036 [GND]
    Sheet: / (kibot.pre_erc - pre_erc.py:146)
WARNING:(W142) (lib_symbol_mismatch) Symbol 'GND' doesn't match copy in library 'power'
    @(1.778 mm, 2.3368 mm): Symbol #PWR01001 [GND]
    Sheet: / (kibot.pre_erc - pre_erc.py:146)
WARNING:(W142) (lib_symbol_issues) The current configuration does not include the symbol library 'suku_basics'
    @(2.032 mm, 2.286 mm): Symbol J1002 [SMD_NUT]
    Sheet: / (kibot.pre_erc - pre_erc.py:146)
WARNING:(W142) (lib_symbol_mismatch) Symbol 'GND' doesn't match copy in library 'power'
    @(2.032 mm, 2.3368 mm): Symbol #PWR01002 [GND]
    Sheet: / (kibot.pre_erc - pre_erc.py:146)
WARNING:(W142) (lib_symbol_issues) The current configuration does not include the symbol library 'suku_basics'
    @(1.905 mm, 2.54 mm): Symbol J1003 [SMD_NUT]
    Sheet: / (kibot.pre_erc - pre_erc.py:146)
WARNING:(W142) (lib_symbol_mismatch) Symbol 'GND' doesn't match copy in library 'power'
    @(1.905 mm, 2.5908 mm): Symbol #PWR01003 [GND]
    Sheet: / (kibot.pre_erc - pre_erc.py:146)
WARNING:(W144) Using filters from the `filters` preflight, move them to `drc` (kibot.pre_drc - pre_drc.py:41)
WARNING:(W145) 8 DRC warnings detected (kibot.pre_drc - pre_drc.py:150)
WARNING:(W145) (silk_edge_clearance) Silkscreen clipped by board edge
    @(107.62 mm, 97.0 mm): Segment on Edge.Cuts
    @(119.0 mm, 97.0 mm): Circle of J1012 on B.Silkscreen
    Check: Violations (kibot.pre_drc - pre_drc.py:150)
WARNING:(W145) (silk_edge_clearance) Silkscreen clipped by board edge
    @(78.5 mm, 97.0 mm): Segment on Edge.Cuts
    @(81.0 mm, 97.0 mm): Circle of J1011 on B.Silkscreen
    Check: Violations (kibot.pre_drc - pre_drc.py:150)
WARNING:(W145) (footprint_type_mismatch) Footprint component type doesn't match footprint pads (expected 'Through hole'; actual 'SMD')
    @(119.0 mm, 97.0 mm): Footprint J1012
    Check: Violations (kibot.pre_drc - pre_drc.py:150)
WARNING:(W145) (footprint_type_mismatch) Footprint component type doesn't match footprint pads (expected 'Through hole'; actual 'SMD')
    @(81.0 mm, 97.0 mm): Footprint J1011
    Check: Violations (kibot.pre_drc - pre_drc.py:150)
WARNING:(W145) (footprint_type_mismatch) Footprint component type doesn't match footprint pads (expected 'Through hole'; actual 'SMD')
    @(100.0 mm, 137.5 mm): Footprint J1003
    Check: Violations (kibot.pre_drc - pre_drc.py:150)
WARNING:(W145) (footprint_type_mismatch) Footprint component type doesn't match footprint pads (expected 'Through hole'; actual 'SMD')
    @(142.0 mm, 126.0 mm): Footprint J1001
    Check: Violations (kibot.pre_drc - pre_drc.py:150)
WARNING:(W145) (footprint_type_mismatch) Footprint component type doesn't match footprint pads (expected 'Through hole'; actual 'SMD')
    @(58.0 mm, 126.0 mm): Footprint J1002
    Check: Violations (kibot.pre_drc - pre_drc.py:150)
WARNING:(W145) (text_height) Text height out of range (board setup constraints silk text height min height 0.8000 mm; actual 0.7000 mm)
    @(138.4 mm, 119.0 mm): PCB text 'Intech Studio
PCBA-OCTV-PLATE
480c5ca







2026-01-12
EE: Suku' on F.Silkscreen
    Check: Violations (kibot.pre_drc - pre_drc.py:150)
WARNING:(W143) The `pdf_pcb_print` and `svg_pcb_print` outputs are deprecated, use `pcb_print` instead (kibot - out_any_pcb_print.py:72)
WARNING:(W143) The `pdf_pcb_print` and `svg_pcb_print` outputs are deprecated, use `pcb_print` instead (kibot - out_any_pcb_print.py:72)
WARNING:(W049) Layer "Inner layer 1" (In1_Cu) isn't used (kibot - out_any_layer.py:197)
WARNING:(W049) Layer "Inner layer 2" (In2_Cu) isn't used (kibot - out_any_layer.py:197)
WARNING:(W049) Layer "Inner layer 3" (In3_Cu) isn't used (kibot - out_any_layer.py:197)
WARNING:(W049) Layer "Inner layer 4" (In4_Cu) isn't used (kibot - out_any_layer.py:197)
WARNING:(W049) Layer "Inner layer 5" (In5_Cu) isn't used (kibot - out_any_layer.py:197)
WARNING:(W049) Layer "Inner layer 6" (In6_Cu) isn't used (kibot - out_any_layer.py:197)
WARNING:(W143) This output depends on KiCad version, use `blender_export` instead (kibot - out_render_3d.py:307)
WARNING:(W143) This output depends on KiCad version, use `blender_export` instead (kibot - out_render_3d.py:307)
WARNING:(W143) For KiCad 9 use the `export_3d` output instead of `step` (kibot - out_step.py:55)
